Using pre-set license
Built from '2021.3/staging' branch; Version is '2021.3.19f1 (c9714fde33b6) revision 13201743'; Using compiler version '192829333'; Build Type 'Release'
OS: 'Windows 10  (10.0.19045) 64bit Professional' Language: 'tr' Physical Memory: 32604 MB
BatchMode: 1, IsHumanControllingUs: 0, StartBugReporterOnCrash: 0, Is64bit: 1, IsPro: 1

COMMAND LINE ARGUMENTS:
D:\editor\2021.3.19f1\Editor\Unity.exe
-adb2
-batchMode
-noUpm
-name
AssetImportWorker8
-projectPath
C:/Users/MehmetEmin/Desktop/bitirmedeneme/bitirme-projemiz
-logFile
Logs/AssetImportWorker8.log
-srvPort
56053
Successfully changed project path to: C:/Users/MehmetEmin/Desktop/bitirmedeneme/bitirme-projemiz
C:/Users/MehmetEmin/Desktop/bitirmedeneme/bitirme-projemiz
[UnityMemory] Configuration Parameters - Can be set up in boot.config
    "memorysetup-bucket-allocator-granularity=16"
    "memorysetup-bucket-allocator-bucket-count=8"
    "memorysetup-bucket-allocator-block-size=33554432"
    "memorysetup-bucket-allocator-block-count=8"
    "memorysetup-main-allocator-block-size=16777216"
    "memorysetup-thread-allocator-block-size=16777216"
    "memorysetup-gfx-main-allocator-block-size=16777216"
    "memorysetup-gfx-thread-allocator-block-size=16777216"
    "memorysetup-cache-allocator-block-size=4194304"
    "memorysetup-typetree-allocator-block-size=2097152"
    "memorysetup-profiler-bucket-allocator-granularity=16"
    "memorysetup-profiler-bucket-allocator-bucket-count=8"
    "memorysetup-profiler-bucket-allocator-block-size=33554432"
    "memorysetup-profiler-bucket-allocator-block-count=8"
    "memorysetup-profiler-allocator-block-size=16777216"
    "memorysetup-profiler-editor-allocator-block-size=1048576"
    "memorysetup-temp-allocator-size-main=16777216"
    "memorysetup-job-temp-allocator-block-size=2097152"
    "memorysetup-job-temp-allocator-block-size-background=1048576"
    "memorysetup-job-temp-allocator-reduction-small-platforms=262144"
    "memorysetup-temp-allocator-size-background-worker=32768"
    "memorysetup-temp-allocator-size-job-worker=262144"
    "memorysetup-temp-allocator-size-preload-manager=33554432"
    "memorysetup-temp-allocator-size-nav-mesh-worker=65536"
    "memorysetup-temp-allocator-size-audio-worker=65536"
    "memorysetup-temp-allocator-size-cloud-worker=32768"
    "memorysetup-temp-allocator-size-gi-baking-worker=262144"
    "memorysetup-temp-allocator-size-gfx=262144"
Player connection [8676] Host "[IP] 192.168.56.1 [Port] 0 [Flags] 2 [Guid] 568393040 [EditorId] 568393040 [Version] 1048832 [Id] WindowsEditor(7,Mehmet) [Debug] 1 [PackageName] WindowsEditor [ProjectName] Editor" joined multi-casting on [225.0.0.222:54997]...

Player connection [8676] Host "[IP] 192.168.56.1 [Port] 0 [Flags] 2 [Guid] 568393040 [EditorId] 568393040 [Version] 1048832 [Id] WindowsEditor(7,Mehmet) [Debug] 1 [PackageName] WindowsEditor [ProjectName] Editor" joined alternative multi-casting on [225.0.0.222:34997]...

Refreshing native plugins compatible for Editor in 119.53 ms, found 3 plugins.
Preloading 0 native plugins for Editor in 0.00 ms.
Initialize engine version: 2021.3.19f1 (c9714fde33b6)
[Subsystems] Discovering subsystems at path D:/editor/2021.3.19f1/Editor/Data/Resources/UnitySubsystems
[Subsystems] Discovering subsystems at path C:/Users/MehmetEmin/Desktop/bitirmedeneme/bitirme-projemiz/Assets
GfxDevice: creating device client; threaded=0; jobified=0
Direct3D:
    Version:  Direct3D 11.0 [level 11.1]
    Renderer: NVIDIA GeForce RTX 3060 Laptop GPU (ID=0x2520)
    Vendor:   NVIDIA
    VRAM:     6009 MB
    Driver:   31.0.15.3179
Shader 'WFX/Transparent Diffuse': fallback shader 'Particles/Alpha Blended' not found
Shader 'WFX/Transparent Specular': fallback shader 'Particles/Alpha Blended' not found
Initialize mono
Mono path[0] = 'D:/editor/2021.3.19f1/Editor/Data/Managed'
Mono path[1] = 'D:/editor/2021.3.19f1/Editor/Data/MonoBleedingEdge/lib/mono/unityjit-win32'
Mono config path = 'D:/editor/2021.3.19f1/Editor/Data/MonoBleedingEdge/etc'
Using monoOptions --debugger-agent=transport=dt_socket,embedding=1,server=y,suspend=n,address=127.0.0.1:56936
Begin MonoManager ReloadAssembly
Registering precompiled unity dll's ...
Register platform support module: D:/editor/2021.3.19f1/Editor/Data/PlaybackEngines/WebGLSupport/UnityEditor.WebGL.Extensions.dll
Register platform support module: D:/editor/2021.3.19f1/Editor/Data/PlaybackEngines/AndroidPlayer/UnityEditor.Android.Extensions.dll
Register platform support module: D:/editor/2021.3.19f1/Editor/Data/PlaybackEngines/iOSSupport/UnityEditor.iOS.Extensions.dll
Register platform support module: D:/editor/2021.3.19f1/Editor/Data/PlaybackEngines/WindowsStandaloneSupport/UnityEditor.WindowsStandalone.Extensions.dll
Register platform support module: D:/editor/2021.3.19f1/Editor/Data/PlaybackEngines/MetroSupport/UnityEditor.UWP.Extensions.dll
Registered in 0.003797 seconds.
Native extension for UWP target not found
Native extension for WindowsStandalone target not found
[usbmuxd] Start listen thread
[usbmuxd] Listen thread started
Native extension for iOS target not found
Native extension for Android target not found
Android Extension - Scanning For ADB Devices 239 ms
Native extension for WebGL target not found
Refreshing native plugins compatible for Editor in 94.08 ms, found 3 plugins.
Preloading 0 native plugins for Editor in 0.00 ms.
Mono: successfully reloaded assembly
- Completed reload, in  0.900 seconds
Domain Reload Profiling:
	ReloadAssembly (900ms)
		BeginReloadAssembly (65ms)
			ExecutionOrderSort (0ms)
			DisableScriptedObjects (0ms)
			BackupInstance (0ms)
			ReleaseScriptingObjects (0ms)
			CreateAndSetChildDomain (1ms)
		EndReloadAssembly (734ms)
			LoadAssemblies (65ms)
			RebuildTransferFunctionScriptingTraits (0ms)
			SetupTypeCache (128ms)
			ReleaseScriptCaches (0ms)
			RebuildScriptCaches (29ms)
			SetupLoadedEditorAssemblies (531ms)
				LogAssemblyErrors (0ms)
				InitializePlatformSupportModulesInManaged (307ms)
				SetLoadedEditorAssemblies (0ms)
				RefreshPlugins (94ms)
				BeforeProcessingInitializeOnLoad (1ms)
				ProcessInitializeOnLoadAttributes (88ms)
				ProcessInitializeOnLoadMethodAttributes (40ms)
				AfterProcessingInitializeOnLoad (0ms)
				EditorAssembliesLoaded (0ms)
			ExecutionOrderSort2 (0ms)
			AwakeInstancesAfterBackupRestoration (0ms)
Platform modules already initialized, skipping
Registering precompiled user dll's ...
Registered in 0.004917 seconds.
Begin MonoManager ReloadAssembly
Symbol file LoadedFromMemory doesn't match image C:\Users\MehmetEmin\Desktop\bitirmedeneme\bitirme-projemiz\Library\PackageCache\com.unity.visualscripting@1.8.0\Editor\VisualScripting.Core\Dependencies\YamlDotNet\Unity.VisualScripting.YamlDotNet.dll
Symbol file LoadedFromMemory doesn't match image C:\Users\MehmetEmin\Desktop\bitirmedeneme\bitirme-projemiz\Library\PackageCache\com.unity.visualscripting@1.8.0\Editor\VisualScripting.Core\Dependencies\DotNetZip\Unity.VisualScripting.IonicZip.dll
Native extension for UWP target not found
Native extension for WindowsStandalone target not found
Native extension for iOS target not found
Native extension for Android target not found
Native extension for WebGL target not found
Refreshing native plugins compatible for Editor in 0.79 ms, found 3 plugins.
Preloading 0 native plugins for Editor in 0.00 ms.
Mono: successfully reloaded assembly
- Completed reload, in  1.131 seconds
Domain Reload Profiling:
	ReloadAssembly (1131ms)
		BeginReloadAssembly (110ms)
			ExecutionOrderSort (0ms)
			DisableScriptedObjects (6ms)
			BackupInstance (0ms)
			ReleaseScriptingObjects (0ms)
			CreateAndSetChildDomain (25ms)
		EndReloadAssembly (909ms)
			LoadAssemblies (71ms)
			RebuildTransferFunctionScriptingTraits (0ms)
			SetupTypeCache (264ms)
			ReleaseScriptCaches (1ms)
			RebuildScriptCaches (49ms)
			SetupLoadedEditorAssemblies (484ms)
				LogAssemblyErrors (0ms)
				InitializePlatformSupportModulesInManaged (26ms)
				SetLoadedEditorAssemblies (0ms)
				RefreshPlugins (1ms)
				BeforeProcessingInitializeOnLoad (72ms)
				ProcessInitializeOnLoadAttributes (366ms)
				ProcessInitializeOnLoadMethodAttributes (16ms)
				AfterProcessingInitializeOnLoad (2ms)
				EditorAssembliesLoaded (0ms)
			ExecutionOrderSort2 (0ms)
			AwakeInstancesAfterBackupRestoration (6ms)
Platform modules already initialized, skipping
========================================================================
Worker process is ready to serve import requests
Shader 'WFX/Transparent Specular': fallback shader 'Particles/Alpha Blended' not found
Shader 'WFX/Transparent Diffuse': fallback shader 'Particles/Alpha Blended' not found
Launched and connected shader compiler UnityShaderCompiler.exe after 0.04 seconds
Refreshing native plugins compatible for Editor in 0.68 ms, found 3 plugins.
Preloading 0 native plugins for Editor in 0.00 ms.
Unloading 3155 Unused Serialized files (Serialized files now loaded: 0)
Unloading 22 unused Assets / (56.4 KB). Loaded Objects now: 3639.
Memory consumption went from 124.9 MB to 124.8 MB.
Total: 2.820000 ms (FindLiveObjects: 0.246500 ms CreateObjectMapping: 0.195900 ms MarkObjects: 2.308600 ms  DeleteObjects: 0.067900 ms)

AssetImportParameters requested are different than current active one (requested -> active):
  custom:video-decoder-ogg-theora: a1e56fd34408186e4bbccfd4996cb3dc -> 
  custom:container-muxer-webm: aa71ff27fc2769a1b78a27578f13a17b -> 
  custom:container-demuxer-webm: 4f35f7cbe854078d1ac9338744f61a02 -> 
  custom:video-encoder-webm-vp8: eb34c28f22e8b96e1ab97ce403110664 -> 
  custom:audio-encoder-webm-vorbis: bf7c407c2cedff20999df2af8eb42d56 -> 
  custom:framework-win-MediaFoundation: 216162199b28c13a410421893ffa2e32 -> 
  custom:container-demuxer-ogg: 62fdf1f143b41e24485cea50d1cbac27 -> 
  custom:video-decoder-webm-vp8: 9c59270c3fd7afecdb556c50c9e8de78 -> 
  custom:audio-decoder-ogg-vorbis: bf7c407c2cedff20999df2af8eb42d56 -> 
========================================================================
Received Import Request.
  Time since last request: 785205.598329 seconds.
  path: Assets/Models/Simple Vehicle Pack/Prefabs/Mobile/Taxi.prefab
  artifactKey: Guid(6f993fa0f8fc9f045888054c717741b4) Importer(815301076,1909f56bfc062723c751e8b465ee728b)
Start importing Assets/Models/Simple Vehicle Pack/Prefabs/Mobile/Taxi.prefab using Guid(6f993fa0f8fc9f045888054c717741b4) Importer(815301076,1909f56bfc062723c751e8b465ee728b)  -> (artifact id: '7c71c2f3b8ffbef6b8cb7de87a2bf1f3') in 0.126300 seconds 
========================================================================
Received Import Request.
  Time since last request: 148.732735 seconds.
  path: Assets/Models/LowPolyBarriersPackFree/BarriersAssets/Prefabs/ConcreteBarriers/ConcreteBarrier_39_v2.prefab
  artifactKey: Guid(70c48be8697ff6140812ee8d2eccd1ef) Importer(815301076,1909f56bfc062723c751e8b465ee728b)
Start importing Assets/Models/LowPolyBarriersPackFree/BarriersAssets/Prefabs/ConcreteBarriers/ConcreteBarrier_39_v2.prefab using Guid(70c48be8697ff6140812ee8d2eccd1ef) Importer(815301076,1909f56bfc062723c751e8b465ee728b)  -> (artifact id: '88fec0811537103cbf8a70f26033ddf6') in 0.020660 seconds 
========================================================================
Received Import Request.
  Time since last request: 5.385011 seconds.
  path: Assets/Models/LowPolyBarriersPackFree/BarriersAssets/Prefabs/SandBagBarriers/SandBagWall_04_v2.prefab
  artifactKey: Guid(54d8b5f898d226149905f2836c474e9b) Importer(815301076,1909f56bfc062723c751e8b465ee728b)
Start importing Assets/Models/LowPolyBarriersPackFree/BarriersAssets/Prefabs/SandBagBarriers/SandBagWall_04_v2.prefab using Guid(54d8b5f898d226149905f2836c474e9b) Importer(815301076,1909f56bfc062723c751e8b465ee728b)  -> (artifact id: 'a17ffe9c0d3bfa62812b4e25c8d74b49') in 0.022694 seconds 
========================================================================
Received Import Request.
  Time since last request: 37.054430 seconds.
  path: Assets/Models/LowPolyBarriersPackFree/BarriersAssets/Prefabs/WoodenBarriers/WoodenPlankBarrier_14_v1.prefab
  artifactKey: Guid(3318a0dcc90627d4394e56a36f632ee6) Importer(815301076,1909f56bfc062723c751e8b465ee728b)
Start importing Assets/Models/LowPolyBarriersPackFree/BarriersAssets/Prefabs/WoodenBarriers/WoodenPlankBarrier_14_v1.prefab using Guid(3318a0dcc90627d4394e56a36f632ee6) Importer(815301076,1909f56bfc062723c751e8b465ee728b)  -> (artifact id: '44394a9247e71c1792cace4d6fa8b261') in 0.023056 seconds 
========================================================================
Received Import Request.
  Time since last request: 216.011919 seconds.
  path: Assets/Models/Handpainted_Forest_pack/Models/Source/Fir_v1.png
  artifactKey: Guid(9c13a6618fe3ab949bb617e67f862135) Importer(815301076,1909f56bfc062723c751e8b465ee728b)
Start importing Assets/Models/Handpainted_Forest_pack/Models/Source/Fir_v1.png using Guid(9c13a6618fe3ab949bb617e67f862135) Importer(815301076,1909f56bfc062723c751e8b465ee728b)  -> (artifact id: '25c71bc9d1b38f767312723b7500b046') in 0.032374 seconds 
========================================================================
Received Import Request.
  Time since last request: 0.001789 seconds.
  path: Assets/Models/Handpainted_Forest_pack/Models/Source/Floor_Grass_v1_2.tga
  artifactKey: Guid(7be934018fb10d640ae99ae9bf7cbe7c) Importer(815301076,1909f56bfc062723c751e8b465ee728b)
Start importing Assets/Models/Handpainted_Forest_pack/Models/Source/Floor_Grass_v1_2.tga using Guid(7be934018fb10d640ae99ae9bf7cbe7c) Importer(815301076,1909f56bfc062723c751e8b465ee728b)  -> (artifact id: '2ef045df59c83dc5085be8f4ca7fe956') in 0.036492 seconds 
========================================================================
Received Import Request.
  Time since last request: 0.000020 seconds.
  path: Assets/Models/Handpainted_Forest_pack/Models/Source/Grass_v1_3.mat
  artifactKey: Guid(628ed950aa8383043806c5458764725f) Importer(815301076,1909f56bfc062723c751e8b465ee728b)
Start importing Assets/Models/Handpainted_Forest_pack/Models/Source/Grass_v1_3.mat using Guid(628ed950aa8383043806c5458764725f) Importer(815301076,1909f56bfc062723c751e8b465ee728b)  -> (artifact id: '1076e865cec4bdf5267ac17b49b5ff7d') in 0.054683 seconds 
========================================================================
Received Import Request.
  Time since last request: 0.000021 seconds.
  path: Assets/Models/Handpainted_Forest_pack/Models/Source/Grass_v1_2.mat
  artifactKey: Guid(541867319ef080d44b29c65a3c9d5b19) Importer(815301076,1909f56bfc062723c751e8b465ee728b)
Start importing Assets/Models/Handpainted_Forest_pack/Models/Source/Grass_v1_2.mat using Guid(541867319ef080d44b29c65a3c9d5b19) Importer(815301076,1909f56bfc062723c751e8b465ee728b)  -> (artifact id: '61f96b5641199bd4d061d1b5db810428') in 0.028958 seconds 
========================================================================
Received Import Request.
  Time since last request: 0.000042 seconds.
  path: Assets/Models/Handpainted_Forest_pack/Models/Source/Grass_v1_3.png
  artifactKey: Guid(23bd24c4031467f4ebfa37ecc611053b) Importer(815301076,1909f56bfc062723c751e8b465ee728b)
Start importing Assets/Models/Handpainted_Forest_pack/Models/Source/Grass_v1_3.png using Guid(23bd24c4031467f4ebfa37ecc611053b) Importer(815301076,1909f56bfc062723c751e8b465ee728b)  -> (artifact id: '5288e26bbc90d2f9d49159d2c6853b50') in 0.016405 seconds 
========================================================================
Received Import Request.
  Time since last request: 0.000029 seconds.
  path: Assets/Models/Handpainted_Forest_pack/Models/Source/Floor_Grass_v1_1.tga
  artifactKey: Guid(3a203929128f91f46be823db0be54d30) Importer(815301076,1909f56bfc062723c751e8b465ee728b)
Start importing Assets/Models/Handpainted_Forest_pack/Models/Source/Floor_Grass_v1_1.tga using Guid(3a203929128f91f46be823db0be54d30) Importer(815301076,1909f56bfc062723c751e8b465ee728b)  -> (artifact id: '611a9f0f524fd59020ac7d3c89fb83ac') in 0.027153 seconds 
========================================================================
Received Import Request.
  Time since last request: 0.000048 seconds.
  path: Assets/Models/Handpainted_Forest_pack/Models/Source/Floor_Grass_v1_1.mat
  artifactKey: Guid(ff877304ec6ab8d4ba4c9b6a346c5775) Importer(815301076,1909f56bfc062723c751e8b465ee728b)
Start importing Assets/Models/Handpainted_Forest_pack/Models/Source/Floor_Grass_v1_1.mat using Guid(ff877304ec6ab8d4ba4c9b6a346c5775) Importer(815301076,1909f56bfc062723c751e8b465ee728b)  -> (artifact id: '641e9afc1885800fee356a564f9f9b70') in 0.026381 seconds 
========================================================================
Received Import Request.
  Time since last request: 0.000017 seconds.
  path: Assets/Models/Handpainted_Forest_pack/Models/Source/Grass_v1_1.mat
  artifactKey: Guid(1523a0f878da8e44aa9166a0a9553429) Importer(815301076,1909f56bfc062723c751e8b465ee728b)
Start importing Assets/Models/Handpainted_Forest_pack/Models/Source/Grass_v1_1.mat using Guid(1523a0f878da8e44aa9166a0a9553429) Importer(815301076,1909f56bfc062723c751e8b465ee728b)  -> (artifact id: 'f11201850809a1a5fca3cca5c36f907b') in 0.022729 seconds 
========================================================================
Received Import Request.
  Time since last request: 0.000017 seconds.
  path: Assets/Models/Handpainted_Forest_pack/Models/Source/Grass_v1_2.png
  artifactKey: Guid(8d4abee17d6b77d47b140f7df6ea81af) Importer(815301076,1909f56bfc062723c751e8b465ee728b)
Start importing Assets/Models/Handpainted_Forest_pack/Models/Source/Grass_v1_2.png using Guid(8d4abee17d6b77d47b140f7df6ea81af) Importer(815301076,1909f56bfc062723c751e8b465ee728b)  -> (artifact id: '7ec677fc4565f2e742eb55a66bb45a3f') in 0.015981 seconds 
Editor requested this worker to shutdown with reason: Scaling down because of idle timeout
AssetImportWorker is now disconnected from the server
Process exiting
Exiting without the bug reporter. Application will terminate with return code 0