Using pre-set license
Built from '2021.3/staging' branch; Version is '2021.3.19f1 (c9714fde33b6) revision 13201743'; Using compiler version '192829333'; Build Type 'Release'
OS: 'Windows 11  (10.0.22621) 64bit Professional' Language: 'tr' Physical Memory: 8044 MB
BatchMode: 1, IsHumanControllingUs: 0, StartBugReporterOnCrash: 0, Is64bit: 1, IsPro: 1

COMMAND LINE ARGUMENTS:
C:\Program Files\Unity\Hub\Editor\2021.3.19f1\Editor\Unity.exe
-adb2
-batchMode
-noUpm
-name
AssetImportWorker3
-projectPath
C:/Users/Teoman/Desktop/Bitirme-Proje/bitirme-projemiz
-logFile
Logs/AssetImportWorker3.log
-srvPort
58546
Successfully changed project path to: C:/Users/Teoman/Desktop/Bitirme-Proje/bitirme-projemiz
C:/Users/Teoman/Desktop/Bitirme-Proje/bitirme-projemiz
[UnityMemory] Configuration Parameters - Can be set up in boot.config
    "memorysetup-bucket-allocator-granularity=16"
    "memorysetup-bucket-allocator-bucket-count=8"
    "memorysetup-bucket-allocator-block-size=33554432"
    "memorysetup-bucket-allocator-block-count=8"
    "memorysetup-main-allocator-block-size=16777216"
    "memorysetup-thread-allocator-block-size=16777216"
    "memorysetup-gfx-main-allocator-block-size=16777216"
    "memorysetup-gfx-thread-allocator-block-size=16777216"
    "memorysetup-cache-allocator-block-size=4194304"
    "memorysetup-typetree-allocator-block-size=2097152"
    "memorysetup-profiler-bucket-allocator-granularity=16"
    "memorysetup-profiler-bucket-allocator-bucket-count=8"
    "memorysetup-profiler-bucket-allocator-block-size=33554432"
    "memorysetup-profiler-bucket-allocator-block-count=8"
    "memorysetup-profiler-allocator-block-size=16777216"
    "memorysetup-profiler-editor-allocator-block-size=1048576"
    "memorysetup-temp-allocator-size-main=16777216"
    "memorysetup-job-temp-allocator-block-size=2097152"
    "memorysetup-job-temp-allocator-block-size-background=1048576"
    "memorysetup-job-temp-allocator-reduction-small-platforms=262144"
    "memorysetup-temp-allocator-size-background-worker=32768"
    "memorysetup-temp-allocator-size-job-worker=262144"
    "memorysetup-temp-allocator-size-preload-manager=33554432"
    "memorysetup-temp-allocator-size-nav-mesh-worker=65536"
    "memorysetup-temp-allocator-size-audio-worker=65536"
    "memorysetup-temp-allocator-size-cloud-worker=32768"
    "memorysetup-temp-allocator-size-gi-baking-worker=262144"
    "memorysetup-temp-allocator-size-gfx=262144"
Player connection [21608] Host "[IP] 192.168.1.44 [Port] 0 [Flags] 2 [Guid] 2107937961 [EditorId] 2107937961 [Version] 1048832 [Id] WindowsEditor(7,DESKTOP-BNMN6L8) [Debug] 1 [PackageName] WindowsEditor [ProjectName] Editor" joined multi-casting on [225.0.0.222:54997]...

Player connection [21608] Host "[IP] 192.168.1.44 [Port] 0 [Flags] 2 [Guid] 2107937961 [EditorId] 2107937961 [Version] 1048832 [Id] WindowsEditor(7,DESKTOP-BNMN6L8) [Debug] 1 [PackageName] WindowsEditor [ProjectName] Editor" joined alternative multi-casting on [225.0.0.222:34997]...

Refreshing native plugins compatible for Editor in 232.53 ms, found 3 plugins.
Preloading 0 native plugins for Editor in 0.00 ms.
Initialize engine version: 2021.3.19f1 (c9714fde33b6)
[Subsystems] Discovering subsystems at path C:/Program Files/Unity/Hub/Editor/2021.3.19f1/Editor/Data/Resources/UnitySubsystems
[Subsystems] Discovering subsystems at path C:/Users/Teoman/Desktop/Bitirme-Proje/bitirme-projemiz/Assets
GfxDevice: creating device client; threaded=0; jobified=0
Direct3D:
    Version:  Direct3D 11.0 [level 11.1]
    Renderer: NVIDIA GeForce GTX 1650 (ID=0x1f91)
    Vendor:   NVIDIA
    VRAM:     3952 MB
    Driver:   31.0.15.3179
Shader 'WFX/Transparent Diffuse': fallback shader 'Particles/Alpha Blended' not found
Shader 'WFX/Transparent Specular': fallback shader 'Particles/Alpha Blended' not found
Initialize mono
Mono path[0] = 'C:/Program Files/Unity/Hub/Editor/2021.3.19f1/Editor/Data/Managed'
Mono path[1] = 'C:/Program Files/Unity/Hub/Editor/2021.3.19f1/Editor/Data/MonoBleedingEdge/lib/mono/unityjit-win32'
Mono config path = 'C:/Program Files/Unity/Hub/Editor/2021.3.19f1/Editor/Data/MonoBleedingEdge/etc'
Using monoOptions --debugger-agent=transport=dt_socket,embedding=1,server=y,suspend=n,address=127.0.0.1:56088
Begin MonoManager ReloadAssembly
Registering precompiled unity dll's ...
Register platform support module: C:/Program Files/Unity/Hub/Editor/2021.3.19f1/Editor/Data/PlaybackEngines/AndroidPlayer/UnityEditor.Android.Extensions.dll
Register platform support module: C:/Program Files/Unity/Hub/Editor/2021.3.19f1/Editor/Data/PlaybackEngines/WindowsStandaloneSupport/UnityEditor.WindowsStandalone.Extensions.dll
Registered in 0.012557 seconds.
Native extension for WindowsStandalone target not found
Native extension for Android target not found
Android Extension - Scanning For ADB Devices 927 ms
Refreshing native plugins compatible for Editor in 240.61 ms, found 3 plugins.
Preloading 0 native plugins for Editor in 0.00 ms.
Mono: successfully reloaded assembly
- Completed reload, in  3.178 seconds
Domain Reload Profiling:
	ReloadAssembly (3179ms)
		BeginReloadAssembly (283ms)
			ExecutionOrderSort (0ms)
			DisableScriptedObjects (0ms)
			BackupInstance (0ms)
			ReleaseScriptingObjects (0ms)
			CreateAndSetChildDomain (1ms)
		EndReloadAssembly (2536ms)
			LoadAssemblies (282ms)
			RebuildTransferFunctionScriptingTraits (0ms)
			SetupTypeCache (393ms)
			ReleaseScriptCaches (0ms)
			RebuildScriptCaches (95ms)
			SetupLoadedEditorAssemblies (1882ms)
				LogAssemblyErrors (0ms)
				InitializePlatformSupportModulesInManaged (1129ms)
				SetLoadedEditorAssemblies (1ms)
				RefreshPlugins (241ms)
				BeforeProcessingInitializeOnLoad (3ms)
				ProcessInitializeOnLoadAttributes (333ms)
				ProcessInitializeOnLoadMethodAttributes (177ms)
				AfterProcessingInitializeOnLoad (0ms)
				EditorAssembliesLoaded (0ms)
			ExecutionOrderSort2 (0ms)
			AwakeInstancesAfterBackupRestoration (0ms)
Platform modules already initialized, skipping
Registering precompiled user dll's ...
Registered in 0.007557 seconds.
Begin MonoManager ReloadAssembly
Symbol file LoadedFromMemory doesn't match image C:\Users\Teoman\Desktop\Bitirme-Proje\bitirme-projemiz\Library\PackageCache\com.unity.visualscripting@1.8.0\Editor\VisualScripting.Core\Dependencies\YamlDotNet\Unity.VisualScripting.YamlDotNet.dll
Symbol file LoadedFromMemory doesn't match image C:\Users\Teoman\Desktop\Bitirme-Proje\bitirme-projemiz\Library\PackageCache\com.unity.visualscripting@1.8.0\Editor\VisualScripting.Core\Dependencies\DotNetZip\Unity.VisualScripting.IonicZip.dll
Native extension for WindowsStandalone target not found
Native extension for Android target not found
Refreshing native plugins compatible for Editor in 2.30 ms, found 3 plugins.
Preloading 0 native plugins for Editor in 0.00 ms.
Mono: successfully reloaded assembly
- Completed reload, in  2.225 seconds
Domain Reload Profiling:
	ReloadAssembly (2226ms)
		BeginReloadAssembly (210ms)
			ExecutionOrderSort (0ms)
			DisableScriptedObjects (7ms)
			BackupInstance (0ms)
			ReleaseScriptingObjects (0ms)
			CreateAndSetChildDomain (27ms)
		EndReloadAssembly (1793ms)
			LoadAssemblies (273ms)
			RebuildTransferFunctionScriptingTraits (0ms)
			SetupTypeCache (543ms)
			ReleaseScriptCaches (1ms)
			RebuildScriptCaches (130ms)
			SetupLoadedEditorAssemblies (785ms)
				LogAssemblyErrors (0ms)
				InitializePlatformSupportModulesInManaged (35ms)
				SetLoadedEditorAssemblies (1ms)
				RefreshPlugins (2ms)
				BeforeProcessingInitializeOnLoad (137ms)
				ProcessInitializeOnLoadAttributes (532ms)
				ProcessInitializeOnLoadMethodAttributes (63ms)
				AfterProcessingInitializeOnLoad (14ms)
				EditorAssembliesLoaded (0ms)
			ExecutionOrderSort2 (0ms)
			AwakeInstancesAfterBackupRestoration (18ms)
Platform modules already initialized, skipping
========================================================================
Worker process is ready to serve import requests
Shader 'WFX/Transparent Specular': fallback shader 'Particles/Alpha Blended' not found
Shader 'WFX/Transparent Diffuse': fallback shader 'Particles/Alpha Blended' not found
Launched and connected shader compiler UnityShaderCompiler.exe after 0.13 seconds
Refreshing native plugins compatible for Editor in 1.01 ms, found 3 plugins.
Preloading 0 native plugins for Editor in 0.00 ms.
Unloading 3119 Unused Serialized files (Serialized files now loaded: 0)
Unloading 22 unused Assets / (56.4 KB). Loaded Objects now: 3603.
Memory consumption went from 123.5 MB to 123.5 MB.
Total: 5.679400 ms (FindLiveObjects: 0.701600 ms CreateObjectMapping: 0.519500 ms MarkObjects: 4.292100 ms  DeleteObjects: 0.162800 ms)

AssetImportParameters requested are different than current active one (requested -> active):
  custom:video-decoder-ogg-theora: a1e56fd34408186e4bbccfd4996cb3dc -> 
  custom:container-muxer-webm: aa71ff27fc2769a1b78a27578f13a17b -> 
  custom:container-demuxer-webm: 4f35f7cbe854078d1ac9338744f61a02 -> 
  custom:video-encoder-webm-vp8: eb34c28f22e8b96e1ab97ce403110664 -> 
  custom:audio-encoder-webm-vorbis: bf7c407c2cedff20999df2af8eb42d56 -> 
  custom:framework-win-MediaFoundation: 216162199b28c13a410421893ffa2e32 -> 
  custom:container-demuxer-ogg: 62fdf1f143b41e24485cea50d1cbac27 -> 
  custom:video-decoder-webm-vp8: 9c59270c3fd7afecdb556c50c9e8de78 -> 
  custom:audio-decoder-ogg-vorbis: bf7c407c2cedff20999df2af8eb42d56 -> 
========================================================================
Received Prepare
Registering precompiled user dll's ...
Registered in 0.007594 seconds.
Begin MonoManager ReloadAssembly
Symbol file LoadedFromMemory doesn't match image C:\Users\Teoman\Desktop\Bitirme-Proje\bitirme-projemiz\Library\PackageCache\com.unity.visualscripting@1.8.0\Editor\VisualScripting.Core\Dependencies\YamlDotNet\Unity.VisualScripting.YamlDotNet.dll
Symbol file LoadedFromMemory doesn't match image C:\Users\Teoman\Desktop\Bitirme-Proje\bitirme-projemiz\Library\PackageCache\com.unity.visualscripting@1.8.0\Editor\VisualScripting.Core\Dependencies\DotNetZip\Unity.VisualScripting.IonicZip.dll
Native extension for WindowsStandalone target not found
Native extension for Android target not found
Refreshing native plugins compatible for Editor in 1.95 ms, found 3 plugins.
Preloading 0 native plugins for Editor in 0.00 ms.
Mono: successfully reloaded assembly
- Completed reload, in  1.696 seconds
Domain Reload Profiling:
	ReloadAssembly (1697ms)
		BeginReloadAssembly (200ms)
			ExecutionOrderSort (0ms)
			DisableScriptedObjects (9ms)
			BackupInstance (0ms)
			ReleaseScriptingObjects (0ms)
			CreateAndSetChildDomain (48ms)
		EndReloadAssembly (1330ms)
			LoadAssemblies (136ms)
			RebuildTransferFunctionScriptingTraits (0ms)
			SetupTypeCache (464ms)
			ReleaseScriptCaches (1ms)
			RebuildScriptCaches (74ms)
			SetupLoadedEditorAssemblies (566ms)
				LogAssemblyErrors (0ms)
				InitializePlatformSupportModulesInManaged (44ms)
				SetLoadedEditorAssemblies (1ms)
				RefreshPlugins (2ms)
				BeforeProcessingInitializeOnLoad (110ms)
				ProcessInitializeOnLoadAttributes (368ms)
				ProcessInitializeOnLoadMethodAttributes (32ms)
				AfterProcessingInitializeOnLoad (9ms)
				EditorAssembliesLoaded (0ms)
			ExecutionOrderSort2 (0ms)
			AwakeInstancesAfterBackupRestoration (13ms)
Platform modules already initialized, skipping
Shader 'WFX/Transparent Specular': fallback shader 'Particles/Alpha Blended' not found
Shader 'WFX/Transparent Diffuse': fallback shader 'Particles/Alpha Blended' not found
Refreshing native plugins compatible for Editor in 3.32 ms, found 3 plugins.
Preloading 0 native plugins for Editor in 0.00 ms.
Unloading 3086 Unused Serialized files (Serialized files now loaded: 0)
Unloading 15 unused Assets / (24.7 KB). Loaded Objects now: 3606.
Memory consumption went from 120.4 MB to 120.4 MB.
Total: 7.310600 ms (FindLiveObjects: 0.513300 ms CreateObjectMapping: 0.411100 ms MarkObjects: 6.293600 ms  DeleteObjects: 0.090000 ms)

AssetImportParameters requested are different than current active one (requested -> active):
  custom:video-decoder-ogg-theora: a1e56fd34408186e4bbccfd4996cb3dc -> 
  custom:container-muxer-webm: aa71ff27fc2769a1b78a27578f13a17b -> 
  custom:container-demuxer-webm: 4f35f7cbe854078d1ac9338744f61a02 -> 
  custom:video-encoder-webm-vp8: eb34c28f22e8b96e1ab97ce403110664 -> 
  custom:audio-encoder-webm-vorbis: bf7c407c2cedff20999df2af8eb42d56 -> 
  custom:framework-win-MediaFoundation: 216162199b28c13a410421893ffa2e32 -> 
  custom:container-demuxer-ogg: 62fdf1f143b41e24485cea50d1cbac27 -> 
  custom:video-decoder-webm-vp8: 9c59270c3fd7afecdb556c50c9e8de78 -> 
  custom:audio-decoder-ogg-vorbis: bf7c407c2cedff20999df2af8eb42d56 -> 
========================================================================
Received Prepare
Registering precompiled user dll's ...
Registered in 0.007066 seconds.
Begin MonoManager ReloadAssembly
Symbol file LoadedFromMemory doesn't match image C:\Users\Teoman\Desktop\Bitirme-Proje\bitirme-projemiz\Library\PackageCache\com.unity.visualscripting@1.8.0\Editor\VisualScripting.Core\Dependencies\YamlDotNet\Unity.VisualScripting.YamlDotNet.dll
Symbol file LoadedFromMemory doesn't match image C:\Users\Teoman\Desktop\Bitirme-Proje\bitirme-projemiz\Library\PackageCache\com.unity.visualscripting@1.8.0\Editor\VisualScripting.Core\Dependencies\DotNetZip\Unity.VisualScripting.IonicZip.dll
Native extension for WindowsStandalone target not found
Native extension for Android target not found
Refreshing native plugins compatible for Editor in 1.84 ms, found 3 plugins.
Preloading 0 native plugins for Editor in 0.00 ms.
Mono: successfully reloaded assembly
- Completed reload, in  1.501 seconds
Domain Reload Profiling:
	ReloadAssembly (1502ms)
		BeginReloadAssembly (164ms)
			ExecutionOrderSort (0ms)
			DisableScriptedObjects (7ms)
			BackupInstance (0ms)
			ReleaseScriptingObjects (0ms)
			CreateAndSetChildDomain (49ms)
		EndReloadAssembly (1195ms)
			LoadAssemblies (106ms)
			RebuildTransferFunctionScriptingTraits (0ms)
			SetupTypeCache (364ms)
			ReleaseScriptCaches (1ms)
			RebuildScriptCaches (52ms)
			SetupLoadedEditorAssemblies (581ms)
				LogAssemblyErrors (0ms)
				InitializePlatformSupportModulesInManaged (44ms)
				SetLoadedEditorAssemblies (1ms)
				RefreshPlugins (2ms)
				BeforeProcessingInitializeOnLoad (104ms)
				ProcessInitializeOnLoadAttributes (371ms)
				ProcessInitializeOnLoadMethodAttributes (47ms)
				AfterProcessingInitializeOnLoad (11ms)
				EditorAssembliesLoaded (0ms)
			ExecutionOrderSort2 (0ms)
			AwakeInstancesAfterBackupRestoration (13ms)
Platform modules already initialized, skipping
Shader 'WFX/Transparent Specular': fallback shader 'Particles/Alpha Blended' not found
Shader 'WFX/Transparent Diffuse': fallback shader 'Particles/Alpha Blended' not found
Refreshing native plugins compatible for Editor in 2.63 ms, found 3 plugins.
Preloading 0 native plugins for Editor in 0.00 ms.
Unloading 3086 Unused Serialized files (Serialized files now loaded: 0)
Unloading 15 unused Assets / (24.7 KB). Loaded Objects now: 3609.
Memory consumption went from 120.1 MB to 120.1 MB.
Total: 4.109000 ms (FindLiveObjects: 0.322500 ms CreateObjectMapping: 0.215600 ms MarkObjects: 3.524000 ms  DeleteObjects: 0.045500 ms)

AssetImportParameters requested are different than current active one (requested -> active):
  custom:video-decoder-ogg-theora: a1e56fd34408186e4bbccfd4996cb3dc -> 
  custom:container-muxer-webm: aa71ff27fc2769a1b78a27578f13a17b -> 
  custom:container-demuxer-webm: 4f35f7cbe854078d1ac9338744f61a02 -> 
  custom:video-encoder-webm-vp8: eb34c28f22e8b96e1ab97ce403110664 -> 
  custom:audio-encoder-webm-vorbis: bf7c407c2cedff20999df2af8eb42d56 -> 
  custom:framework-win-MediaFoundation: 216162199b28c13a410421893ffa2e32 -> 
  custom:container-demuxer-ogg: 62fdf1f143b41e24485cea50d1cbac27 -> 
  custom:video-decoder-webm-vp8: 9c59270c3fd7afecdb556c50c9e8de78 -> 
  custom:audio-decoder-ogg-vorbis: bf7c407c2cedff20999df2af8eb42d56 -> 
========================================================================
Received Import Request.
  Time since last request: 319939.968596 seconds.
  path: Assets/Models/Poly City - Free Cartoon Pack/Materials/NatureMaterial.mat
  artifactKey: Guid(0e1d75789e4e6634e9ceec142ef2a4e1) Importer(815301076,1909f56bfc062723c751e8b465ee728b)
Start importing Assets/Models/Poly City - Free Cartoon Pack/Materials/NatureMaterial.mat using Guid(0e1d75789e4e6634e9ceec142ef2a4e1) Importer(815301076,1909f56bfc062723c751e8b465ee728b)  -> (artifact id: 'c7220aae15b17b7e1d41f03a2a2b99c0') in 0.219674 seconds 
========================================================================
Received Import Request.
  Time since last request: 0.000035 seconds.
  path: Assets/Models/Poly City - Free Cartoon Pack/Materials/Plane.mat
  artifactKey: Guid(7960367e7c625474b88037cdb7d6f9d7) Importer(815301076,1909f56bfc062723c751e8b465ee728b)
Start importing Assets/Models/Poly City - Free Cartoon Pack/Materials/Plane.mat using Guid(7960367e7c625474b88037cdb7d6f9d7) Importer(815301076,1909f56bfc062723c751e8b465ee728b)  -> (artifact id: 'fa8618610a6dd0156f74177db6722b24') in 0.024186 seconds 
========================================================================
Received Import Request.
  Time since last request: 117.246319 seconds.
  path: Assets/prefabs/karakterprefab.prefab
  artifactKey: Guid(518e352875011c343b3420f086418dbb) Importer(815301076,1909f56bfc062723c751e8b465ee728b)
Start importing Assets/prefabs/karakterprefab.prefab using Guid(518e352875011c343b3420f086418dbb) Importer(815301076,1909f56bfc062723c751e8b465ee728b)  -> (artifact id: '016b480808770b438816df34b79be6ed') in 0.142902 seconds 
========================================================================
Received Import Request.
  Time since last request: 0.000126 seconds.
  path: Assets/prefabs/zombidusman 1.prefab
  artifactKey: Guid(37b41edef1f134a4097ce9e338ad1fc8) Importer(815301076,1909f56bfc062723c751e8b465ee728b)
Start importing Assets/prefabs/zombidusman 1.prefab using Guid(37b41edef1f134a4097ce9e338ad1fc8) Importer(815301076,1909f56bfc062723c751e8b465ee728b)  -> (artifact id: '5dca924d09c347033ded02acb4d3a694') in 0.349788 seconds 
========================================================================
Received Import Request.
  Time since last request: 47.027067 seconds.
  path: Assets/Models/Downtown Game Studio/Nature Pack - Low Polly Trees & Bushes/Prefabs/Floor 2.prefab
  artifactKey: Guid(6f46e1a4008d02f44b604a3be2a12441) Importer(815301076,1909f56bfc062723c751e8b465ee728b)
Start importing Assets/Models/Downtown Game Studio/Nature Pack - Low Polly Trees & Bushes/Prefabs/Floor 2.prefab using Guid(6f46e1a4008d02f44b604a3be2a12441) Importer(815301076,1909f56bfc062723c751e8b465ee728b)  -> (artifact id: 'f859e958c628d1754e4928f8ef43d7e8') in 0.076591 seconds 
========================================================================
Received Import Request.
  Time since last request: 0.008072 seconds.
  path: Assets/Models/Downtown Game Studio/Nature Pack - Low Polly Trees & Bushes/Prefabs/Log 2.prefab
  artifactKey: Guid(406ca595d3f7dc849b6d4fcebdc060e8) Importer(815301076,1909f56bfc062723c751e8b465ee728b)
Start importing Assets/Models/Downtown Game Studio/Nature Pack - Low Polly Trees & Bushes/Prefabs/Log 2.prefab using Guid(406ca595d3f7dc849b6d4fcebdc060e8) Importer(815301076,1909f56bfc062723c751e8b465ee728b)  -> (artifact id: '74a63c738aa269b36bf42623b2a0814e') in 0.038326 seconds 
========================================================================
Received Import Request.
  Time since last request: 0.000054 seconds.
  path: Assets/Models/Downtown Game Studio/Nature Pack - Low Polly Trees & Bushes/Prefabs/Potted Plant 6.prefab
  artifactKey: Guid(535f7485ff0b12241827da63c536c0e2) Importer(815301076,1909f56bfc062723c751e8b465ee728b)
Start importing Assets/Models/Downtown Game Studio/Nature Pack - Low Polly Trees & Bushes/Prefabs/Potted Plant 6.prefab using Guid(535f7485ff0b12241827da63c536c0e2) Importer(815301076,1909f56bfc062723c751e8b465ee728b)  -> (artifact id: 'c3dcfab2f232ec9c1181fc29fc7d31e0') in 0.039814 seconds 
========================================================================
Received Import Request.
  Time since last request: 0.000062 seconds.
  path: Assets/Models/Downtown Game Studio/Nature Pack - Low Polly Trees & Bushes/Prefabs/Street Tree 3.prefab
  artifactKey: Guid(dd8c145e62469574c8988c6d5ce0db70) Importer(815301076,1909f56bfc062723c751e8b465ee728b)
Start importing Assets/Models/Downtown Game Studio/Nature Pack - Low Polly Trees & Bushes/Prefabs/Street Tree 3.prefab using Guid(dd8c145e62469574c8988c6d5ce0db70) Importer(815301076,1909f56bfc062723c751e8b465ee728b)  -> (artifact id: '343bc438f2052983ecf843a774d2dcb3') in 0.029744 seconds 
========================================================================
Received Import Request.
  Time since last request: 0.000040 seconds.
  path: Assets/Models/Downtown Game Studio/Nature Pack - Low Polly Trees & Bushes/Prefabs/tree 11.prefab
  artifactKey: Guid(0f436f11e5f6a4746ad0ef93dc760583) Importer(815301076,1909f56bfc062723c751e8b465ee728b)
Start importing Assets/Models/Downtown Game Studio/Nature Pack - Low Polly Trees & Bushes/Prefabs/tree 11.prefab using Guid(0f436f11e5f6a4746ad0ef93dc760583) Importer(815301076,1909f56bfc062723c751e8b465ee728b)  -> (artifact id: '8a046664365b59175495f65c7edbd0ad') in 0.060992 seconds 
========================================================================
Received Import Request.
  Time since last request: 0.000030 seconds.
  path: Assets/Models/Downtown Game Studio/Nature Pack - Low Polly Trees & Bushes/Prefabs/tree 12.prefab
  artifactKey: Guid(60276e840f2409647a7d366606f55005) Importer(815301076,1909f56bfc062723c751e8b465ee728b)
Start importing Assets/Models/Downtown Game Studio/Nature Pack - Low Polly Trees & Bushes/Prefabs/tree 12.prefab using Guid(60276e840f2409647a7d366606f55005) Importer(815301076,1909f56bfc062723c751e8b465ee728b)  -> (artifact id: '65af0dfc3a2ba3af19a510b075ca4fcc') in 0.050437 seconds 
========================================================================
Received Import Request.
  Time since last request: 0.000025 seconds.
  path: Assets/Models/Downtown Game Studio/Nature Pack - Low Polly Trees & Bushes/Prefabs/tree 6.prefab
  artifactKey: Guid(c00575bbb9efcd740b13a035ce795a13) Importer(815301076,1909f56bfc062723c751e8b465ee728b)
Start importing Assets/Models/Downtown Game Studio/Nature Pack - Low Polly Trees & Bushes/Prefabs/tree 6.prefab using Guid(c00575bbb9efcd740b13a035ce795a13) Importer(815301076,1909f56bfc062723c751e8b465ee728b)  -> (artifact id: '0b4aca8910492eadc51e5f0697e5ece2') in 0.052989 seconds 
========================================================================
Received Import Request.
  Time since last request: 0.000050 seconds.
  path: Assets/Models/Downtown Game Studio/Nature Pack - Low Polly Trees & Bushes/Prefabs/tree 1.prefab
  artifactKey: Guid(1e4f49afacfb1774db32a9b1f2e72e4a) Importer(815301076,1909f56bfc062723c751e8b465ee728b)
Start importing Assets/Models/Downtown Game Studio/Nature Pack - Low Polly Trees & Bushes/Prefabs/tree 1.prefab using Guid(1e4f49afacfb1774db32a9b1f2e72e4a) Importer(815301076,1909f56bfc062723c751e8b465ee728b)  -> (artifact id: '22a6a4ff10ed764acdcfce66e9dad730') in 0.052998 seconds 
========================================================================
Received Import Request.
  Time since last request: 0.000051 seconds.
  path: Assets/Models/Downtown Game Studio/Nature Pack - Low Polly Trees & Bushes/Prefabs/Log 1.prefab
  artifactKey: Guid(4d905b5f2664cf64b9a4c072f1b286f6) Importer(815301076,1909f56bfc062723c751e8b465ee728b)
Start importing Assets/Models/Downtown Game Studio/Nature Pack - Low Polly Trees & Bushes/Prefabs/Log 1.prefab using Guid(4d905b5f2664cf64b9a4c072f1b286f6) Importer(815301076,1909f56bfc062723c751e8b465ee728b)  -> (artifact id: '412320fe376bbdf6411fc332a8ce0128') in 0.042925 seconds 
========================================================================
Received Import Request.
  Time since last request: 0.000026 seconds.
  path: Assets/Models/Downtown Game Studio/Nature Pack - Low Polly Trees & Bushes/Prefabs/Street Tree 5.prefab
  artifactKey: Guid(4df9e670bb3c36b4b81387e859e93d4a) Importer(815301076,1909f56bfc062723c751e8b465ee728b)
Start importing Assets/Models/Downtown Game Studio/Nature Pack - Low Polly Trees & Bushes/Prefabs/Street Tree 5.prefab using Guid(4df9e670bb3c36b4b81387e859e93d4a) Importer(815301076,1909f56bfc062723c751e8b465ee728b)  -> (artifact id: '4f18c4a0118b47b178a9fcc08d4eb4e0') in 0.039138 seconds 
========================================================================
Received Import Request.
  Time since last request: 0.000029 seconds.
  path: Assets/Models/Downtown Game Studio/Nature Pack - Low Polly Trees & Bushes/Prefabs/tree 4.prefab
  artifactKey: Guid(c040ab9b6f143dc419e9278a27bcad9b) Importer(815301076,1909f56bfc062723c751e8b465ee728b)
Start importing Assets/Models/Downtown Game Studio/Nature Pack - Low Polly Trees & Bushes/Prefabs/tree 4.prefab using Guid(c040ab9b6f143dc419e9278a27bcad9b) Importer(815301076,1909f56bfc062723c751e8b465ee728b)  -> (artifact id: '522644d8547738e81b318eff40ea897e') in 0.038733 seconds 
========================================================================
Received Import Request.
  Time since last request: 0.000043 seconds.
  path: Assets/Models/Downtown Game Studio/Nature Pack - Low Polly Trees & Bushes/Prefabs/Potted Plant 5.prefab
  artifactKey: Guid(35d91982422de864eafebd29f7b4e4f8) Importer(815301076,1909f56bfc062723c751e8b465ee728b)
Start importing Assets/Models/Downtown Game Studio/Nature Pack - Low Polly Trees & Bushes/Prefabs/Potted Plant 5.prefab using Guid(35d91982422de864eafebd29f7b4e4f8) Importer(815301076,1909f56bfc062723c751e8b465ee728b)  -> (artifact id: '729ec03ad85169d3c6babf5696b0b30a') in 0.055865 seconds 
========================================================================
Received Import Request.
  Time since last request: 0.000069 seconds.
  path: Assets/Models/Downtown Game Studio/Nature Pack - Low Polly Trees & Bushes/Prefabs/Potted Plant 4.prefab
  artifactKey: Guid(44deed2dab496bb4c853e5a63d0ef533) Importer(815301076,1909f56bfc062723c751e8b465ee728b)
Start importing Assets/Models/Downtown Game Studio/Nature Pack - Low Polly Trees & Bushes/Prefabs/Potted Plant 4.prefab using Guid(44deed2dab496bb4c853e5a63d0ef533) Importer(815301076,1909f56bfc062723c751e8b465ee728b)  -> (artifact id: '8cebd6d66926fbea1da012c98955b688') in 0.066471 seconds 
========================================================================
Received Import Request.
  Time since last request: 0.000046 seconds.
  path: Assets/Models/Downtown Game Studio/Nature Pack - Low Polly Trees & Bushes/Prefabs/tree 7.prefab
  artifactKey: Guid(787481964fc05da4684124e8aaa924ee) Importer(815301076,1909f56bfc062723c751e8b465ee728b)
Start importing Assets/Models/Downtown Game Studio/Nature Pack - Low Polly Trees & Bushes/Prefabs/tree 7.prefab using Guid(787481964fc05da4684124e8aaa924ee) Importer(815301076,1909f56bfc062723c751e8b465ee728b)  -> (artifact id: '144aa85d06606455ac30d662875645ea') in 0.053496 seconds 
========================================================================
Received Import Request.
  Time since last request: 0.000050 seconds.
  path: Assets/Models/Downtown Game Studio/Nature Pack - Low Polly Trees & Bushes/Prefabs/Street Tree 4.prefab
  artifactKey: Guid(80c1305101746b543802285b180dd283) Importer(815301076,1909f56bfc062723c751e8b465ee728b)
Start importing Assets/Models/Downtown Game Studio/Nature Pack - Low Polly Trees & Bushes/Prefabs/Street Tree 4.prefab using Guid(80c1305101746b543802285b180dd283) Importer(815301076,1909f56bfc062723c751e8b465ee728b)  -> (artifact id: '38e404da96b9fbc47774fbb199463cc4') in 0.038253 seconds 
========================================================================
Received Import Request.
  Time since last request: 0.049299 seconds.
  path: Assets/Models/Downtown Game Studio/Nature Pack - Low Polly Trees & Bushes/Prefabs/tree 14.prefab
  artifactKey: Guid(4901a59201491854c8893f398c2d0c48) Importer(815301076,1909f56bfc062723c751e8b465ee728b)
Start importing Assets/Models/Downtown Game Studio/Nature Pack - Low Polly Trees & Bushes/Prefabs/tree 14.prefab using Guid(4901a59201491854c8893f398c2d0c48) Importer(815301076,1909f56bfc062723c751e8b465ee728b)  -> (artifact id: '09b97c3612dcfad2a15ca0fd4756a90a') in 0.059409 seconds 
========================================================================
Received Import Request.
  Time since last request: 0.000063 seconds.
  path: Assets/Models/Downtown Game Studio/Nature Pack - Low Polly Trees & Bushes/Prefabs/Tree Trunk 1.prefab
  artifactKey: Guid(6003346dae61b9c4da33e7f1e6b46882) Importer(815301076,1909f56bfc062723c751e8b465ee728b)
Start importing Assets/Models/Downtown Game Studio/Nature Pack - Low Polly Trees & Bushes/Prefabs/Tree Trunk 1.prefab using Guid(6003346dae61b9c4da33e7f1e6b46882) Importer(815301076,1909f56bfc062723c751e8b465ee728b)  -> (artifact id: '10551df946808a0652ba6a31ca3adda9') in 0.060208 seconds 
========================================================================
Received Import Request.
  Time since last request: 0.000072 seconds.
  path: Assets/Models/Downtown Game Studio/Nature Pack - Low Polly Trees & Bushes/Prefabs/tree 15.prefab
  artifactKey: Guid(0f407013ac6a8bc428a76e55593acf91) Importer(815301076,1909f56bfc062723c751e8b465ee728b)
Start importing Assets/Models/Downtown Game Studio/Nature Pack - Low Polly Trees & Bushes/Prefabs/tree 15.prefab using Guid(0f407013ac6a8bc428a76e55593acf91) Importer(815301076,1909f56bfc062723c751e8b465ee728b)  -> (artifact id: '7933138dd39417cc49886529fb72d80f') in 0.060253 seconds 
Editor requested this worker to shutdown with reason: Scaling down because of idle timeout
AssetImportWorker is now disconnected from the server
Process exiting
Exiting without the bug reporter. Application will terminate with return code 0