Using pre-set license
Built from '2021.3/staging' branch; Version is '2021.3.19f1 (c9714fde33b6) revision 13201743'; Using compiler version '192829333'; Build Type 'Release'
OS: 'Windows 10  (10.0.19045) 64bit Professional' Language: 'tr' Physical Memory: 32604 MB
BatchMode: 1, IsHumanControllingUs: 0, StartBugReporterOnCrash: 0, Is64bit: 1, IsPro: 1

COMMAND LINE ARGUMENTS:
D:\editor\2021.3.19f1\Editor\Unity.exe
-adb2
-batchMode
-noUpm
-name
AssetImportWorker2
-projectPath
C:/Users/MehmetEmin/Desktop/deneme/bitirme/bitirme-projemiz
-logFile
Logs/AssetImportWorker2.log
-srvPort
62210
Successfully changed project path to: C:/Users/MehmetEmin/Desktop/deneme/bitirme/bitirme-projemiz
C:/Users/MehmetEmin/Desktop/deneme/bitirme/bitirme-projemiz
[UnityMemory] Configuration Parameters - Can be set up in boot.config
    "memorysetup-bucket-allocator-granularity=16"
    "memorysetup-bucket-allocator-bucket-count=8"
    "memorysetup-bucket-allocator-block-size=33554432"
    "memorysetup-bucket-allocator-block-count=8"
    "memorysetup-main-allocator-block-size=16777216"
    "memorysetup-thread-allocator-block-size=16777216"
    "memorysetup-gfx-main-allocator-block-size=16777216"
    "memorysetup-gfx-thread-allocator-block-size=16777216"
    "memorysetup-cache-allocator-block-size=4194304"
    "memorysetup-typetree-allocator-block-size=2097152"
    "memorysetup-profiler-bucket-allocator-granularity=16"
    "memorysetup-profiler-bucket-allocator-bucket-count=8"
    "memorysetup-profiler-bucket-allocator-block-size=33554432"
    "memorysetup-profiler-bucket-allocator-block-count=8"
    "memorysetup-profiler-allocator-block-size=16777216"
    "memorysetup-profiler-editor-allocator-block-size=1048576"
    "memorysetup-temp-allocator-size-main=16777216"
    "memorysetup-job-temp-allocator-block-size=2097152"
    "memorysetup-job-temp-allocator-block-size-background=1048576"
    "memorysetup-job-temp-allocator-reduction-small-platforms=262144"
    "memorysetup-temp-allocator-size-background-worker=32768"
    "memorysetup-temp-allocator-size-job-worker=262144"
    "memorysetup-temp-allocator-size-preload-manager=33554432"
    "memorysetup-temp-allocator-size-nav-mesh-worker=65536"
    "memorysetup-temp-allocator-size-audio-worker=65536"
    "memorysetup-temp-allocator-size-cloud-worker=32768"
    "memorysetup-temp-allocator-size-gi-baking-worker=262144"
    "memorysetup-temp-allocator-size-gfx=262144"
Player connection [24020] Host "[IP] 192.168.56.1 [Port] 0 [Flags] 2 [Guid] 1358385690 [EditorId] 1358385690 [Version] 1048832 [Id] WindowsEditor(7,Mehmet) [Debug] 1 [PackageName] WindowsEditor [ProjectName] Editor" joined multi-casting on [225.0.0.222:54997]...

Player connection [24020] Host "[IP] 192.168.56.1 [Port] 0 [Flags] 2 [Guid] 1358385690 [EditorId] 1358385690 [Version] 1048832 [Id] WindowsEditor(7,Mehmet) [Debug] 1 [PackageName] WindowsEditor [ProjectName] Editor" joined alternative multi-casting on [225.0.0.222:34997]...

Refreshing native plugins compatible for Editor in 76.13 ms, found 3 plugins.
Preloading 0 native plugins for Editor in 0.00 ms.
Initialize engine version: 2021.3.19f1 (c9714fde33b6)
[Subsystems] Discovering subsystems at path D:/editor/2021.3.19f1/Editor/Data/Resources/UnitySubsystems
[Subsystems] Discovering subsystems at path C:/Users/MehmetEmin/Desktop/deneme/bitirme/bitirme-projemiz/Assets
GfxDevice: creating device client; threaded=0; jobified=0
Direct3D:
    Version:  Direct3D 11.0 [level 11.1]
    Renderer: NVIDIA GeForce RTX 3060 Laptop GPU (ID=0x2520)
    Vendor:   NVIDIA
    VRAM:     6009 MB
    Driver:   31.0.15.3179
Shader 'WFX/Transparent Diffuse': fallback shader 'Particles/Alpha Blended' not found
Shader 'WFX/Transparent Specular': fallback shader 'Particles/Alpha Blended' not found
Initialize mono
Mono path[0] = 'D:/editor/2021.3.19f1/Editor/Data/Managed'
Mono path[1] = 'D:/editor/2021.3.19f1/Editor/Data/MonoBleedingEdge/lib/mono/unityjit-win32'
Mono config path = 'D:/editor/2021.3.19f1/Editor/Data/MonoBleedingEdge/etc'
Using monoOptions --debugger-agent=transport=dt_socket,embedding=1,server=y,suspend=n,address=127.0.0.1:56140
Begin MonoManager ReloadAssembly
Registering precompiled unity dll's ...
Register platform support module: D:/editor/2021.3.19f1/Editor/Data/PlaybackEngines/WebGLSupport/UnityEditor.WebGL.Extensions.dll
Register platform support module: D:/editor/2021.3.19f1/Editor/Data/PlaybackEngines/AndroidPlayer/UnityEditor.Android.Extensions.dll
Register platform support module: D:/editor/2021.3.19f1/Editor/Data/PlaybackEngines/iOSSupport/UnityEditor.iOS.Extensions.dll
Register platform support module: D:/editor/2021.3.19f1/Editor/Data/PlaybackEngines/WindowsStandaloneSupport/UnityEditor.WindowsStandalone.Extensions.dll
Register platform support module: D:/editor/2021.3.19f1/Editor/Data/PlaybackEngines/MetroSupport/UnityEditor.UWP.Extensions.dll
Registered in 0.003439 seconds.
Native extension for UWP target not found
Native extension for WindowsStandalone target not found
[usbmuxd] Start listen thread
[usbmuxd] Listen thread started
Native extension for iOS target not found
Native extension for Android target not found
Android Extension - Scanning For ADB Devices 211 ms
Native extension for WebGL target not found
Refreshing native plugins compatible for Editor in 74.15 ms, found 3 plugins.
Preloading 0 native plugins for Editor in 0.00 ms.
Mono: successfully reloaded assembly
- Completed reload, in  0.792 seconds
Domain Reload Profiling:
	ReloadAssembly (792ms)
		BeginReloadAssembly (62ms)
			ExecutionOrderSort (0ms)
			DisableScriptedObjects (0ms)
			BackupInstance (0ms)
			ReleaseScriptingObjects (0ms)
			CreateAndSetChildDomain (1ms)
		EndReloadAssembly (633ms)
			LoadAssemblies (63ms)
			RebuildTransferFunctionScriptingTraits (0ms)
			SetupTypeCache (94ms)
			ReleaseScriptCaches (0ms)
			RebuildScriptCaches (28ms)
			SetupLoadedEditorAssemblies (468ms)
				LogAssemblyErrors (0ms)
				InitializePlatformSupportModulesInManaged (273ms)
				SetLoadedEditorAssemblies (0ms)
				RefreshPlugins (74ms)
				BeforeProcessingInitializeOnLoad (1ms)
				ProcessInitializeOnLoadAttributes (83ms)
				ProcessInitializeOnLoadMethodAttributes (37ms)
				AfterProcessingInitializeOnLoad (0ms)
				EditorAssembliesLoaded (0ms)
			ExecutionOrderSort2 (0ms)
			AwakeInstancesAfterBackupRestoration (0ms)
Platform modules already initialized, skipping
Registering precompiled user dll's ...
Registered in 0.004755 seconds.
Begin MonoManager ReloadAssembly
Symbol file LoadedFromMemory doesn't match image C:\Users\MehmetEmin\Desktop\deneme\bitirme\bitirme-projemiz\Library\PackageCache\com.unity.visualscripting@1.8.0\Editor\VisualScripting.Core\Dependencies\YamlDotNet\Unity.VisualScripting.YamlDotNet.dll
Symbol file LoadedFromMemory doesn't match image C:\Users\MehmetEmin\Desktop\deneme\bitirme\bitirme-projemiz\Library\PackageCache\com.unity.visualscripting@1.8.0\Editor\VisualScripting.Core\Dependencies\DotNetZip\Unity.VisualScripting.IonicZip.dll
Native extension for UWP target not found
Native extension for WindowsStandalone target not found
Native extension for iOS target not found
Native extension for Android target not found
Native extension for WebGL target not found
Refreshing native plugins compatible for Editor in 0.52 ms, found 3 plugins.
Preloading 0 native plugins for Editor in 0.00 ms.
Mono: successfully reloaded assembly
- Completed reload, in  1.016 seconds
Domain Reload Profiling:
	ReloadAssembly (1017ms)
		BeginReloadAssembly (92ms)
			ExecutionOrderSort (0ms)
			DisableScriptedObjects (6ms)
			BackupInstance (0ms)
			ReleaseScriptingObjects (0ms)
			CreateAndSetChildDomain (16ms)
		EndReloadAssembly (829ms)
			LoadAssemblies (66ms)
			RebuildTransferFunctionScriptingTraits (0ms)
			SetupTypeCache (229ms)
			ReleaseScriptCaches (1ms)
			RebuildScriptCaches (47ms)
			SetupLoadedEditorAssemblies (444ms)
				LogAssemblyErrors (0ms)
				InitializePlatformSupportModulesInManaged (22ms)
				SetLoadedEditorAssemblies (0ms)
				RefreshPlugins (1ms)
				BeforeProcessingInitializeOnLoad (69ms)
				ProcessInitializeOnLoadAttributes (334ms)
				ProcessInitializeOnLoadMethodAttributes (15ms)
				AfterProcessingInitializeOnLoad (2ms)
				EditorAssembliesLoaded (0ms)
			ExecutionOrderSort2 (0ms)
			AwakeInstancesAfterBackupRestoration (7ms)
Platform modules already initialized, skipping
========================================================================
Worker process is ready to serve import requests
Shader 'WFX/Transparent Specular': fallback shader 'Particles/Alpha Blended' not found
Shader 'WFX/Transparent Diffuse': fallback shader 'Particles/Alpha Blended' not found
Launched and connected shader compiler UnityShaderCompiler.exe after 0.04 seconds
Refreshing native plugins compatible for Editor in 0.57 ms, found 3 plugins.
Preloading 0 native plugins for Editor in 0.00 ms.
Unloading 3116 Unused Serialized files (Serialized files now loaded: 0)
Unloading 22 unused Assets / (56.6 KB). Loaded Objects now: 3587.
Memory consumption went from 117.8 MB to 117.8 MB.
Total: 3.057200 ms (FindLiveObjects: 0.241300 ms CreateObjectMapping: 0.167400 ms MarkObjects: 2.571200 ms  DeleteObjects: 0.076400 ms)

AssetImportParameters requested are different than current active one (requested -> active):
  custom:video-decoder-ogg-theora: a1e56fd34408186e4bbccfd4996cb3dc -> 
  custom:container-muxer-webm: aa71ff27fc2769a1b78a27578f13a17b -> 
  custom:container-demuxer-webm: 4f35f7cbe854078d1ac9338744f61a02 -> 
  custom:video-encoder-webm-vp8: eb34c28f22e8b96e1ab97ce403110664 -> 
  custom:audio-encoder-webm-vorbis: bf7c407c2cedff20999df2af8eb42d56 -> 
  custom:framework-win-MediaFoundation: 216162199b28c13a410421893ffa2e32 -> 
  custom:container-demuxer-ogg: 62fdf1f143b41e24485cea50d1cbac27 -> 
  custom:video-decoder-webm-vp8: 9c59270c3fd7afecdb556c50c9e8de78 -> 
  custom:audio-decoder-ogg-vorbis: bf7c407c2cedff20999df2af8eb42d56 -> 
========================================================================
Received Import Request.
  Time since last request: 113534.311293 seconds.
  path: Assets/Models/Zombie/textures/Texture2
  artifactKey: Guid(733bb67938a27da4595d42816ba679a6) Importer(815301076,1909f56bfc062723c751e8b465ee728b)
Start importing Assets/Models/Zombie/textures/Texture2 using Guid(733bb67938a27da4595d42816ba679a6) Importer(815301076,1909f56bfc062723c751e8b465ee728b)  -> (artifact id: '130d1e934f38f27eeb71ed4d37f6c1c6') in 0.014188 seconds 
========================================================================
Received Import Request.
  Time since last request: 0.013812 seconds.
  path: Assets/Models/Zombie/textures/Texture2/1_Albedo.tga
  artifactKey: Guid(bac46e9f075ea0445810a60433026ccd) Importer(815301076,1909f56bfc062723c751e8b465ee728b)
Start importing Assets/Models/Zombie/textures/Texture2/1_Albedo.tga using Guid(bac46e9f075ea0445810a60433026ccd) Importer(815301076,1909f56bfc062723c751e8b465ee728b)  -> (artifact id: '514e8ceb35fcc3475b624da49dd20278') in 0.216621 seconds 
========================================================================
Received Import Request.
  Time since last request: 7.569318 seconds.
  path: Assets/Models/Zombie/textures/Texture3
  artifactKey: Guid(a34eb4910b9ad6147b96a08ef49a1b8d) Importer(815301076,1909f56bfc062723c751e8b465ee728b)
Start importing Assets/Models/Zombie/textures/Texture3 using Guid(a34eb4910b9ad6147b96a08ef49a1b8d) Importer(815301076,1909f56bfc062723c751e8b465ee728b)  -> (artifact id: '199263bcbd5e12754935da77418cfd80') in 0.009851 seconds 
========================================================================
Received Import Request.
  Time since last request: 0.024943 seconds.
  path: Assets/Models/Zombie/textures/Texture3/1_Albedo.tga
  artifactKey: Guid(b4bd5e4c49e6aea428c61e4b94390fe4) Importer(815301076,1909f56bfc062723c751e8b465ee728b)
Start importing Assets/Models/Zombie/textures/Texture3/1_Albedo.tga using Guid(b4bd5e4c49e6aea428c61e4b94390fe4) Importer(815301076,1909f56bfc062723c751e8b465ee728b)  -> (artifact id: '8e83d97c74487bb02270a23090308e8c') in 0.097416 seconds 
========================================================================
Received Import Request.
  Time since last request: 0.000016 seconds.
  path: Assets/Models/Zombie/textures/Texture3/1_Occlusion.tga
  artifactKey: Guid(15d50d41f767b6843a9a74fbb2136004) Importer(815301076,1909f56bfc062723c751e8b465ee728b)
Start importing Assets/Models/Zombie/textures/Texture3/1_Occlusion.tga using Guid(15d50d41f767b6843a9a74fbb2136004) Importer(815301076,1909f56bfc062723c751e8b465ee728b)  -> (artifact id: '544267b4ee680863a05adcbe336c15de') in 0.066029 seconds 
========================================================================
Received Import Request.
  Time since last request: 23.249363 seconds.
  path: Assets/Models/Zombie/stand
  artifactKey: Guid(a57a6c7dc88a93f479444a7e2dbacf46) Importer(815301076,1909f56bfc062723c751e8b465ee728b)
Start importing Assets/Models/Zombie/stand using Guid(a57a6c7dc88a93f479444a7e2dbacf46) Importer(815301076,1909f56bfc062723c751e8b465ee728b)  -> (artifact id: '3702bcae85fda29caaed8a7b644d868f') in 0.010995 seconds 
========================================================================
Received Import Request.
  Time since last request: 0.030771 seconds.
  path: Assets/Models/Zombie/stand/Stand.obj
  artifactKey: Guid(2b1ddfd5d1b3829429729a69042b5916) Importer(815301076,1909f56bfc062723c751e8b465ee728b)
Start importing Assets/Models/Zombie/stand/Stand.obj using Guid(2b1ddfd5d1b3829429729a69042b5916) Importer(815301076,1909f56bfc062723c751e8b465ee728b)  -> (artifact id: '851c7b0311f97b493d01aead5506f840') in 0.073268 seconds 
========================================================================
Received Import Request.
  Time since last request: 1.338699 seconds.
  path: Assets/Models/Zombie/stand/Materials
  artifactKey: Guid(db53dd1270854234689dcc84904cdb53) Importer(815301076,1909f56bfc062723c751e8b465ee728b)
Start importing Assets/Models/Zombie/stand/Materials using Guid(db53dd1270854234689dcc84904cdb53) Importer(815301076,1909f56bfc062723c751e8b465ee728b)  -> (artifact id: '691cb5fd02251ee307491ba7175ec4cd') in 0.009511 seconds 
========================================================================
Received Import Request.
  Time since last request: 0.027213 seconds.
  path: Assets/Models/Zombie/stand/Materials/Cylinder001Mat.mat
  artifactKey: Guid(5db73ac6fd778474780161579da0981f) Importer(815301076,1909f56bfc062723c751e8b465ee728b)
Start importing Assets/Models/Zombie/stand/Materials/Cylinder001Mat.mat using Guid(5db73ac6fd778474780161579da0981f) Importer(815301076,1909f56bfc062723c751e8b465ee728b)  -> (artifact id: '9cecbd4a6521f0dbcb2ae75b766dc236') in 0.029721 seconds 
========================================================================
Received Import Request.
  Time since last request: 1.152972 seconds.
  path: Assets/Models/Zombie/Base mesh
  artifactKey: Guid(7b19cb2f91e225744a382426d793c2de) Importer(815301076,1909f56bfc062723c751e8b465ee728b)
Start importing Assets/Models/Zombie/Base mesh using Guid(7b19cb2f91e225744a382426d793c2de) Importer(815301076,1909f56bfc062723c751e8b465ee728b)  -> (artifact id: '5ca2af8cf2d1dc550ed83cdf47d46389') in 0.014101 seconds 
========================================================================
Received Import Request.
  Time since last request: 0.025282 seconds.
  path: Assets/Models/Zombie/Base mesh/Base mesh fbx.fbx
  artifactKey: Guid(9776c2c565280054689a67587800f1d9) Importer(815301076,1909f56bfc062723c751e8b465ee728b)
Start importing Assets/Models/Zombie/Base mesh/Base mesh fbx.fbx using Guid(9776c2c565280054689a67587800f1d9) Importer(815301076,1909f56bfc062723c751e8b465ee728b)  -> (artifact id: 'a65f7033db4ca7974f0173cdcedb1e9f') in 0.050806 seconds 
========================================================================
Received Import Request.
  Time since last request: 20.634635 seconds.
  path: Assets/Models/SimpleNaturePack/Textures
  artifactKey: Guid(2d44b6cffc02046488649c55d0f4d79e) Importer(815301076,1909f56bfc062723c751e8b465ee728b)
Start importing Assets/Models/SimpleNaturePack/Textures using Guid(2d44b6cffc02046488649c55d0f4d79e) Importer(815301076,1909f56bfc062723c751e8b465ee728b)  -> (artifact id: '7b5a27c4a7def4810986019d0d824dec') in 0.003266 seconds 
========================================================================
Received Import Request.
  Time since last request: 0.040962 seconds.
  path: Assets/Models/SimpleNaturePack/Textures/NaturePackLite_Texture_01.png
  artifactKey: Guid(28a51d508c86a8948b59df81d5188b17) Importer(815301076,1909f56bfc062723c751e8b465ee728b)
Start importing Assets/Models/SimpleNaturePack/Textures/NaturePackLite_Texture_01.png using Guid(28a51d508c86a8948b59df81d5188b17) Importer(815301076,1909f56bfc062723c751e8b465ee728b)  -> (artifact id: '3990ba89cd238cdd616a6424e60ae832') in 0.020506 seconds 
========================================================================
Received Import Request.
  Time since last request: 121.499778 seconds.
  path: Assets/d/Walking (2).fbx
  artifactKey: Guid(9818d493a8da2774887242e72965eded) Importer(815301076,1909f56bfc062723c751e8b465ee728b)
Start importing Assets/d/Walking (2).fbx using Guid(9818d493a8da2774887242e72965eded) Importer(815301076,1909f56bfc062723c751e8b465ee728b)  -> (artifact id: '2d25fa4b35de9bd4c514c8726393b253') in 0.031825 seconds 
========================================================================
Received Import Request.
  Time since last request: 117.359557 seconds.
  path: Assets/d/deneme12.fbx
  artifactKey: Guid(3bf67e67b48b1a14aa44828d519d6aba) Importer(815301076,1909f56bfc062723c751e8b465ee728b)
Start importing Assets/d/deneme12.fbx using Guid(3bf67e67b48b1a14aa44828d519d6aba) Importer(815301076,1909f56bfc062723c751e8b465ee728b)  -> (artifact id: '55192e5e3b7f7331e8040f1fa739fbcb') in 0.032070 seconds 
========================================================================
Received Import Request.
  Time since last request: 7.513228 seconds.
  path: Assets/d/deneme12.fbx
  artifactKey: Guid(3bf67e67b48b1a14aa44828d519d6aba) Importer(815301076,1909f56bfc062723c751e8b465ee728b)
Start importing Assets/d/deneme12.fbx using Guid(3bf67e67b48b1a14aa44828d519d6aba) Importer(815301076,1909f56bfc062723c751e8b465ee728b)  -> (artifact id: 'e7266f260539b77cc95dc8d45013427a') in 0.024242 seconds 
