Using pre-set license
Built from '2021.3/staging' branch; Version is '2021.3.19f1 (c9714fde33b6) revision 13201743'; Using compiler version '192829333'; Build Type 'Release'
OS: 'Windows 11  (10.0.22621) 64bit Professional' Language: 'tr' Physical Memory: 8044 MB
BatchMode: 1, IsHumanControllingUs: 0, StartBugReporterOnCrash: 0, Is64bit: 1, IsPro: 1

COMMAND LINE ARGUMENTS:
C:\Program Files\Unity\Hub\Editor\2021.3.19f1\Editor\Unity.exe
-adb2
-batchMode
-noUpm
-name
AssetImportWorker13
-projectPath
C:/Users/Teoman/Desktop/bitirme-projemiz/bitirme-projemiz
-logFile
Logs/AssetImportWorker13.log
-srvPort
60557
Successfully changed project path to: C:/Users/Teoman/Desktop/bitirme-projemiz/bitirme-projemiz
C:/Users/Teoman/Desktop/bitirme-projemiz/bitirme-projemiz
[UnityMemory] Configuration Parameters - Can be set up in boot.config
    "memorysetup-bucket-allocator-granularity=16"
    "memorysetup-bucket-allocator-bucket-count=8"
    "memorysetup-bucket-allocator-block-size=33554432"
    "memorysetup-bucket-allocator-block-count=8"
    "memorysetup-main-allocator-block-size=16777216"
    "memorysetup-thread-allocator-block-size=16777216"
    "memorysetup-gfx-main-allocator-block-size=16777216"
    "memorysetup-gfx-thread-allocator-block-size=16777216"
    "memorysetup-cache-allocator-block-size=4194304"
    "memorysetup-typetree-allocator-block-size=2097152"
    "memorysetup-profiler-bucket-allocator-granularity=16"
    "memorysetup-profiler-bucket-allocator-bucket-count=8"
    "memorysetup-profiler-bucket-allocator-block-size=33554432"
    "memorysetup-profiler-bucket-allocator-block-count=8"
    "memorysetup-profiler-allocator-block-size=16777216"
    "memorysetup-profiler-editor-allocator-block-size=1048576"
    "memorysetup-temp-allocator-size-main=16777216"
    "memorysetup-job-temp-allocator-block-size=2097152"
    "memorysetup-job-temp-allocator-block-size-background=1048576"
    "memorysetup-job-temp-allocator-reduction-small-platforms=262144"
    "memorysetup-temp-allocator-size-background-worker=32768"
    "memorysetup-temp-allocator-size-job-worker=262144"
    "memorysetup-temp-allocator-size-preload-manager=33554432"
    "memorysetup-temp-allocator-size-nav-mesh-worker=65536"
    "memorysetup-temp-allocator-size-audio-worker=65536"
    "memorysetup-temp-allocator-size-cloud-worker=32768"
    "memorysetup-temp-allocator-size-gi-baking-worker=262144"
    "memorysetup-temp-allocator-size-gfx=262144"
Player connection [16560] Host "[IP] 192.168.1.38 [Port] 0 [Flags] 2 [Guid] 605877932 [EditorId] 605877932 [Version] 1048832 [Id] WindowsEditor(7,DESKTOP-BNMN6L8) [Debug] 1 [PackageName] WindowsEditor [ProjectName] Editor" joined multi-casting on [225.0.0.222:54997]...

Player connection [16560] Host "[IP] 192.168.1.38 [Port] 0 [Flags] 2 [Guid] 605877932 [EditorId] 605877932 [Version] 1048832 [Id] WindowsEditor(7,DESKTOP-BNMN6L8) [Debug] 1 [PackageName] WindowsEditor [ProjectName] Editor" joined alternative multi-casting on [225.0.0.222:34997]...

Refreshing native plugins compatible for Editor in 198.35 ms, found 3 plugins.
Preloading 0 native plugins for Editor in 0.00 ms.
Initialize engine version: 2021.3.19f1 (c9714fde33b6)
[Subsystems] Discovering subsystems at path C:/Program Files/Unity/Hub/Editor/2021.3.19f1/Editor/Data/Resources/UnitySubsystems
[Subsystems] Discovering subsystems at path C:/Users/Teoman/Desktop/bitirme-projemiz/bitirme-projemiz/Assets
GfxDevice: creating device client; threaded=0; jobified=0
Direct3D:
    Version:  Direct3D 11.0 [level 11.1]
    Renderer: NVIDIA GeForce GTX 1650 (ID=0x1f91)
    Vendor:   NVIDIA
    VRAM:     3952 MB
    Driver:   31.0.15.3179
Shader 'WFX/Transparent Diffuse': fallback shader 'Particles/Alpha Blended' not found
Shader 'WFX/Transparent Specular': fallback shader 'Particles/Alpha Blended' not found
Initialize mono
Mono path[0] = 'C:/Program Files/Unity/Hub/Editor/2021.3.19f1/Editor/Data/Managed'
Mono path[1] = 'C:/Program Files/Unity/Hub/Editor/2021.3.19f1/Editor/Data/MonoBleedingEdge/lib/mono/unityjit-win32'
Mono config path = 'C:/Program Files/Unity/Hub/Editor/2021.3.19f1/Editor/Data/MonoBleedingEdge/etc'
Using monoOptions --debugger-agent=transport=dt_socket,embedding=1,server=y,suspend=n,address=127.0.0.1:56744
Begin MonoManager ReloadAssembly
Registering precompiled unity dll's ...
Register platform support module: C:/Program Files/Unity/Hub/Editor/2021.3.19f1/Editor/Data/PlaybackEngines/AndroidPlayer/UnityEditor.Android.Extensions.dll
Register platform support module: C:/Program Files/Unity/Hub/Editor/2021.3.19f1/Editor/Data/PlaybackEngines/WindowsStandaloneSupport/UnityEditor.WindowsStandalone.Extensions.dll
Registered in 0.010563 seconds.
Native extension for WindowsStandalone target not found
Native extension for Android target not found
Android Extension - Scanning For ADB Devices 716 ms
Refreshing native plugins compatible for Editor in 170.20 ms, found 3 plugins.
Preloading 0 native plugins for Editor in 0.00 ms.
Mono: successfully reloaded assembly
- Completed reload, in  2.579 seconds
Domain Reload Profiling:
	ReloadAssembly (2580ms)
		BeginReloadAssembly (187ms)
			ExecutionOrderSort (0ms)
			DisableScriptedObjects (0ms)
			BackupInstance (0ms)
			ReleaseScriptingObjects (0ms)
			CreateAndSetChildDomain (2ms)
		EndReloadAssembly (2170ms)
			LoadAssemblies (182ms)
			RebuildTransferFunctionScriptingTraits (0ms)
			SetupTypeCache (274ms)
			ReleaseScriptCaches (0ms)
			RebuildScriptCaches (184ms)
			SetupLoadedEditorAssemblies (1481ms)
				LogAssemblyErrors (0ms)
				InitializePlatformSupportModulesInManaged (968ms)
				SetLoadedEditorAssemblies (1ms)
				RefreshPlugins (170ms)
				BeforeProcessingInitializeOnLoad (3ms)
				ProcessInitializeOnLoadAttributes (205ms)
				ProcessInitializeOnLoadMethodAttributes (133ms)
				AfterProcessingInitializeOnLoad (0ms)
				EditorAssembliesLoaded (0ms)
			ExecutionOrderSort2 (0ms)
			AwakeInstancesAfterBackupRestoration (0ms)
Platform modules already initialized, skipping
Registering precompiled user dll's ...
Registered in 0.014193 seconds.
Begin MonoManager ReloadAssembly
Symbol file LoadedFromMemory doesn't match image C:\Users\Teoman\Desktop\bitirme-projemiz\bitirme-projemiz\Library\PackageCache\com.unity.visualscripting@1.8.0\Editor\VisualScripting.Core\Dependencies\YamlDotNet\Unity.VisualScripting.YamlDotNet.dll
Symbol file LoadedFromMemory doesn't match image C:\Users\Teoman\Desktop\bitirme-projemiz\bitirme-projemiz\Library\PackageCache\com.unity.visualscripting@1.8.0\Editor\VisualScripting.Core\Dependencies\DotNetZip\Unity.VisualScripting.IonicZip.dll
Native extension for WindowsStandalone target not found
Native extension for Android target not found
Refreshing native plugins compatible for Editor in 0.95 ms, found 3 plugins.
Preloading 0 native plugins for Editor in 0.00 ms.
Mono: successfully reloaded assembly
- Completed reload, in  2.739 seconds
Domain Reload Profiling:
	ReloadAssembly (2741ms)
		BeginReloadAssembly (280ms)
			ExecutionOrderSort (0ms)
			DisableScriptedObjects (12ms)
			BackupInstance (0ms)
			ReleaseScriptingObjects (0ms)
			CreateAndSetChildDomain (56ms)
		EndReloadAssembly (2165ms)
			LoadAssemblies (209ms)
			RebuildTransferFunctionScriptingTraits (0ms)
			SetupTypeCache (741ms)
			ReleaseScriptCaches (1ms)
			RebuildScriptCaches (153ms)
			SetupLoadedEditorAssemblies (936ms)
				LogAssemblyErrors (0ms)
				InitializePlatformSupportModulesInManaged (44ms)
				SetLoadedEditorAssemblies (1ms)
				RefreshPlugins (1ms)
				BeforeProcessingInitializeOnLoad (185ms)
				ProcessInitializeOnLoadAttributes (648ms)
				ProcessInitializeOnLoadMethodAttributes (45ms)
				AfterProcessingInitializeOnLoad (12ms)
				EditorAssembliesLoaded (0ms)
			ExecutionOrderSort2 (0ms)
			AwakeInstancesAfterBackupRestoration (17ms)
Platform modules already initialized, skipping
========================================================================
Worker process is ready to serve import requests
Shader 'WFX/Transparent Diffuse': fallback shader 'Particles/Alpha Blended' not found
Shader 'WFX/Transparent Specular': fallback shader 'Particles/Alpha Blended' not found
Launched and connected shader compiler UnityShaderCompiler.exe after 0.19 seconds
Refreshing native plugins compatible for Editor in 1.62 ms, found 3 plugins.
Preloading 0 native plugins for Editor in 0.00 ms.
Unloading 3095 Unused Serialized files (Serialized files now loaded: 0)
Unloading 21 unused Assets / (30.2 KB). Loaded Objects now: 3590.
Memory consumption went from 207.1 MB to 207.1 MB.
Total: 6.695600 ms (FindLiveObjects: 0.535500 ms CreateObjectMapping: 0.785400 ms MarkObjects: 5.320400 ms  DeleteObjects: 0.051800 ms)

AssetImportParameters requested are different than current active one (requested -> active):
  custom:video-decoder-ogg-theora: a1e56fd34408186e4bbccfd4996cb3dc -> 
  custom:container-muxer-webm: aa71ff27fc2769a1b78a27578f13a17b -> 
  custom:container-demuxer-webm: 4f35f7cbe854078d1ac9338744f61a02 -> 
  custom:video-encoder-webm-vp8: eb34c28f22e8b96e1ab97ce403110664 -> 
  custom:audio-encoder-webm-vorbis: bf7c407c2cedff20999df2af8eb42d56 -> 
  custom:framework-win-MediaFoundation: 216162199b28c13a410421893ffa2e32 -> 
  custom:SearchIndexIgnoredProperties: e643bd26f0fe6173181afceb89e7c659 -> 
  custom:container-demuxer-ogg: 62fdf1f143b41e24485cea50d1cbac27 -> 
  custom:video-decoder-webm-vp8: 9c59270c3fd7afecdb556c50c9e8de78 -> 
  custom:audio-decoder-ogg-vorbis: bf7c407c2cedff20999df2af8eb42d56 -> 
========================================================================
Received Import Request.
  Time since last request: 215756.983749 seconds.
  path: Assets/Toon Muzzleflash Pack/Example Prefabs/muzzle.mat
  artifactKey: Guid(298ae98984ce98449a21435393bf1b30) Importer(815301076,1909f56bfc062723c751e8b465ee728b)
Start importing Assets/Toon Muzzleflash Pack/Example Prefabs/muzzle.mat using Guid(298ae98984ce98449a21435393bf1b30) Importer(815301076,1909f56bfc062723c751e8b465ee728b)  -> (artifact id: 'fad933d912ddb93218b057534f2828fe') in 0.420461 seconds 
========================================================================
Received Import Request.
  Time since last request: 92.625921 seconds.
  path: Assets/Toon Muzzleflash Pack/Example Prefabs/Toon Muzzleflash 16.prefab
  artifactKey: Guid(c21ec583e5b23614ca97b6233ab6d053) Importer(815301076,1909f56bfc062723c751e8b465ee728b)
Start importing Assets/Toon Muzzleflash Pack/Example Prefabs/Toon Muzzleflash 16.prefab using Guid(c21ec583e5b23614ca97b6233ab6d053) Importer(815301076,1909f56bfc062723c751e8b465ee728b)  -> (artifact id: '589b2309ac229e52bb4c93c2db596939') in 0.223139 seconds 
========================================================================
Received Import Request.
  Time since last request: 0.224994 seconds.
  path: Assets/Toon Muzzleflash Pack/Example Prefabs/Toon Muzzleflash 16.prefab
  artifactKey: Guid(c21ec583e5b23614ca97b6233ab6d053) Importer(815301076,1909f56bfc062723c751e8b465ee728b)
Start importing Assets/Toon Muzzleflash Pack/Example Prefabs/Toon Muzzleflash 16.prefab using Guid(c21ec583e5b23614ca97b6233ab6d053) Importer(815301076,1909f56bfc062723c751e8b465ee728b)  -> (artifact id: 'ad8db967de8e1f62ded4558b2848c1cb') in 0.128645 seconds 
========================================================================
Received Import Request.
  Time since last request: 10.812615 seconds.
  path: Assets/Toon Muzzleflash Pack/Example Prefabs/Toon Muzzleflash 16.prefab
  artifactKey: Guid(c21ec583e5b23614ca97b6233ab6d053) Importer(815301076,1909f56bfc062723c751e8b465ee728b)
Start importing Assets/Toon Muzzleflash Pack/Example Prefabs/Toon Muzzleflash 16.prefab using Guid(c21ec583e5b23614ca97b6233ab6d053) Importer(815301076,1909f56bfc062723c751e8b465ee728b)  -> (artifact id: '9ca18069b9096c06168a428e49267844') in 0.138453 seconds 
========================================================================
Received Import Request.
  Time since last request: 2.965884 seconds.
  path: Assets/Toon Muzzleflash Pack/Example Prefabs/Toon Muzzleflash 16.prefab
  artifactKey: Guid(c21ec583e5b23614ca97b6233ab6d053) Importer(815301076,1909f56bfc062723c751e8b465ee728b)
Start importing Assets/Toon Muzzleflash Pack/Example Prefabs/Toon Muzzleflash 16.prefab using Guid(c21ec583e5b23614ca97b6233ab6d053) Importer(815301076,1909f56bfc062723c751e8b465ee728b)  -> (artifact id: 'b0ff0fc512fea3bd675324361a917603') in 0.080779 seconds 
========================================================================
Received Import Request.
  Time since last request: 3.037856 seconds.
  path: Assets/Toon Muzzleflash Pack/Example Prefabs/Toon Muzzleflash 16.prefab
  artifactKey: Guid(c21ec583e5b23614ca97b6233ab6d053) Importer(815301076,1909f56bfc062723c751e8b465ee728b)
Start importing Assets/Toon Muzzleflash Pack/Example Prefabs/Toon Muzzleflash 16.prefab using Guid(c21ec583e5b23614ca97b6233ab6d053) Importer(815301076,1909f56bfc062723c751e8b465ee728b)  -> (artifact id: 'ce81f566266ce7b4d0fae444e8c5cdf6') in 0.077207 seconds 
========================================================================
Received Import Request.
  Time since last request: 1.740443 seconds.
  path: Assets/Toon Muzzleflash Pack/Example Prefabs/Toon Muzzleflash 16.prefab
  artifactKey: Guid(c21ec583e5b23614ca97b6233ab6d053) Importer(815301076,1909f56bfc062723c751e8b465ee728b)
Start importing Assets/Toon Muzzleflash Pack/Example Prefabs/Toon Muzzleflash 16.prefab using Guid(c21ec583e5b23614ca97b6233ab6d053) Importer(815301076,1909f56bfc062723c751e8b465ee728b)  -> (artifact id: 'fcf00513c2801d8ca9e21891206ffbfa') in 0.086628 seconds 
========================================================================
Received Import Request.
  Time since last request: 9.116468 seconds.
  path: Assets/Toon Muzzleflash Pack/Example Prefabs/Toon Muzzleflash 16.prefab
  artifactKey: Guid(c21ec583e5b23614ca97b6233ab6d053) Importer(815301076,1909f56bfc062723c751e8b465ee728b)
Start importing Assets/Toon Muzzleflash Pack/Example Prefabs/Toon Muzzleflash 16.prefab using Guid(c21ec583e5b23614ca97b6233ab6d053) Importer(815301076,1909f56bfc062723c751e8b465ee728b)  -> (artifact id: '6af066fdcd0b48b204398ff16ce33d92') in 0.075334 seconds 
========================================================================
Received Import Request.
  Time since last request: 24.302992 seconds.
  path: Packages/com.unity.textmeshpro/Editor Resources/Textures/btn_AlignBaseLine.psd
  artifactKey: Guid(8bc445bb79654bf496c92d0407840a92) Importer(815301076,1909f56bfc062723c751e8b465ee728b)
Start importing Packages/com.unity.textmeshpro/Editor Resources/Textures/btn_AlignBaseLine.psd using Guid(8bc445bb79654bf496c92d0407840a92) Importer(815301076,1909f56bfc062723c751e8b465ee728b)  -> (artifact id: '295b158aba3649322adf94d0dd10ea9a') in 0.170277 seconds 
========================================================================
Received Import Request.
  Time since last request: 2.020679 seconds.
  path: Packages/com.unity.textmeshpro/Editor Resources/Textures/btn_AlignMiddle.psd
  artifactKey: Guid(41b96614b2e6494ba995ddcd252d11ae) Importer(815301076,1909f56bfc062723c751e8b465ee728b)
Start importing Packages/com.unity.textmeshpro/Editor Resources/Textures/btn_AlignMiddle.psd using Guid(41b96614b2e6494ba995ddcd252d11ae) Importer(815301076,1909f56bfc062723c751e8b465ee728b)  -> (artifact id: '5eb8fdd827f711d6c5826cb30fee5fee') in 0.151020 seconds 
========================================================================
Received Import Request.
  Time since last request: 0.000051 seconds.
  path: Packages/com.unity.textmeshpro/Editor Resources/Textures/btn_AlignMidline_Light.psd
  artifactKey: Guid(bb42b2d967d6427983c901a4ffc8ecd9) Importer(815301076,1909f56bfc062723c751e8b465ee728b)
Start importing Packages/com.unity.textmeshpro/Editor Resources/Textures/btn_AlignMidline_Light.psd using Guid(bb42b2d967d6427983c901a4ffc8ecd9) Importer(815301076,1909f56bfc062723c751e8b465ee728b)  -> (artifact id: '5510925a6a623091ef6cb75e8062eccb') in 0.205696 seconds 
========================================================================
Received Import Request.
  Time since last request: 0.000103 seconds.
  path: Packages/com.unity.textmeshpro/Editor Resources/Textures/btn_AlignRight.psd
  artifactKey: Guid(342a0f8aca7f4f0691338912faec0494) Importer(815301076,1909f56bfc062723c751e8b465ee728b)
Start importing Packages/com.unity.textmeshpro/Editor Resources/Textures/btn_AlignRight.psd using Guid(342a0f8aca7f4f0691338912faec0494) Importer(815301076,1909f56bfc062723c751e8b465ee728b)  -> (artifact id: '55da0a907fe573ffe43e96b2d6e10af7') in 0.105959 seconds 
========================================================================
Received Import Request.
  Time since last request: 167.120294 seconds.
  path: Packages/com.unity.textmeshpro/Editor Resources/Textures/btn_AlignBottom_Light.psd
  artifactKey: Guid(585b70cb75dd43efbfead809c30a1731) Importer(815301076,1909f56bfc062723c751e8b465ee728b)
Start importing Packages/com.unity.textmeshpro/Editor Resources/Textures/btn_AlignBottom_Light.psd using Guid(585b70cb75dd43efbfead809c30a1731) Importer(815301076,1909f56bfc062723c751e8b465ee728b)  -> (artifact id: '68044214ccc0fc4308d3430e1e35a1f2') in 0.055653 seconds 
========================================================================
Received Import Request.
  Time since last request: 8.233653 seconds.
  path: Packages/com.unity.textmeshpro/Editor Resources/Textures/btn_AlignCapLine_Light.psd
  artifactKey: Guid(49679f302ac6408697f6b9314a38985c) Importer(815301076,1909f56bfc062723c751e8b465ee728b)
Start importing Packages/com.unity.textmeshpro/Editor Resources/Textures/btn_AlignCapLine_Light.psd using Guid(49679f302ac6408697f6b9314a38985c) Importer(815301076,1909f56bfc062723c751e8b465ee728b)  -> (artifact id: '37478a8d5da722502655714151c2cbbf') in 0.041679 seconds 
========================================================================
Received Import Request.
  Time since last request: 6.127283 seconds.
  path: Packages/com.unity.textmeshpro/Editor Resources/Textures/btn_AlignTop_Light.psd
  artifactKey: Guid(ed041e68439749a69d0efa0e3d896c2e) Importer(815301076,1909f56bfc062723c751e8b465ee728b)
Start importing Packages/com.unity.textmeshpro/Editor Resources/Textures/btn_AlignTop_Light.psd using Guid(ed041e68439749a69d0efa0e3d896c2e) Importer(815301076,1909f56bfc062723c751e8b465ee728b)  -> (artifact id: '928f4caf123018bb462b02c74d03ad10') in 0.089910 seconds 
========================================================================
Received Import Request.
  Time since last request: 0.263153 seconds.
  path: Assets/Models/Simple Vehicle Pack/Textures/bus_albedo.tif
  artifactKey: Guid(0d8404aae9da47b4aa860ef1fe29da0d) Importer(815301076,1909f56bfc062723c751e8b465ee728b)
Start importing Assets/Models/Simple Vehicle Pack/Textures/bus_albedo.tif using Guid(0d8404aae9da47b4aa860ef1fe29da0d) Importer(815301076,1909f56bfc062723c751e8b465ee728b)  -> (artifact id: '669e41a0b0591736c95212443a34f0e5') in 0.200443 seconds 
========================================================================
Received Import Request.
  Time since last request: 0.000072 seconds.
  path: Assets/Models/Simple Vehicle Pack/Textures/Mobile/bus_diffuse.tif
  artifactKey: Guid(4cb0ad4beb219f047ab423d11568d45b) Importer(815301076,1909f56bfc062723c751e8b465ee728b)
Start importing Assets/Models/Simple Vehicle Pack/Textures/Mobile/bus_diffuse.tif using Guid(4cb0ad4beb219f047ab423d11568d45b) Importer(815301076,1909f56bfc062723c751e8b465ee728b)  -> (artifact id: 'e953230cf7783e21cff75befbfeb0d99') in 0.059553 seconds 
========================================================================
Received Import Request.
  Time since last request: 0.000105 seconds.
  path: Assets/Models/Simple Vehicle Pack/Textures/bus_metallic.tif
  artifactKey: Guid(46ff6946c86f0a248ac2814db3be0301) Importer(815301076,1909f56bfc062723c751e8b465ee728b)
Start importing Assets/Models/Simple Vehicle Pack/Textures/bus_metallic.tif using Guid(46ff6946c86f0a248ac2814db3be0301) Importer(815301076,1909f56bfc062723c751e8b465ee728b)  -> (artifact id: '28593f0a0fb2897c2b2d394b754ea961') in 0.073565 seconds 
========================================================================
Received Import Request.
  Time since last request: 0.754450 seconds.
  path: Assets/Models/Simple Vehicle Pack/Textures/cars_albedo.tif
  artifactKey: Guid(3ab13998715565f41826b8e7e94e9be4) Importer(815301076,1909f56bfc062723c751e8b465ee728b)
Start importing Assets/Models/Simple Vehicle Pack/Textures/cars_albedo.tif using Guid(3ab13998715565f41826b8e7e94e9be4) Importer(815301076,1909f56bfc062723c751e8b465ee728b)  -> (artifact id: 'e3a0daa3ae92325e2c707c065787b2e5') in 0.302517 seconds 
========================================================================
Received Import Request.
  Time since last request: 0.000044 seconds.
  path: Assets/Models/Simple Vehicle Pack/Textures/cars_AO.tif
  artifactKey: Guid(bfccf8a69e2d9404da142af497edf1a1) Importer(815301076,1909f56bfc062723c751e8b465ee728b)
Start importing Assets/Models/Simple Vehicle Pack/Textures/cars_AO.tif using Guid(bfccf8a69e2d9404da142af497edf1a1) Importer(815301076,1909f56bfc062723c751e8b465ee728b)  -> (artifact id: 'c088a674dd5c5f4dd8fd2cb08b52feb6') in 0.275387 seconds 
========================================================================
Received Import Request.
  Time since last request: 0.460099 seconds.
  path: Assets/Models/Simple Vehicle Pack/Textures/cars_metallic.tif
  artifactKey: Guid(74e476af0a0a8e9479ec32d4e03bbc75) Importer(815301076,1909f56bfc062723c751e8b465ee728b)
Start importing Assets/Models/Simple Vehicle Pack/Textures/cars_metallic.tif using Guid(74e476af0a0a8e9479ec32d4e03bbc75) Importer(815301076,1909f56bfc062723c751e8b465ee728b)  -> (artifact id: '261791825bb9d38ac0e8618739c657d2') in 0.215125 seconds 
