Using pre-set license
Built from '2021.3/staging' branch; Version is '2021.3.19f1 (c9714fde33b6) revision 13201743'; Using compiler version '192829333'; Build Type 'Release'
OS: 'Windows 11  (10.0.22621) 64bit Professional' Language: 'tr' Physical Memory: 8044 MB
BatchMode: 1, IsHumanControllingUs: 0, StartBugReporterOnCrash: 0, Is64bit: 1, IsPro: 1

COMMAND LINE ARGUMENTS:
C:\Program Files\Unity\Hub\Editor\2021.3.19f1\Editor\Unity.exe
-adb2
-batchMode
-noUpm
-name
AssetImportWorker5
-projectPath
C:/Users/Teoman/Desktop/bitirme-projemiz/bitirme-projemiz
-logFile
Logs/AssetImportWorker5.log
-srvPort
60557
Successfully changed project path to: C:/Users/Teoman/Desktop/bitirme-projemiz/bitirme-projemiz
C:/Users/Teoman/Desktop/bitirme-projemiz/bitirme-projemiz
[UnityMemory] Configuration Parameters - Can be set up in boot.config
    "memorysetup-bucket-allocator-granularity=16"
    "memorysetup-bucket-allocator-bucket-count=8"
    "memorysetup-bucket-allocator-block-size=33554432"
    "memorysetup-bucket-allocator-block-count=8"
    "memorysetup-main-allocator-block-size=16777216"
    "memorysetup-thread-allocator-block-size=16777216"
    "memorysetup-gfx-main-allocator-block-size=16777216"
    "memorysetup-gfx-thread-allocator-block-size=16777216"
    "memorysetup-cache-allocator-block-size=4194304"
    "memorysetup-typetree-allocator-block-size=2097152"
    "memorysetup-profiler-bucket-allocator-granularity=16"
    "memorysetup-profiler-bucket-allocator-bucket-count=8"
    "memorysetup-profiler-bucket-allocator-block-size=33554432"
    "memorysetup-profiler-bucket-allocator-block-count=8"
    "memorysetup-profiler-allocator-block-size=16777216"
    "memorysetup-profiler-editor-allocator-block-size=1048576"
    "memorysetup-temp-allocator-size-main=16777216"
    "memorysetup-job-temp-allocator-block-size=2097152"
    "memorysetup-job-temp-allocator-block-size-background=1048576"
    "memorysetup-job-temp-allocator-reduction-small-platforms=262144"
    "memorysetup-temp-allocator-size-background-worker=32768"
    "memorysetup-temp-allocator-size-job-worker=262144"
    "memorysetup-temp-allocator-size-preload-manager=33554432"
    "memorysetup-temp-allocator-size-nav-mesh-worker=65536"
    "memorysetup-temp-allocator-size-audio-worker=65536"
    "memorysetup-temp-allocator-size-cloud-worker=32768"
    "memorysetup-temp-allocator-size-gi-baking-worker=262144"
    "memorysetup-temp-allocator-size-gfx=262144"
Player connection [11336] Host "[IP] 192.168.1.38 [Port] 0 [Flags] 2 [Guid] 3645736592 [EditorId] 3645736592 [Version] 1048832 [Id] WindowsEditor(7,DESKTOP-BNMN6L8) [Debug] 1 [PackageName] WindowsEditor [ProjectName] Editor" joined multi-casting on [225.0.0.222:54997]...

Player connection [11336] Host "[IP] 192.168.1.38 [Port] 0 [Flags] 2 [Guid] 3645736592 [EditorId] 3645736592 [Version] 1048832 [Id] WindowsEditor(7,DESKTOP-BNMN6L8) [Debug] 1 [PackageName] WindowsEditor [ProjectName] Editor" joined alternative multi-casting on [225.0.0.222:34997]...

Refreshing native plugins compatible for Editor in 560.52 ms, found 3 plugins.
Preloading 0 native plugins for Editor in 0.00 ms.
Initialize engine version: 2021.3.19f1 (c9714fde33b6)
[Subsystems] Discovering subsystems at path C:/Program Files/Unity/Hub/Editor/2021.3.19f1/Editor/Data/Resources/UnitySubsystems
[Subsystems] Discovering subsystems at path C:/Users/Teoman/Desktop/bitirme-projemiz/bitirme-projemiz/Assets
GfxDevice: creating device client; threaded=0; jobified=0
Direct3D:
    Version:  Direct3D 11.0 [level 11.1]
    Renderer: NVIDIA GeForce GTX 1650 (ID=0x1f91)
    Vendor:   NVIDIA
    VRAM:     3952 MB
    Driver:   31.0.15.3179
Shader 'WFX/Transparent Diffuse': fallback shader 'Particles/Alpha Blended' not found
Shader 'WFX/Transparent Specular': fallback shader 'Particles/Alpha Blended' not found
Initialize mono
Mono path[0] = 'C:/Program Files/Unity/Hub/Editor/2021.3.19f1/Editor/Data/Managed'
Mono path[1] = 'C:/Program Files/Unity/Hub/Editor/2021.3.19f1/Editor/Data/MonoBleedingEdge/lib/mono/unityjit-win32'
Mono config path = 'C:/Program Files/Unity/Hub/Editor/2021.3.19f1/Editor/Data/MonoBleedingEdge/etc'
Using monoOptions --debugger-agent=transport=dt_socket,embedding=1,server=y,suspend=n,address=127.0.0.1:56984
Begin MonoManager ReloadAssembly
Registering precompiled unity dll's ...
Register platform support module: C:/Program Files/Unity/Hub/Editor/2021.3.19f1/Editor/Data/PlaybackEngines/AndroidPlayer/UnityEditor.Android.Extensions.dll
Register platform support module: C:/Program Files/Unity/Hub/Editor/2021.3.19f1/Editor/Data/PlaybackEngines/WindowsStandaloneSupport/UnityEditor.WindowsStandalone.Extensions.dll
Registered in 0.015714 seconds.
Native extension for WindowsStandalone target not found
Native extension for Android target not found
Android Extension - Scanning For ADB Devices 1003 ms
Refreshing native plugins compatible for Editor in 278.33 ms, found 3 plugins.
Preloading 0 native plugins for Editor in 0.00 ms.
Mono: successfully reloaded assembly
- Completed reload, in  3.437 seconds
Domain Reload Profiling:
	ReloadAssembly (3437ms)
		BeginReloadAssembly (299ms)
			ExecutionOrderSort (0ms)
			DisableScriptedObjects (0ms)
			BackupInstance (0ms)
			ReleaseScriptingObjects (2ms)
			CreateAndSetChildDomain (12ms)
		EndReloadAssembly (2508ms)
			LoadAssemblies (280ms)
			RebuildTransferFunctionScriptingTraits (0ms)
			SetupTypeCache (532ms)
			ReleaseScriptCaches (0ms)
			RebuildScriptCaches (40ms)
			SetupLoadedEditorAssemblies (1817ms)
				LogAssemblyErrors (0ms)
				InitializePlatformSupportModulesInManaged (1127ms)
				SetLoadedEditorAssemblies (1ms)
				RefreshPlugins (279ms)
				BeforeProcessingInitializeOnLoad (7ms)
				ProcessInitializeOnLoadAttributes (325ms)
				ProcessInitializeOnLoadMethodAttributes (78ms)
				AfterProcessingInitializeOnLoad (0ms)
				EditorAssembliesLoaded (0ms)
			ExecutionOrderSort2 (0ms)
			AwakeInstancesAfterBackupRestoration (0ms)
Platform modules already initialized, skipping
Registering precompiled user dll's ...
Registered in 0.006342 seconds.
Begin MonoManager ReloadAssembly
Symbol file LoadedFromMemory doesn't match image C:\Users\Teoman\Desktop\bitirme-projemiz\bitirme-projemiz\Library\PackageCache\com.unity.visualscripting@1.8.0\Editor\VisualScripting.Core\Dependencies\YamlDotNet\Unity.VisualScripting.YamlDotNet.dll
Symbol file LoadedFromMemory doesn't match image C:\Users\Teoman\Desktop\bitirme-projemiz\bitirme-projemiz\Library\PackageCache\com.unity.visualscripting@1.8.0\Editor\VisualScripting.Core\Dependencies\DotNetZip\Unity.VisualScripting.IonicZip.dll
Native extension for WindowsStandalone target not found
Native extension for Android target not found
Refreshing native plugins compatible for Editor in 0.98 ms, found 3 plugins.
Preloading 0 native plugins for Editor in 0.00 ms.
Mono: successfully reloaded assembly
- Completed reload, in  1.612 seconds
Domain Reload Profiling:
	ReloadAssembly (1613ms)
		BeginReloadAssembly (191ms)
			ExecutionOrderSort (0ms)
			DisableScriptedObjects (10ms)
			BackupInstance (0ms)
			ReleaseScriptingObjects (0ms)
			CreateAndSetChildDomain (30ms)
		EndReloadAssembly (1224ms)
			LoadAssemblies (160ms)
			RebuildTransferFunctionScriptingTraits (0ms)
			SetupTypeCache (502ms)
			ReleaseScriptCaches (1ms)
			RebuildScriptCaches (83ms)
			SetupLoadedEditorAssemblies (435ms)
				LogAssemblyErrors (0ms)
				InitializePlatformSupportModulesInManaged (19ms)
				SetLoadedEditorAssemblies (1ms)
				RefreshPlugins (1ms)
				BeforeProcessingInitializeOnLoad (96ms)
				ProcessInitializeOnLoadAttributes (283ms)
				ProcessInitializeOnLoadMethodAttributes (26ms)
				AfterProcessingInitializeOnLoad (8ms)
				EditorAssembliesLoaded (0ms)
			ExecutionOrderSort2 (0ms)
			AwakeInstancesAfterBackupRestoration (8ms)
Platform modules already initialized, skipping
========================================================================
Worker process is ready to serve import requests
Shader 'WFX/Transparent Diffuse': fallback shader 'Particles/Alpha Blended' not found
Shader 'WFX/Transparent Specular': fallback shader 'Particles/Alpha Blended' not found
Launched and connected shader compiler UnityShaderCompiler.exe after 0.08 seconds
Refreshing native plugins compatible for Editor in 1.58 ms, found 3 plugins.
Preloading 0 native plugins for Editor in 0.00 ms.
Unloading 3095 Unused Serialized files (Serialized files now loaded: 0)
Unloading 22 unused Assets / (56.5 KB). Loaded Objects now: 3567.
Memory consumption went from 187.7 MB to 187.6 MB.
Total: 4.927500 ms (FindLiveObjects: 0.296800 ms CreateObjectMapping: 0.509800 ms MarkObjects: 4.019700 ms  DeleteObjects: 0.099500 ms)

AssetImportParameters requested are different than current active one (requested -> active):
  custom:video-decoder-ogg-theora: a1e56fd34408186e4bbccfd4996cb3dc -> 
  custom:container-muxer-webm: aa71ff27fc2769a1b78a27578f13a17b -> 
  custom:container-demuxer-webm: 4f35f7cbe854078d1ac9338744f61a02 -> 
  custom:video-encoder-webm-vp8: eb34c28f22e8b96e1ab97ce403110664 -> 
  custom:audio-encoder-webm-vorbis: bf7c407c2cedff20999df2af8eb42d56 -> 
  custom:framework-win-MediaFoundation: 216162199b28c13a410421893ffa2e32 -> 
  custom:container-demuxer-ogg: 62fdf1f143b41e24485cea50d1cbac27 -> 
  custom:video-decoder-webm-vp8: 9c59270c3fd7afecdb556c50c9e8de78 -> 
  custom:audio-decoder-ogg-vorbis: bf7c407c2cedff20999df2af8eb42d56 -> 
========================================================================
Received Import Request.
  Time since last request: 207207.570750 seconds.
  path: Assets/Models/SimpleNaturePack/Prefabs/Flowers_02.prefab
  artifactKey: Guid(299e7a1cb6456cf4fa6079cf5978df9b) Importer(815301076,1909f56bfc062723c751e8b465ee728b)
Start importing Assets/Models/SimpleNaturePack/Prefabs/Flowers_02.prefab using Guid(299e7a1cb6456cf4fa6079cf5978df9b) Importer(815301076,1909f56bfc062723c751e8b465ee728b)  -> (artifact id: 'b6e05b32af931628765ebb611c23b434') in 0.758587 seconds 
========================================================================
Received Import Request.
  Time since last request: 0.000124 seconds.
  path: Assets/Nokobot/Modern Guns - Handgun/_Prefabs/Handgun Black/M1911 Handgun_Black.prefab
  artifactKey: Guid(87e308cb23eea97419b3c2623d8bb3fa) Importer(815301076,1909f56bfc062723c751e8b465ee728b)
Start importing Assets/Nokobot/Modern Guns - Handgun/_Prefabs/Handgun Black/M1911 Handgun_Black.prefab using Guid(87e308cb23eea97419b3c2623d8bb3fa) Importer(815301076,1909f56bfc062723c751e8b465ee728b)  -> (artifact id: '7001f9822fb6ed62b4e4813937fa842a') in 1.785073 seconds 
========================================================================
Received Import Request.
  Time since last request: 0.000356 seconds.
  path: Assets/PolygonFantasyRivals/Prefabs/FX/Magic_Swirl_FX.prefab
  artifactKey: Guid(5d27eaf58f7dd214db0ed07333875450) Importer(815301076,1909f56bfc062723c751e8b465ee728b)
Start importing Assets/PolygonFantasyRivals/Prefabs/FX/Magic_Swirl_FX.prefab using Guid(5d27eaf58f7dd214db0ed07333875450) Importer(815301076,1909f56bfc062723c751e8b465ee728b)  -> (artifact id: '87ee8615098e6342be4712148d667bde') in 0.165519 seconds 
========================================================================
Received Import Request.
  Time since last request: 0.000042 seconds.
  path: Assets/Nokobot/Modern Guns - Handgun/_Prefabs/Handgun Black/M1911 Magazine_Black.prefab
  artifactKey: Guid(1630d9b67160caa44aad0385aa9bf476) Importer(815301076,1909f56bfc062723c751e8b465ee728b)
Start importing Assets/Nokobot/Modern Guns - Handgun/_Prefabs/Handgun Black/M1911 Magazine_Black.prefab using Guid(1630d9b67160caa44aad0385aa9bf476) Importer(815301076,1909f56bfc062723c751e8b465ee728b)  -> (artifact id: '678ac67c53a885a70cc0f9d5afac5845') in 0.250941 seconds 
========================================================================
Received Import Request.
  Time since last request: 0.000125 seconds.
  path: Assets/Models/SimpleNaturePack/Prefabs/Rock_03.prefab
  artifactKey: Guid(0fde05fa0f3321942a21896ff4f0856f) Importer(815301076,1909f56bfc062723c751e8b465ee728b)
Start importing Assets/Models/SimpleNaturePack/Prefabs/Rock_03.prefab using Guid(0fde05fa0f3321942a21896ff4f0856f) Importer(815301076,1909f56bfc062723c751e8b465ee728b)  -> (artifact id: '7d8733d1c275d99cc2234b2ba0e9307e') in 0.093671 seconds 
========================================================================
Received Import Request.
  Time since last request: 0.000519 seconds.
  path: Assets/Models/Downtown Game Studio/Nature Pack - Low Polly Trees & Bushes/Prefabs/Potted Plant 5.prefab
  artifactKey: Guid(35d91982422de864eafebd29f7b4e4f8) Importer(815301076,1909f56bfc062723c751e8b465ee728b)
Start importing Assets/Models/Downtown Game Studio/Nature Pack - Low Polly Trees & Bushes/Prefabs/Potted Plant 5.prefab using Guid(35d91982422de864eafebd29f7b4e4f8) Importer(815301076,1909f56bfc062723c751e8b465ee728b)  -> (artifact id: '960eb3421f056a6acabec7157c806e1d') in 0.072023 seconds 
========================================================================
Received Import Request.
  Time since last request: 0.000051 seconds.
  path: Assets/Models/LowPolyBarriersPackFree/BarriersAssets/Prefabs/MetalBarriers/MetalFence_23_v1.prefab
  artifactKey: Guid(7ceee308f3489324f8ecc87b4b80740c) Importer(815301076,1909f56bfc062723c751e8b465ee728b)
Start importing Assets/Models/LowPolyBarriersPackFree/BarriersAssets/Prefabs/MetalBarriers/MetalFence_23_v1.prefab using Guid(7ceee308f3489324f8ecc87b4b80740c) Importer(815301076,1909f56bfc062723c751e8b465ee728b)  -> (artifact id: '385a3a4988954c47fbd10d9e98645ec8') in 0.187726 seconds 
========================================================================
Received Import Request.
  Time since last request: 0.000661 seconds.
  path: Assets/Models/Simple Vehicle Pack/Prefabs/Police_car.prefab
  artifactKey: Guid(f463242ba59e68243b7a693d4f0cfc18) Importer(815301076,1909f56bfc062723c751e8b465ee728b)
Start importing Assets/Models/Simple Vehicle Pack/Prefabs/Police_car.prefab using Guid(f463242ba59e68243b7a693d4f0cfc18) Importer(815301076,1909f56bfc062723c751e8b465ee728b)  -> (artifact id: '8af3e0ab68ec2e1dd825d5f8fabd1b45') in 0.405152 seconds 
========================================================================
Received Import Request.
  Time since last request: 0.000105 seconds.
  path: Assets/PolygonZombies/Prefabs/SM_Chr_Attach_Cleaver_01.prefab
  artifactKey: Guid(32d6b8cf2a577ee46900b258bce6e0fb) Importer(815301076,1909f56bfc062723c751e8b465ee728b)
Start importing Assets/PolygonZombies/Prefabs/SM_Chr_Attach_Cleaver_01.prefab using Guid(32d6b8cf2a577ee46900b258bce6e0fb) Importer(815301076,1909f56bfc062723c751e8b465ee728b)  -> (artifact id: '058def32457d173368003ce54500b188') in 0.639631 seconds 
========================================================================
Received Import Request.
  Time since last request: 0.033640 seconds.
  path: Assets/Models/Park Assets/Prefab/Stone_Path_Corner.prefab
  artifactKey: Guid(40fde63072590934b8ba90c1b2cab00a) Importer(815301076,1909f56bfc062723c751e8b465ee728b)
Start importing Assets/Models/Park Assets/Prefab/Stone_Path_Corner.prefab using Guid(40fde63072590934b8ba90c1b2cab00a) Importer(815301076,1909f56bfc062723c751e8b465ee728b)  -> (artifact id: '925bc78689190eb72d17af871d218ae2') in 0.211284 seconds 
========================================================================
Received Import Request.
  Time since last request: 0.000068 seconds.
  path: Assets/PolygonFantasyRivals/Prefabs/FX/Smoke_Small_Dark_FX.prefab
  artifactKey: Guid(7e3f339bdcb7ca946a2ad800d523a739) Importer(815301076,1909f56bfc062723c751e8b465ee728b)
Start importing Assets/PolygonFantasyRivals/Prefabs/FX/Smoke_Small_Dark_FX.prefab using Guid(7e3f339bdcb7ca946a2ad800d523a739) Importer(815301076,1909f56bfc062723c751e8b465ee728b)  -> (artifact id: '3af5bc00d61bd8822c811ceb220a7f8e') in 0.177118 seconds 
========================================================================
Received Import Request.
  Time since last request: 0.000104 seconds.
  path: Assets/Models/Downtown Game Studio/Nature Pack - Low Polly Trees & Bushes/Prefabs/tree 9.prefab
  artifactKey: Guid(6956dbfb44d2389469a0a8d9b83f3bc5) Importer(815301076,1909f56bfc062723c751e8b465ee728b)
Start importing Assets/Models/Downtown Game Studio/Nature Pack - Low Polly Trees & Bushes/Prefabs/tree 9.prefab using Guid(6956dbfb44d2389469a0a8d9b83f3bc5) Importer(815301076,1909f56bfc062723c751e8b465ee728b)  -> (artifact id: 'dca3373c59cdf1162390705e212b614e') in 0.235876 seconds 
========================================================================
Received Import Request.
  Time since last request: 0.000809 seconds.
  path: Assets/Models/Poly City - Free Cartoon Pack/Prefabs/Stone 3.prefab
  artifactKey: Guid(951b1d94f94177140b83e953cc9568d3) Importer(815301076,1909f56bfc062723c751e8b465ee728b)
Start importing Assets/Models/Poly City - Free Cartoon Pack/Prefabs/Stone 3.prefab using Guid(951b1d94f94177140b83e953cc9568d3) Importer(815301076,1909f56bfc062723c751e8b465ee728b)  -> (artifact id: '4ef6d6600fe6c378ac4aa6d9c566fb39') in 0.234968 seconds 
========================================================================
Received Import Request.
  Time since last request: 0.000039 seconds.
  path: Assets/Models/Poly City - Free Cartoon Pack/Prefabs/Tree.prefab
  artifactKey: Guid(cc05c3e29b3319444aeeca588e9f3511) Importer(815301076,1909f56bfc062723c751e8b465ee728b)
Start importing Assets/Models/Poly City - Free Cartoon Pack/Prefabs/Tree.prefab using Guid(cc05c3e29b3319444aeeca588e9f3511) Importer(815301076,1909f56bfc062723c751e8b465ee728b)  -> (artifact id: '78f205932c4ca234b5974ca3a537a49f') in 0.200554 seconds 
========================================================================
Received Import Request.
  Time since last request: 0.000149 seconds.
  path: Assets/Models/Downtown Game Studio/Nature Pack - Low Polly Trees & Bushes/Prefabs/Street Tree 1.prefab
  artifactKey: Guid(74a548f02121cb54eb43cb42314531f1) Importer(815301076,1909f56bfc062723c751e8b465ee728b)
Start importing Assets/Models/Downtown Game Studio/Nature Pack - Low Polly Trees & Bushes/Prefabs/Street Tree 1.prefab using Guid(74a548f02121cb54eb43cb42314531f1) Importer(815301076,1909f56bfc062723c751e8b465ee728b)  -> (artifact id: 'f6e529a4b9f3ae6b8139852f9b21bf5e') in 0.334895 seconds 
========================================================================
Received Import Request.
  Time since last request: 0.000059 seconds.
  path: Assets/Models/Park Assets/Prefab/Tree2.prefab
  artifactKey: Guid(cf28a4dd9a1a5b948a40dd44a4392f11) Importer(815301076,1909f56bfc062723c751e8b465ee728b)
Start importing Assets/Models/Park Assets/Prefab/Tree2.prefab using Guid(cf28a4dd9a1a5b948a40dd44a4392f11) Importer(815301076,1909f56bfc062723c751e8b465ee728b)  -> (artifact id: '7a78259f40ac050d2a46eaf850fffdf8') in 0.228449 seconds 
========================================================================
Received Import Request.
  Time since last request: 0.000282 seconds.
  path: Assets/PolygonFantasyRivals/Prefabs/Props/SM_Prop_Bones_01.prefab
  artifactKey: Guid(14088c7a0311d25458365b6fd06c9e79) Importer(815301076,1909f56bfc062723c751e8b465ee728b)
Start importing Assets/PolygonFantasyRivals/Prefabs/Props/SM_Prop_Bones_01.prefab using Guid(14088c7a0311d25458365b6fd06c9e79) Importer(815301076,1909f56bfc062723c751e8b465ee728b)  -> (artifact id: '4d0599a68a7e28e7356067044094d8e1') in 0.321294 seconds 
========================================================================
Received Import Request.
  Time since last request: 0.000041 seconds.
  path: Assets/Models/Downtown Game Studio/Nature Pack - Low Polly Trees & Bushes/Prefabs/Tree Trunk 1.prefab
  artifactKey: Guid(6003346dae61b9c4da33e7f1e6b46882) Importer(815301076,1909f56bfc062723c751e8b465ee728b)
Start importing Assets/Models/Downtown Game Studio/Nature Pack - Low Polly Trees & Bushes/Prefabs/Tree Trunk 1.prefab using Guid(6003346dae61b9c4da33e7f1e6b46882) Importer(815301076,1909f56bfc062723c751e8b465ee728b)  -> (artifact id: '5ff6207cd5c74a9b0cd8448e48c92de7') in 0.131018 seconds 
========================================================================
Received Import Request.
  Time since last request: 0.000074 seconds.
  path: Assets/PolygonFantasyRivals/Prefabs/Weapons/SM_Wep_ElementalGolem_01.prefab
  artifactKey: Guid(704f564f768fa18489e32358b77094f3) Importer(815301076,1909f56bfc062723c751e8b465ee728b)
Start importing Assets/PolygonFantasyRivals/Prefabs/Weapons/SM_Wep_ElementalGolem_01.prefab using Guid(704f564f768fa18489e32358b77094f3) Importer(815301076,1909f56bfc062723c751e8b465ee728b)  -> (artifact id: '2d6c56d299a4c15d16a9dc502315adbc') in 0.306537 seconds 
========================================================================
Received Import Request.
  Time since last request: 0.000046 seconds.
  path: Assets/PolygonFantasyRivals/Prefabs/Props/SM_Prop_Mushroom_01.prefab
  artifactKey: Guid(7879491318a06c04d86a2ee6981332fa) Importer(815301076,1909f56bfc062723c751e8b465ee728b)
Start importing Assets/PolygonFantasyRivals/Prefabs/Props/SM_Prop_Mushroom_01.prefab using Guid(7879491318a06c04d86a2ee6981332fa) Importer(815301076,1909f56bfc062723c751e8b465ee728b)  -> (artifact id: '29076eade74ff084b903b072cfa3dbe7') in 0.188398 seconds 
========================================================================
Received Import Request.
  Time since last request: 0.000205 seconds.
  path: Assets/Models/Poly City - Free Cartoon Pack/Prefabs/Stone 1.prefab
  artifactKey: Guid(b180847190809a148b6eb60d1141f0d8) Importer(815301076,1909f56bfc062723c751e8b465ee728b)
Start importing Assets/Models/Poly City - Free Cartoon Pack/Prefabs/Stone 1.prefab using Guid(b180847190809a148b6eb60d1141f0d8) Importer(815301076,1909f56bfc062723c751e8b465ee728b)  -> (artifact id: '7a49091f3f1b12e93b5437445b256705') in 0.148159 seconds 
========================================================================
Received Import Request.
  Time since last request: 0.000032 seconds.
  path: Assets/Models/LowPolyBarriersPackFree/BarriersAssets/Prefabs/SandBagBarriers/SandBagPallet_16_v3.prefab
  artifactKey: Guid(2e8e35039a5a5de429bb5ef87354e790) Importer(815301076,1909f56bfc062723c751e8b465ee728b)
Start importing Assets/Models/LowPolyBarriersPackFree/BarriersAssets/Prefabs/SandBagBarriers/SandBagPallet_16_v3.prefab using Guid(2e8e35039a5a5de429bb5ef87354e790) Importer(815301076,1909f56bfc062723c751e8b465ee728b)  -> (artifact id: 'bfc172a4ba66863875305fd2b4d30da6') in 0.116350 seconds 
========================================================================
Received Import Request.
  Time since last request: 0.000156 seconds.
  path: Assets/Models/Downtown Game Studio/Nature Pack - Low Polly Trees & Bushes/Prefabs/tree 8.prefab
  artifactKey: Guid(9cca81d8171e7e0459d94f8251680bfd) Importer(815301076,1909f56bfc062723c751e8b465ee728b)
Start importing Assets/Models/Downtown Game Studio/Nature Pack - Low Polly Trees & Bushes/Prefabs/tree 8.prefab using Guid(9cca81d8171e7e0459d94f8251680bfd) Importer(815301076,1909f56bfc062723c751e8b465ee728b)  -> (artifact id: '8bd20bf8bd67d6f10069cbc9ba2e0f0b') in 0.098985 seconds 
========================================================================
Received Import Request.
  Time since last request: 0.000087 seconds.
  path: Assets/Models/Poly City - Free Cartoon Pack/Prefabs/Tree 2.prefab
  artifactKey: Guid(d0d41b27dd72fc942b10f18f469c371a) Importer(815301076,1909f56bfc062723c751e8b465ee728b)
Start importing Assets/Models/Poly City - Free Cartoon Pack/Prefabs/Tree 2.prefab using Guid(d0d41b27dd72fc942b10f18f469c371a) Importer(815301076,1909f56bfc062723c751e8b465ee728b)  -> (artifact id: '8b9686c7d5bd195362b2e720b39d21d1') in 0.062039 seconds 
========================================================================
Received Import Request.
  Time since last request: 0.000089 seconds.
  path: Assets/Models/Poly City - Free Cartoon Pack/Prefabs/Stone 2.prefab
  artifactKey: Guid(914207a2997ee1249a8497d6670ae77c) Importer(815301076,1909f56bfc062723c751e8b465ee728b)
Start importing Assets/Models/Poly City - Free Cartoon Pack/Prefabs/Stone 2.prefab using Guid(914207a2997ee1249a8497d6670ae77c) Importer(815301076,1909f56bfc062723c751e8b465ee728b)  -> (artifact id: '0a8dca8481135ed6c65816ab094ee7ea') in 0.089540 seconds 
========================================================================
Received Import Request.
  Time since last request: 0.000096 seconds.
  path: Assets/PolygonFantasyRivals/Prefabs/Weapons/SM_Wep_Dwarf_01.prefab
  artifactKey: Guid(8313455c7845e6e478393ddbe4434b85) Importer(815301076,1909f56bfc062723c751e8b465ee728b)
Start importing Assets/PolygonFantasyRivals/Prefabs/Weapons/SM_Wep_Dwarf_01.prefab using Guid(8313455c7845e6e478393ddbe4434b85) Importer(815301076,1909f56bfc062723c751e8b465ee728b)  -> (artifact id: '459194f2a9306d7a5fa5c94a3a366588') in 0.277966 seconds 
========================================================================
Received Import Request.
  Time since last request: 0.002487 seconds.
  path: Assets/PolygonFantasyRivals/Prefabs/Weapons/SM_Wep_EvilGod_01.prefab
  artifactKey: Guid(65f514a6efccbc0489fd5896f6da61f5) Importer(815301076,1909f56bfc062723c751e8b465ee728b)
Start importing Assets/PolygonFantasyRivals/Prefabs/Weapons/SM_Wep_EvilGod_01.prefab using Guid(65f514a6efccbc0489fd5896f6da61f5) Importer(815301076,1909f56bfc062723c751e8b465ee728b)  -> (artifact id: '431bc230ccf9d5e52cc40675ac21b2e8') in 0.166018 seconds 
========================================================================
Received Import Request.
  Time since last request: 0.000039 seconds.
  path: Assets/Models/Downtown Game Studio/Nature Pack - Low Polly Trees & Bushes/Prefabs/tree 10.prefab
  artifactKey: Guid(221b274084495684db9bc9c630eb7155) Importer(815301076,1909f56bfc062723c751e8b465ee728b)
Start importing Assets/Models/Downtown Game Studio/Nature Pack - Low Polly Trees & Bushes/Prefabs/tree 10.prefab using Guid(221b274084495684db9bc9c630eb7155) Importer(815301076,1909f56bfc062723c751e8b465ee728b)  -> (artifact id: '41a788dcf706b0fb318e47688ccbbf67') in 0.132333 seconds 
========================================================================
Received Import Request.
  Time since last request: 0.000500 seconds.
  path: Assets/Models/Park Assets/Prefab/Stone_Path_EdgePiece.prefab
  artifactKey: Guid(c6e854f638107994fb7fcaf03c48c38e) Importer(815301076,1909f56bfc062723c751e8b465ee728b)
Start importing Assets/Models/Park Assets/Prefab/Stone_Path_EdgePiece.prefab using Guid(c6e854f638107994fb7fcaf03c48c38e) Importer(815301076,1909f56bfc062723c751e8b465ee728b)  -> (artifact id: '34f8b92071d89d86491815c759d979f5') in 0.117581 seconds 
========================================================================
Received Import Request.
  Time since last request: 0.000074 seconds.
  path: Assets/Models/Park Assets/Prefab/Stone_Path_Bank.prefab
  artifactKey: Guid(092aabb8628e09e46ab22ed75bd34723) Importer(815301076,1909f56bfc062723c751e8b465ee728b)
Start importing Assets/Models/Park Assets/Prefab/Stone_Path_Bank.prefab using Guid(092aabb8628e09e46ab22ed75bd34723) Importer(815301076,1909f56bfc062723c751e8b465ee728b)  -> (artifact id: 'c3b22d4997e96b11a4e33eceeae796bc') in 0.194123 seconds 
========================================================================
Received Import Request.
  Time since last request: 0.011741 seconds.
  path: Assets/Models/Lowpoly Forest Pack/Prefabs/Rock01.prefab
  artifactKey: Guid(c3fedfe66013d4549b77ea039e3076c0) Importer(815301076,1909f56bfc062723c751e8b465ee728b)
Start importing Assets/Models/Lowpoly Forest Pack/Prefabs/Rock01.prefab using Guid(c3fedfe66013d4549b77ea039e3076c0) Importer(815301076,1909f56bfc062723c751e8b465ee728b)  -> (artifact id: '673fb3247ee8813a403db24707dc34ac') in 0.248908 seconds 
========================================================================
Received Import Request.
  Time since last request: 0.000107 seconds.
  path: Assets/Models/Park Assets/Prefab/Stone_Path_Straight.prefab
  artifactKey: Guid(2294ac72b60f4da46974d1f746b56439) Importer(815301076,1909f56bfc062723c751e8b465ee728b)
Start importing Assets/Models/Park Assets/Prefab/Stone_Path_Straight.prefab using Guid(2294ac72b60f4da46974d1f746b56439) Importer(815301076,1909f56bfc062723c751e8b465ee728b)  -> (artifact id: 'aad17482f929d20887d40f50535c3838') in 0.104179 seconds 
========================================================================
Received Import Request.
  Time since last request: 0.000066 seconds.
  path: Assets/PolygonZombies/Prefabs/SM_Chr_Attach_Knife_01.prefab
  artifactKey: Guid(7a96ff1fbef47a5448a213939304d272) Importer(815301076,1909f56bfc062723c751e8b465ee728b)
Start importing Assets/PolygonZombies/Prefabs/SM_Chr_Attach_Knife_01.prefab using Guid(7a96ff1fbef47a5448a213939304d272) Importer(815301076,1909f56bfc062723c751e8b465ee728b)  -> (artifact id: 'f0a0fa433806822adcec759698742823') in 0.513761 seconds 
========================================================================
Received Import Request.
  Time since last request: 0.002019 seconds.
  path: Assets/Models/Downtown Game Studio/Nature Pack - Low Polly Trees & Bushes/Prefabs/tree 2.prefab
  artifactKey: Guid(d9fc690e52a26ad45947b8b0dbc5f2bd) Importer(815301076,1909f56bfc062723c751e8b465ee728b)
Start importing Assets/Models/Downtown Game Studio/Nature Pack - Low Polly Trees & Bushes/Prefabs/tree 2.prefab using Guid(d9fc690e52a26ad45947b8b0dbc5f2bd) Importer(815301076,1909f56bfc062723c751e8b465ee728b)  -> (artifact id: '36625fc749df17c2b8cb9a05c4e659b5') in 0.127950 seconds 
========================================================================
Received Import Request.
  Time since last request: 0.000129 seconds.
  path: Assets/Models/Poly City - Free Cartoon Pack/Prefabs/Tree 3.prefab
  artifactKey: Guid(3d621f7fb6bc6664ea5a31c41966627c) Importer(815301076,1909f56bfc062723c751e8b465ee728b)
Start importing Assets/Models/Poly City - Free Cartoon Pack/Prefabs/Tree 3.prefab using Guid(3d621f7fb6bc6664ea5a31c41966627c) Importer(815301076,1909f56bfc062723c751e8b465ee728b)  -> (artifact id: '4d4e92299aad3f5a66ff82418709090c') in 0.130831 seconds 
========================================================================
Received Import Request.
  Time since last request: 0.000047 seconds.
  path: Assets/Models/Park Assets/Prefab/Gazebo.prefab
  artifactKey: Guid(240f865433d03a8469d4f5a438765fd7) Importer(815301076,1909f56bfc062723c751e8b465ee728b)
Start importing Assets/Models/Park Assets/Prefab/Gazebo.prefab using Guid(240f865433d03a8469d4f5a438765fd7) Importer(815301076,1909f56bfc062723c751e8b465ee728b)  -> (artifact id: '3861acfb9be131bab58e4cca54cce78b') in 0.133824 seconds 
========================================================================
Received Import Request.
  Time since last request: 0.000128 seconds.
  path: Assets/PolygonFantasyRivals/Prefabs/Weapons/SM_Wep_FortGolem_01.prefab
  artifactKey: Guid(a26ae0dc6714ee3488c8d4117ff0a6d2) Importer(815301076,1909f56bfc062723c751e8b465ee728b)
Start importing Assets/PolygonFantasyRivals/Prefabs/Weapons/SM_Wep_FortGolem_01.prefab using Guid(a26ae0dc6714ee3488c8d4117ff0a6d2) Importer(815301076,1909f56bfc062723c751e8b465ee728b)  -> (artifact id: 'e68e638e716f399346cbe5d7c194b653') in 0.220936 seconds 
========================================================================
Received Import Request.
  Time since last request: 16.689828 seconds.
  path: Assets/Models/SimpleNaturePack/Prefabs/Tree_02.prefab
  artifactKey: Guid(e289bf5debb17f6459818c207d781953) Importer(815301076,1909f56bfc062723c751e8b465ee728b)
Start importing Assets/Models/SimpleNaturePack/Prefabs/Tree_02.prefab using Guid(e289bf5debb17f6459818c207d781953) Importer(815301076,1909f56bfc062723c751e8b465ee728b)  -> (artifact id: '19c9922ee0705e830d0b89cee9369cb9') in 0.123725 seconds 
========================================================================
Received Import Request.
  Time since last request: 0.000042 seconds.
  path: Assets/Models/SimpleNaturePack/Prefabs/Tree_03.prefab
  artifactKey: Guid(c60edd51c065ceb46b345849a03bc106) Importer(815301076,1909f56bfc062723c751e8b465ee728b)
Start importing Assets/Models/SimpleNaturePack/Prefabs/Tree_03.prefab using Guid(c60edd51c065ceb46b345849a03bc106) Importer(815301076,1909f56bfc062723c751e8b465ee728b)  -> (artifact id: '2ba55ca596c8c5d5aed1740d9af7e103') in 0.082223 seconds 
========================================================================
Received Import Request.
  Time since last request: 0.354518 seconds.
  path: Assets/JMO Assets/WarFX/_Effects/Bullet Impacts/+ Bullet Hole/Lit/WFX_BImpact Concrete NoCollision + Hole Lit.prefab
  artifactKey: Guid(f8860a5092fd6d143a7b3f075e204e6b) Importer(815301076,1909f56bfc062723c751e8b465ee728b)
Start importing Assets/JMO Assets/WarFX/_Effects/Bullet Impacts/+ Bullet Hole/Lit/WFX_BImpact Concrete NoCollision + Hole Lit.prefab using Guid(f8860a5092fd6d143a7b3f075e204e6b) Importer(815301076,1909f56bfc062723c751e8b465ee728b)  -> (artifact id: '250fce8ab74215bf599db2e74489bfac') in 0.107551 seconds 
========================================================================
Received Import Request.
  Time since last request: 0.000054 seconds.
  path: Assets/JMO Assets/WarFX/_Effects/Bullet Impacts/+ Bullet Hole/Lit/WFX_BImpact Metal + Hole Lit.prefab
  artifactKey: Guid(caa8bd0d2623acf4d915f16e0ab71218) Importer(815301076,1909f56bfc062723c751e8b465ee728b)
Start importing Assets/JMO Assets/WarFX/_Effects/Bullet Impacts/+ Bullet Hole/Lit/WFX_BImpact Metal + Hole Lit.prefab using Guid(caa8bd0d2623acf4d915f16e0ab71218) Importer(815301076,1909f56bfc062723c751e8b465ee728b)  -> (artifact id: '14786910c245feebd0750f7d4aa58c2b') in 0.088005 seconds 
========================================================================
Received Import Request.
  Time since last request: 0.000117 seconds.
  path: Assets/JMO Assets/WarFX/_Effects/Bullet Impacts/+ Bullet Hole/WFX_BImpact Sand + Hole.prefab
  artifactKey: Guid(0b24f31f464fa614a84acdeac974ed6b) Importer(815301076,1909f56bfc062723c751e8b465ee728b)
Start importing Assets/JMO Assets/WarFX/_Effects/Bullet Impacts/+ Bullet Hole/WFX_BImpact Sand + Hole.prefab using Guid(0b24f31f464fa614a84acdeac974ed6b) Importer(815301076,1909f56bfc062723c751e8b465ee728b)  -> (artifact id: 'c233bc7e4a4996f211faf57634900891') in 0.093687 seconds 
========================================================================
Received Import Request.
  Time since last request: 0.000050 seconds.
  path: Assets/JMO Assets/WarFX/_Effects/Explosions/WFX_Explosion.prefab
  artifactKey: Guid(b46890100828db6429ff69c322b45893) Importer(815301076,1909f56bfc062723c751e8b465ee728b)
Start importing Assets/JMO Assets/WarFX/_Effects/Explosions/WFX_Explosion.prefab using Guid(b46890100828db6429ff69c322b45893) Importer(815301076,1909f56bfc062723c751e8b465ee728b)  -> (artifact id: '59359776e50f899f0b0b23217122f126') in 0.140948 seconds 
========================================================================
Received Import Request.
  Time since last request: 0.000374 seconds.
  path: Assets/JMO Assets/WarFX/_Effects/Bullet Impacts/WFX_BImpact Dirt.prefab
  artifactKey: Guid(56bfc2f4b4a0c534c8ef3d0fd1124c44) Importer(815301076,1909f56bfc062723c751e8b465ee728b)
Start importing Assets/JMO Assets/WarFX/_Effects/Bullet Impacts/WFX_BImpact Dirt.prefab using Guid(56bfc2f4b4a0c534c8ef3d0fd1124c44) Importer(815301076,1909f56bfc062723c751e8b465ee728b)  -> (artifact id: '89760ce3f35b4188ffdd405fc841570b') in 0.135984 seconds 
========================================================================
Received Import Request.
  Time since last request: 12.069707 seconds.
  path: Assets/JMO Assets/WarFX/_Effects/Explosions/WFX_ExplosiveSmoke.prefab
  artifactKey: Guid(4575df893a6e3f64a8283dee38413a34) Importer(815301076,1909f56bfc062723c751e8b465ee728b)
Start importing Assets/JMO Assets/WarFX/_Effects/Explosions/WFX_ExplosiveSmoke.prefab using Guid(4575df893a6e3f64a8283dee38413a34) Importer(815301076,1909f56bfc062723c751e8b465ee728b)  -> (artifact id: '90ff9105201c1bb5ed96ec33713f1e2c') in 0.069030 seconds 
========================================================================
Received Import Request.
  Time since last request: 0.000040 seconds.
  path: Assets/JMO Assets/WarFX/_Effects/Explosions/WFX_ExplosiveSmokeGround Big.prefab
  artifactKey: Guid(06736895ea0a4ff408d25e6684dce797) Importer(815301076,1909f56bfc062723c751e8b465ee728b)
Start importing Assets/JMO Assets/WarFX/_Effects/Explosions/WFX_ExplosiveSmokeGround Big.prefab using Guid(06736895ea0a4ff408d25e6684dce797) Importer(815301076,1909f56bfc062723c751e8b465ee728b)  -> (artifact id: 'facd858a24991489de7bffd43a6e064f') in 0.120998 seconds 
========================================================================
Received Import Request.
  Time since last request: 0.000039 seconds.
  path: Assets/JMO Assets/WarFX/_Effects/Fire/Gray Smoke/WFX_Fire Natural Broad (Gray Smoke).prefab
  artifactKey: Guid(46db5b1dc2de2384da9a75fc063273be) Importer(815301076,1909f56bfc062723c751e8b465ee728b)
Start importing Assets/JMO Assets/WarFX/_Effects/Fire/Gray Smoke/WFX_Fire Natural Broad (Gray Smoke).prefab using Guid(46db5b1dc2de2384da9a75fc063273be) Importer(815301076,1909f56bfc062723c751e8b465ee728b)  -> (artifact id: '0aca333b099697aa7a40766aae2104ef') in 0.076351 seconds 
========================================================================
Received Import Request.
  Time since last request: 0.000053 seconds.
  path: Assets/JMO Assets/WarFX/_Effects/Fire/Black Smoke/WFX_Fire Natural (Black Smoke).prefab
  artifactKey: Guid(a817de05addd7b64faa73b34c74013ce) Importer(815301076,1909f56bfc062723c751e8b465ee728b)
Start importing Assets/JMO Assets/WarFX/_Effects/Fire/Black Smoke/WFX_Fire Natural (Black Smoke).prefab using Guid(a817de05addd7b64faa73b34c74013ce) Importer(815301076,1909f56bfc062723c751e8b465ee728b)  -> (artifact id: '26a08cb56c9026b65ebd5d5530f55e2e') in 0.084350 seconds 
========================================================================
Received Import Request.
  Time since last request: 0.000058 seconds.
  path: Assets/JMO Assets/WarFX/_Effects/Fire/Gray Smoke/WFX_Fire SmallFlame (Gray Smoke).prefab
  artifactKey: Guid(ff2aa30ecb40c1b4ea64a518c1d943f1) Importer(815301076,1909f56bfc062723c751e8b465ee728b)
Start importing Assets/JMO Assets/WarFX/_Effects/Fire/Gray Smoke/WFX_Fire SmallFlame (Gray Smoke).prefab using Guid(ff2aa30ecb40c1b4ea64a518c1d943f1) Importer(815301076,1909f56bfc062723c751e8b465ee728b)  -> (artifact id: '144fc3518524b438e92273e1ec9de1fb') in 0.078024 seconds 
========================================================================
Received Import Request.
  Time since last request: 0.066540 seconds.
  path: Assets/JMO Assets/WarFX/_Effects/Fire/WFX_FlameThrower Big Alt.prefab
  artifactKey: Guid(aedd4bb62ac8dfd48ae575c52e6e4267) Importer(815301076,1909f56bfc062723c751e8b465ee728b)
Start importing Assets/JMO Assets/WarFX/_Effects/Fire/WFX_FlameThrower Big Alt.prefab using Guid(aedd4bb62ac8dfd48ae575c52e6e4267) Importer(815301076,1909f56bfc062723c751e8b465ee728b)  -> (artifact id: '3213ead491212473663c43d0970f1b93') in 0.089176 seconds 
========================================================================
Received Import Request.
  Time since last request: 0.000048 seconds.
  path: Assets/JMO Assets/WarFX/_Effects/MuzzleFlashes/FPS/WFX_MF FPS RIFLE2.prefab
  artifactKey: Guid(03a4a1935a9f4454c861dfa0aa6df562) Importer(815301076,1909f56bfc062723c751e8b465ee728b)
Start importing Assets/JMO Assets/WarFX/_Effects/MuzzleFlashes/FPS/WFX_MF FPS RIFLE2.prefab using Guid(03a4a1935a9f4454c861dfa0aa6df562) Importer(815301076,1909f56bfc062723c751e8b465ee728b)  -> (artifact id: '1dcee5fe4a635861779d4db551a18b8c') in 0.075158 seconds 
========================================================================
Received Import Request.
  Time since last request: 0.000047 seconds.
  path: Assets/JMO Assets/WarFX/_Effects/MuzzleFlashes/4Planes/WFX_MF 4P RIFLE2.prefab
  artifactKey: Guid(b0a227fc2e558f241b1c747820ccc361) Importer(815301076,1909f56bfc062723c751e8b465ee728b)
Start importing Assets/JMO Assets/WarFX/_Effects/MuzzleFlashes/4Planes/WFX_MF 4P RIFLE2.prefab using Guid(b0a227fc2e558f241b1c747820ccc361) Importer(815301076,1909f56bfc062723c751e8b465ee728b)  -> (artifact id: '07321dc7039cef0f47751fd43de7c6dd') in 0.098993 seconds 
========================================================================
Received Import Request.
  Time since last request: 0.000127 seconds.
  path: Assets/JMO Assets/WarFX/_Effects/Fire/Gray Smoke/WFX_GazFireBig (Gray Smoke).prefab
  artifactKey: Guid(b129faff9037943418e319f01ef35913) Importer(815301076,1909f56bfc062723c751e8b465ee728b)
Start importing Assets/JMO Assets/WarFX/_Effects/Fire/Gray Smoke/WFX_GazFireBig (Gray Smoke).prefab using Guid(b129faff9037943418e319f01ef35913) Importer(815301076,1909f56bfc062723c751e8b465ee728b)  -> (artifact id: '9dc436ae7a3b2abf3cde49906ccf5794') in 0.065426 seconds 
========================================================================
Received Import Request.
  Time since last request: 0.000038 seconds.
  path: Assets/JMO Assets/WarFX/_Effects/Smoke/WFX_SmokeGrenade AlphaBlend Black.prefab
  artifactKey: Guid(6f8449a4663a4fd44b6140772d4f39f9) Importer(815301076,1909f56bfc062723c751e8b465ee728b)
Start importing Assets/JMO Assets/WarFX/_Effects/Smoke/WFX_SmokeGrenade AlphaBlend Black.prefab using Guid(6f8449a4663a4fd44b6140772d4f39f9) Importer(815301076,1909f56bfc062723c751e8b465ee728b)  -> (artifact id: '35ca1c154115ce990b750c3455a2509f') in 0.109534 seconds 
========================================================================
Received Import Request.
  Time since last request: 0.000045 seconds.
  path: Assets/JMO Assets/WarFX/_Effects/Smoke/Color Variants/WFX_SmokeGrenade Green.prefab
  artifactKey: Guid(298ea2e9f387a124d9ee2b3ac6bb3a23) Importer(815301076,1909f56bfc062723c751e8b465ee728b)
Start importing Assets/JMO Assets/WarFX/_Effects/Smoke/Color Variants/WFX_SmokeGrenade Green.prefab using Guid(298ea2e9f387a124d9ee2b3ac6bb3a23) Importer(815301076,1909f56bfc062723c751e8b465ee728b)  -> (artifact id: '3db46110e238b610c4cd7101d7503cde') in 0.081875 seconds 
========================================================================
Received Import Request.
  Time since last request: 0.000060 seconds.
  path: Assets/JMO Assets/WarFX/_Effects (Mobile)/Fire/Black Smoke/WFXMR_Fire Natural Broad (Black Smoke).prefab
  artifactKey: Guid(fb98c59db5f557e42917111512376ab7) Importer(815301076,1909f56bfc062723c751e8b465ee728b)
Start importing Assets/JMO Assets/WarFX/_Effects (Mobile)/Fire/Black Smoke/WFXMR_Fire Natural Broad (Black Smoke).prefab using Guid(fb98c59db5f557e42917111512376ab7) Importer(815301076,1909f56bfc062723c751e8b465ee728b)  -> (artifact id: 'd5ab741d57d24118c025b81e145ca059') in 0.086872 seconds 
========================================================================
Received Import Request.
  Time since last request: 0.000049 seconds.
  path: Assets/JMO Assets/WarFX/_Effects (Mobile)/Fire/Gray Smoke/WFXMR_Fire Natural (Gray Smoke).prefab
  artifactKey: Guid(70f4ae7b25c458e45a1f83a9bbf8f2d9) Importer(815301076,1909f56bfc062723c751e8b465ee728b)
Start importing Assets/JMO Assets/WarFX/_Effects (Mobile)/Fire/Gray Smoke/WFXMR_Fire Natural (Gray Smoke).prefab using Guid(70f4ae7b25c458e45a1f83a9bbf8f2d9) Importer(815301076,1909f56bfc062723c751e8b465ee728b)  -> (artifact id: 'aa189fc57d4c0e7e632b4a1d9c4ab42c') in 0.178625 seconds 
========================================================================
Received Import Request.
  Time since last request: 0.000031 seconds.
  path: Assets/Models/LowPolyBarriersPackFree/BarriersAssets/Prefabs/BarbedWireBarriers/WoodenBarbedWireBarrier_33_v1.prefab
  artifactKey: Guid(b4b7339fb3082864b8444ec917d80cf4) Importer(815301076,1909f56bfc062723c751e8b465ee728b)
Start importing Assets/Models/LowPolyBarriersPackFree/BarriersAssets/Prefabs/BarbedWireBarriers/WoodenBarbedWireBarrier_33_v1.prefab using Guid(b4b7339fb3082864b8444ec917d80cf4) Importer(815301076,1909f56bfc062723c751e8b465ee728b)  -> (artifact id: '80e6ce4dd23dd2f99595718c2b30606c') in 0.439371 seconds 
========================================================================
Received Import Request.
  Time since last request: 0.000179 seconds.
  path: Assets/PolygonZombies/Prefabs/Zombie_Jacket_Male_01.prefab
  artifactKey: Guid(ff2cafa10adeb4b43ab64ebe754ad3d7) Importer(815301076,1909f56bfc062723c751e8b465ee728b)
Start importing Assets/PolygonZombies/Prefabs/Zombie_Jacket_Male_01.prefab using Guid(ff2cafa10adeb4b43ab64ebe754ad3d7) Importer(815301076,1909f56bfc062723c751e8b465ee728b)  -> (artifact id: 'bf2b64b8ff0b4de590b35dd609ff3630') in 0.822298 seconds 
========================================================================
Received Import Request.
  Time since last request: 0.049324 seconds.
  path: Assets/PolygonZombies/Prefabs/Zombie_Paramedic_Female_01.prefab
  artifactKey: Guid(8d862076c59fabf43b7ca2084f63226f) Importer(815301076,1909f56bfc062723c751e8b465ee728b)
Start importing Assets/PolygonZombies/Prefabs/Zombie_Paramedic_Female_01.prefab using Guid(8d862076c59fabf43b7ca2084f63226f) Importer(815301076,1909f56bfc062723c751e8b465ee728b)  -> (artifact id: '09cc938b643b5f2bff5c3bc2ad5fc4a5') in 0.559952 seconds 
========================================================================
Received Import Request.
  Time since last request: 0.000104 seconds.
  path: Assets/PolygonZombies/Prefabs/Zombie_Underwear_Female_01.prefab
  artifactKey: Guid(d6d9d31ece8da534098c0e9337b9708a) Importer(815301076,1909f56bfc062723c751e8b465ee728b)
Start importing Assets/PolygonZombies/Prefabs/Zombie_Underwear_Female_01.prefab using Guid(d6d9d31ece8da534098c0e9337b9708a) Importer(815301076,1909f56bfc062723c751e8b465ee728b)  -> (artifact id: 'db0253d9f41316b16fdf60a7f22d29b5') in 0.656345 seconds 
========================================================================
Received Import Request.
  Time since last request: 0.000113 seconds.
  path: Assets/PolygonZombies/Prefabs/Zombie_FastfoodWorker_Male_01.prefab
  artifactKey: Guid(2bce6f5837b77684b98b6c0116612065) Importer(815301076,1909f56bfc062723c751e8b465ee728b)
Start importing Assets/PolygonZombies/Prefabs/Zombie_FastfoodWorker_Male_01.prefab using Guid(2bce6f5837b77684b98b6c0116612065) Importer(815301076,1909f56bfc062723c751e8b465ee728b)  -> (artifact id: 'f8e446261b45d6f7f9731783d4be12ba') in 0.691079 seconds 
========================================================================
Received Import Request.
  Time since last request: 0.000046 seconds.
  path: Assets/PolygonZombies/Prefabs/Zombie_Grandpa_Male_01.prefab
  artifactKey: Guid(4bcf20765be80ca43a7cfa0cc4f61d82) Importer(815301076,1909f56bfc062723c751e8b465ee728b)
Start importing Assets/PolygonZombies/Prefabs/Zombie_Grandpa_Male_01.prefab using Guid(4bcf20765be80ca43a7cfa0cc4f61d82) Importer(815301076,1909f56bfc062723c751e8b465ee728b)  -> (artifact id: 'bce20cf5a4ef4cf19f709002f5bd38db') in 0.819063 seconds 
========================================================================
Received Import Request.
  Time since last request: 0.000120 seconds.
  path: Assets/PolygonZombies/Prefabs/Zombie_BioHazardSuit_Male_01.prefab
  artifactKey: Guid(cecba8cbb65991c42a1e7219f8210b9a) Importer(815301076,1909f56bfc062723c751e8b465ee728b)
Start importing Assets/PolygonZombies/Prefabs/Zombie_BioHazardSuit_Male_01.prefab using Guid(cecba8cbb65991c42a1e7219f8210b9a) Importer(815301076,1909f56bfc062723c751e8b465ee728b)  -> (artifact id: '8b58e0311c9c5718f789bf5b18e5fd5d') in 0.663274 seconds 
========================================================================
Received Import Request.
  Time since last request: 0.000050 seconds.
  path: Assets/JMO Assets/WarFX/_Effects (Mobile)/Smoke/Color Variants/WFXMR_SmokeGrenade Yellow.prefab
  artifactKey: Guid(b5a53f08c73a5384c8790c0c16fa56ab) Importer(815301076,1909f56bfc062723c751e8b465ee728b)
Start importing Assets/JMO Assets/WarFX/_Effects (Mobile)/Smoke/Color Variants/WFXMR_SmokeGrenade Yellow.prefab using Guid(b5a53f08c73a5384c8790c0c16fa56ab) Importer(815301076,1909f56bfc062723c751e8b465ee728b)  -> (artifact id: '61a0bbb63abc6cce4e29d9b502dd445a') in 0.215531 seconds 
========================================================================
Received Import Request.
  Time since last request: 0.000126 seconds.
  path: Assets/JMO Assets/WarFX/_Effects (Mobile)/Explosions/WFXMR_ExplosiveSmoke Small.prefab
  artifactKey: Guid(42f257b24c959a44794a35d032e9da12) Importer(815301076,1909f56bfc062723c751e8b465ee728b)
Start importing Assets/JMO Assets/WarFX/_Effects (Mobile)/Explosions/WFXMR_ExplosiveSmoke Small.prefab using Guid(42f257b24c959a44794a35d032e9da12) Importer(815301076,1909f56bfc062723c751e8b465ee728b)  -> (artifact id: '900c14dc7de00505d7e31db907627829') in 0.086591 seconds 
========================================================================
Received Import Request.
  Time since last request: 0.000049 seconds.
  path: Assets/PolygonZombies/Prefabs/Zombie_SummerGirl_Female_01.prefab
  artifactKey: Guid(f91c7ce3a32256e4eb15f8b3e6191a7c) Importer(815301076,1909f56bfc062723c751e8b465ee728b)
Start importing Assets/PolygonZombies/Prefabs/Zombie_SummerGirl_Female_01.prefab using Guid(f91c7ce3a32256e4eb15f8b3e6191a7c) Importer(815301076,1909f56bfc062723c751e8b465ee728b)  -> (artifact id: '5ece13aec363f1b11e2e126d24c3b596') in 0.822816 seconds 
========================================================================
Received Import Request.
  Time since last request: 0.000044 seconds.
  path: Assets/JMO Assets/WarFX/_Effects (Mobile)/Fire/Black Smoke/WFXMR_GazFire (Black Smoke).prefab
  artifactKey: Guid(17315d51dc90be34cad95e853f26b6ae) Importer(815301076,1909f56bfc062723c751e8b465ee728b)
Start importing Assets/JMO Assets/WarFX/_Effects (Mobile)/Fire/Black Smoke/WFXMR_GazFire (Black Smoke).prefab using Guid(17315d51dc90be34cad95e853f26b6ae) Importer(815301076,1909f56bfc062723c751e8b465ee728b)  -> (artifact id: '37f4ef20e80c1779e332398665705537') in 0.122731 seconds 
========================================================================
Received Import Request.
  Time since last request: 0.000198 seconds.
  path: Assets/PolygonZombies/Prefabs/Zombie_Jock_Male_01.prefab
  artifactKey: Guid(e05321c6e6ad7b845942de92aafc2395) Importer(815301076,1909f56bfc062723c751e8b465ee728b)
Start importing Assets/PolygonZombies/Prefabs/Zombie_Jock_Male_01.prefab using Guid(e05321c6e6ad7b845942de92aafc2395) Importer(815301076,1909f56bfc062723c751e8b465ee728b)  -> (artifact id: '825d53e5c7cb657f44ee906b95898b50') in 0.840932 seconds 
========================================================================
Received Import Request.
  Time since last request: 0.000065 seconds.
  path: Assets/Models/Poly City - Free Cartoon Pack/Prefabs/Window.prefab
  artifactKey: Guid(3bb902e869a9e9647a693b910b597540) Importer(815301076,1909f56bfc062723c751e8b465ee728b)
Start importing Assets/Models/Poly City - Free Cartoon Pack/Prefabs/Window.prefab using Guid(3bb902e869a9e9647a693b910b597540) Importer(815301076,1909f56bfc062723c751e8b465ee728b)  -> (artifact id: '7651ad14da9c058a157ff87f3688aef4') in 0.072088 seconds 
========================================================================
Received Import Request.
  Time since last request: 0.000101 seconds.
  path: Assets/PolygonZombies/Prefabs/Zombie_Punk_Male_01.prefab
  artifactKey: Guid(0439985487c8b4342909dcf09068091b) Importer(815301076,1909f56bfc062723c751e8b465ee728b)
Start importing Assets/PolygonZombies/Prefabs/Zombie_Punk_Male_01.prefab using Guid(0439985487c8b4342909dcf09068091b) Importer(815301076,1909f56bfc062723c751e8b465ee728b)  -> (artifact id: '08a135283b9925a2dfc1cf72983c3bc5') in 0.311174 seconds 
========================================================================
Received Import Request.
  Time since last request: 0.000077 seconds.
  path: Assets/JMO Assets/WarFX/_Effects (Mobile)/Explosions/WFXMR_ExplosiveSmokeGround Big.prefab
  artifactKey: Guid(fafeb973cad62304ba2abdc5dfafbf8f) Importer(815301076,1909f56bfc062723c751e8b465ee728b)
Start importing Assets/JMO Assets/WarFX/_Effects (Mobile)/Explosions/WFXMR_ExplosiveSmokeGround Big.prefab using Guid(fafeb973cad62304ba2abdc5dfafbf8f) Importer(815301076,1909f56bfc062723c751e8b465ee728b)  -> (artifact id: 'dc61f311da2fe8f5c3af2e3124cc4d42') in 0.115717 seconds 
========================================================================
Received Import Request.
  Time since last request: 0.000081 seconds.
  path: Assets/PolygonZombies/Prefabs/Zombie_Grandma_Female_01.prefab
  artifactKey: Guid(da241a1c1c2f4b344926c84ef25128ac) Importer(815301076,1909f56bfc062723c751e8b465ee728b)
Start importing Assets/PolygonZombies/Prefabs/Zombie_Grandma_Female_01.prefab using Guid(da241a1c1c2f4b344926c84ef25128ac) Importer(815301076,1909f56bfc062723c751e8b465ee728b)  -> (artifact id: '03a77e777f5e65725677322029dde438') in 0.307599 seconds 
========================================================================
Received Import Request.
  Time since last request: 0.000083 seconds.
  path: Assets/PolygonZombies/Prefabs/Zombie_SchoolGirl_Female_01.prefab
  artifactKey: Guid(b7a521fe7dabb734a87b288a49e9b68b) Importer(815301076,1909f56bfc062723c751e8b465ee728b)
Start importing Assets/PolygonZombies/Prefabs/Zombie_SchoolGirl_Female_01.prefab using Guid(b7a521fe7dabb734a87b288a49e9b68b) Importer(815301076,1909f56bfc062723c751e8b465ee728b)  -> (artifact id: '35d6aca65ed61f383128a03626085849') in 0.424265 seconds 
========================================================================
Received Import Request.
  Time since last request: 0.000100 seconds.
  path: Assets/JMO Assets/WarFX/Mobile/Materials/Smoke/WFXM_M_SmokeSpikeStretched.mat
  artifactKey: Guid(93dce8cc7e473ee45b0642d381f4b314) Importer(815301076,1909f56bfc062723c751e8b465ee728b)
Start importing Assets/JMO Assets/WarFX/Mobile/Materials/Smoke/WFXM_M_SmokeSpikeStretched.mat using Guid(93dce8cc7e473ee45b0642d381f4b314) Importer(815301076,1909f56bfc062723c751e8b465ee728b)  -> (artifact id: '80b8e0be9c27142efdf58c17b55c9493') in 0.368982 seconds 
========================================================================
Received Import Request.
  Time since last request: 0.000050 seconds.
  path: Assets/Models/Flat Textures Pack/Materials/Winter_ChunkyIce.mat
  artifactKey: Guid(5f0995ce430fd1745a585b6cfe9c2ca9) Importer(815301076,1909f56bfc062723c751e8b465ee728b)
Start importing Assets/Models/Flat Textures Pack/Materials/Winter_ChunkyIce.mat using Guid(5f0995ce430fd1745a585b6cfe9c2ca9) Importer(815301076,1909f56bfc062723c751e8b465ee728b)  -> (artifact id: '8f4ad23554315c24e7e5c1c1fa4565a1') in 0.263636 seconds 
========================================================================
Received Import Request.
  Time since last request: 0.000069 seconds.
  path: Assets/PolygonZombies/Prefabs/Zombie_Businessman_Male_01.prefab
  artifactKey: Guid(0e2c74548f9e2284aa68e9dc8544219c) Importer(815301076,1909f56bfc062723c751e8b465ee728b)
Start importing Assets/PolygonZombies/Prefabs/Zombie_Businessman_Male_01.prefab using Guid(0e2c74548f9e2284aa68e9dc8544219c) Importer(815301076,1909f56bfc062723c751e8b465ee728b)  -> (artifact id: '65773e2853abe3d0aac9471e090eff61') in 0.512131 seconds 
========================================================================
Received Import Request.
  Time since last request: 0.000123 seconds.
  path: Assets/PolygonZombies/Prefabs/Zombie_Firefighter_Male_01.prefab
  artifactKey: Guid(7cb0205c5f7aeba45b91883f9425fcab) Importer(815301076,1909f56bfc062723c751e8b465ee728b)
Start importing Assets/PolygonZombies/Prefabs/Zombie_Firefighter_Male_01.prefab using Guid(7cb0205c5f7aeba45b91883f9425fcab) Importer(815301076,1909f56bfc062723c751e8b465ee728b)  -> (artifact id: '8b551207d71acf2079278bc8e27125b4') in 0.622355 seconds 
========================================================================
Received Import Request.
  Time since last request: 0.000127 seconds.
  path: Assets/PolygonZombies/Prefabs/Zombie_SchoolBoy_Male_01.prefab
  artifactKey: Guid(77ee7dbaf71e1664fa6fb7b0b13d05a0) Importer(815301076,1909f56bfc062723c751e8b465ee728b)
Start importing Assets/PolygonZombies/Prefabs/Zombie_SchoolBoy_Male_01.prefab using Guid(77ee7dbaf71e1664fa6fb7b0b13d05a0) Importer(815301076,1909f56bfc062723c751e8b465ee728b)  -> (artifact id: '2a02c4aa264d44573dea21febd4885bf') in 0.284973 seconds 
========================================================================
Received Import Request.
  Time since last request: 0.000058 seconds.
  path: Assets/JMO Assets/WarFX/_Effects/Explosions/WFX_Nuke.prefab
  artifactKey: Guid(6ecf76dc4f268d340b2666896a954bcc) Importer(815301076,1909f56bfc062723c751e8b465ee728b)
Start importing Assets/JMO Assets/WarFX/_Effects/Explosions/WFX_Nuke.prefab using Guid(6ecf76dc4f268d340b2666896a954bcc) Importer(815301076,1909f56bfc062723c751e8b465ee728b)  -> (artifact id: '9775017181b79c023d55e155ec670f3c') in 0.074966 seconds 
========================================================================
Received Import Request.
  Time since last request: 0.003761 seconds.
  path: Assets/JMO Assets/WarFX/Mobile/Textures/MuzzleFlashes/WFXM_T_MF Side RIFLE2 A8.png
  artifactKey: Guid(c1f93861bd2b8a4498997334a868b1a5) Importer(815301076,1909f56bfc062723c751e8b465ee728b)
Start importing Assets/JMO Assets/WarFX/Mobile/Textures/MuzzleFlashes/WFXM_T_MF Side RIFLE2 A8.png using Guid(c1f93861bd2b8a4498997334a868b1a5) Importer(815301076,1909f56bfc062723c751e8b465ee728b)  -> (artifact id: '41c7b712037f7fb87f52459f76da4aa0') in 0.187910 seconds 
========================================================================
Received Import Request.
  Time since last request: 0.000083 seconds.
  path: Assets/PolygonZombies/Prefabs/Zombie_Prisoner_Male_01.prefab
  artifactKey: Guid(fd7713efca146e545aafa284b89a051e) Importer(815301076,1909f56bfc062723c751e8b465ee728b)
Start importing Assets/PolygonZombies/Prefabs/Zombie_Prisoner_Male_01.prefab using Guid(fd7713efca146e545aafa284b89a051e) Importer(815301076,1909f56bfc062723c751e8b465ee728b)  -> (artifact id: 'a83135f3fe39f3c7cb7b07a7f9e7ce72') in 0.323808 seconds 
========================================================================
Received Import Request.
  Time since last request: 0.000058 seconds.
  path: Assets/JMO Assets/WarFX/_Effects (Mobile)/Fire/WFXMR_GazFireBig (Green).prefab
  artifactKey: Guid(80c0dbff78cd8674db70406cfc8b1519) Importer(815301076,1909f56bfc062723c751e8b465ee728b)
Start importing Assets/JMO Assets/WarFX/_Effects (Mobile)/Fire/WFXMR_GazFireBig (Green).prefab using Guid(80c0dbff78cd8674db70406cfc8b1519) Importer(815301076,1909f56bfc062723c751e8b465ee728b)  -> (artifact id: '53f006b6e3a66b25430179d4251bee00') in 0.083422 seconds 
========================================================================
Received Import Request.
  Time since last request: 0.000034 seconds.
  path: Assets/JMO Assets/WarFX/_Effects (Mobile)/Explosions/WFXMR_Explosion LandMine.prefab
  artifactKey: Guid(872363974360b1540b92d8d9e0453afa) Importer(815301076,1909f56bfc062723c751e8b465ee728b)
Start importing Assets/JMO Assets/WarFX/_Effects (Mobile)/Explosions/WFXMR_Explosion LandMine.prefab using Guid(872363974360b1540b92d8d9e0453afa) Importer(815301076,1909f56bfc062723c751e8b465ee728b)  -> (artifact id: 'd9c79425cdedec84a3b66877b1376eb5') in 0.090381 seconds 
========================================================================
Received Import Request.
  Time since last request: 0.000062 seconds.
  path: Assets/JMO Assets/WarFX/Mobile/Materials/MuzzleFlashes/WFXM_M_MF Glow.mat
  artifactKey: Guid(5cd541080cf73ee4bbe682724bd0887b) Importer(815301076,1909f56bfc062723c751e8b465ee728b)
Start importing Assets/JMO Assets/WarFX/Mobile/Materials/MuzzleFlashes/WFXM_M_MF Glow.mat using Guid(5cd541080cf73ee4bbe682724bd0887b) Importer(815301076,1909f56bfc062723c751e8b465ee728b)  -> (artifact id: '75264c5ae5a070b11cdedde3886e64c0') in 0.089349 seconds 
========================================================================
Received Import Request.
  Time since last request: 0.000137 seconds.
  path: Assets/PolygonZombies/Prefabs/Zombie_Son_Male_01.prefab
  artifactKey: Guid(e0e167f92e65a254da5ef2b62ad5e710) Importer(815301076,1909f56bfc062723c751e8b465ee728b)
Start importing Assets/PolygonZombies/Prefabs/Zombie_Son_Male_01.prefab using Guid(e0e167f92e65a254da5ef2b62ad5e710) Importer(815301076,1909f56bfc062723c751e8b465ee728b)  -> (artifact id: 'bc12b323603a990f924bf631be706379') in 0.414797 seconds 
========================================================================
Received Import Request.
  Time since last request: 0.000095 seconds.
  path: Assets/JMO Assets/WarFX/_Effects/MuzzleFlashes/4Planes/WFX_MF 4P RIFLE1.prefab
  artifactKey: Guid(c888f0c922d622147bbdbe2ca794142b) Importer(815301076,1909f56bfc062723c751e8b465ee728b)
Start importing Assets/JMO Assets/WarFX/_Effects/MuzzleFlashes/4Planes/WFX_MF 4P RIFLE1.prefab using Guid(c888f0c922d622147bbdbe2ca794142b) Importer(815301076,1909f56bfc062723c751e8b465ee728b)  -> (artifact id: 'c8850cbb14f139863f9b0038613cc1fb') in 0.149447 seconds 
========================================================================
Received Import Request.
  Time since last request: 0.036204 seconds.
  path: Assets/JMO Assets/WarFX/_Effects/Smoke/Color Variants/WFX_SmokeGrenade Blue.prefab
  artifactKey: Guid(fea95a8674a12ca469d953eefadb847c) Importer(815301076,1909f56bfc062723c751e8b465ee728b)
Start importing Assets/JMO Assets/WarFX/_Effects/Smoke/Color Variants/WFX_SmokeGrenade Blue.prefab using Guid(fea95a8674a12ca469d953eefadb847c) Importer(815301076,1909f56bfc062723c751e8b465ee728b)  -> (artifact id: '52144183c4f989545ed5ba67ed138ccd') in 0.292963 seconds 
========================================================================
Received Import Request.
  Time since last request: 0.014028 seconds.
  path: Assets/JMO Assets/WarFX/_Effects (Mobile)/Smoke/WFXMR_SmokeGrenade Gray.prefab
  artifactKey: Guid(2ba9ef067d14f12478dc4de6baf23094) Importer(815301076,1909f56bfc062723c751e8b465ee728b)
Start importing Assets/JMO Assets/WarFX/_Effects (Mobile)/Smoke/WFXMR_SmokeGrenade Gray.prefab using Guid(2ba9ef067d14f12478dc4de6baf23094) Importer(815301076,1909f56bfc062723c751e8b465ee728b)  -> (artifact id: '7a1ae44e86574cccc5c66dc468e20832') in 0.261273 seconds 
========================================================================
Received Import Request.
  Time since last request: 0.000049 seconds.
  path: Assets/JMO Assets/WarFX/_Effects (Mobile)/Fire/WFXMR_FlameThrower Big.prefab
  artifactKey: Guid(3f06cc5630765384d94a7bf00f84b113) Importer(815301076,1909f56bfc062723c751e8b465ee728b)
Start importing Assets/JMO Assets/WarFX/_Effects (Mobile)/Fire/WFXMR_FlameThrower Big.prefab using Guid(3f06cc5630765384d94a7bf00f84b113) Importer(815301076,1909f56bfc062723c751e8b465ee728b)  -> (artifact id: 'c5351c9323f07b9f6c62b0117a5ca434') in 0.093937 seconds 
========================================================================
Received Import Request.
  Time since last request: 0.000121 seconds.
  path: Assets/JMO Assets/WarFX/Mobile/Materials/Misc/WFXM_M_StretchPalet.mat
  artifactKey: Guid(ae862d3e96e550448b065f9e4e239fa6) Importer(815301076,1909f56bfc062723c751e8b465ee728b)
Start importing Assets/JMO Assets/WarFX/Mobile/Materials/Misc/WFXM_M_StretchPalet.mat using Guid(ae862d3e96e550448b065f9e4e239fa6) Importer(815301076,1909f56bfc062723c751e8b465ee728b)  -> (artifact id: '6ad025c971b3869f65cfe755a3965430') in 0.218729 seconds 
========================================================================
Received Import Request.
  Time since last request: 0.000069 seconds.
  path: Assets/JMO Assets/WarFX/_Effects (Mobile)/Smoke/WFXMR_SmokeGrenade White.prefab
  artifactKey: Guid(32c740ca47073a54ebef2634b8b8371f) Importer(815301076,1909f56bfc062723c751e8b465ee728b)
Start importing Assets/JMO Assets/WarFX/_Effects (Mobile)/Smoke/WFXMR_SmokeGrenade White.prefab using Guid(32c740ca47073a54ebef2634b8b8371f) Importer(815301076,1909f56bfc062723c751e8b465ee728b)  -> (artifact id: '0de0218687d91f874f1a7524388bd20a') in 0.220868 seconds 
========================================================================
Received Import Request.
  Time since last request: 0.000969 seconds.
  path: Assets/Models/Flat Textures Pack/Materials/Winter_IceCliff.mat
  artifactKey: Guid(41b973d990ff1c748a4f9a7c29998342) Importer(815301076,1909f56bfc062723c751e8b465ee728b)
Start importing Assets/Models/Flat Textures Pack/Materials/Winter_IceCliff.mat using Guid(41b973d990ff1c748a4f9a7c29998342) Importer(815301076,1909f56bfc062723c751e8b465ee728b)  -> (artifact id: '329e078cd3150ae291b07aa9cd851790') in 0.244167 seconds 
========================================================================
Received Import Request.
  Time since last request: 24.671181 seconds.
  path: Assets/JMO Assets/WarFX/Demo/Assets/WFX_Demo_T_Cobblestone Normal.tga
  artifactKey: Guid(9ad1b7cbb4464c54ea0514cfe41f9bed) Importer(815301076,1909f56bfc062723c751e8b465ee728b)
Start importing Assets/JMO Assets/WarFX/Demo/Assets/WFX_Demo_T_Cobblestone Normal.tga using Guid(9ad1b7cbb4464c54ea0514cfe41f9bed) Importer(815301076,1909f56bfc062723c751e8b465ee728b)  -> (artifact id: '47fbfdbb4124a84b9fadf45a24ee7578') in 0.087350 seconds 
========================================================================
Received Import Request.
  Time since last request: 0.000040 seconds.
  path: Assets/JMO Assets/WarFX/Demo/Assets/WFX_Demo_T_Metal Normal.tga
  artifactKey: Guid(eb7b1c04257f39243a38762db836d80c) Importer(815301076,1909f56bfc062723c751e8b465ee728b)
Start importing Assets/JMO Assets/WarFX/Demo/Assets/WFX_Demo_T_Metal Normal.tga using Guid(eb7b1c04257f39243a38762db836d80c) Importer(815301076,1909f56bfc062723c751e8b465ee728b)  -> (artifact id: 'd5b724154c4e6c2dad7c0002f8d4e6de') in 0.111913 seconds 
========================================================================
Received Import Request.
  Time since last request: 5.089075 seconds.
  path: Assets/JMO Assets/WarFX/Mobile/Textures/Flames/WFXM_T_FlamesBig.tga
  artifactKey: Guid(c75eb77b7d09e4e42a99f9adf75e32cb) Importer(815301076,1909f56bfc062723c751e8b465ee728b)
Start importing Assets/JMO Assets/WarFX/Mobile/Textures/Flames/WFXM_T_FlamesBig.tga using Guid(c75eb77b7d09e4e42a99f9adf75e32cb) Importer(815301076,1909f56bfc062723c751e8b465ee728b)  -> (artifact id: '0f54b5e9bd5581ddd263844c83e19213') in 0.107736 seconds 
========================================================================
Received Import Request.
  Time since last request: 0.000072 seconds.
  path: Assets/JMO Assets/WarFX/Mobile/Textures/Flames/WFXM_T_FlamesBig A8.tga
  artifactKey: Guid(bb71b965fb657ac4188ec7eff1a468ac) Importer(815301076,1909f56bfc062723c751e8b465ee728b)
Start importing Assets/JMO Assets/WarFX/Mobile/Textures/Flames/WFXM_T_FlamesBig A8.tga using Guid(bb71b965fb657ac4188ec7eff1a468ac) Importer(815301076,1909f56bfc062723c751e8b465ee728b)  -> (artifact id: '02fe0130f561c3a11c69b8e360d843aa') in 0.119997 seconds 
========================================================================
Received Prepare
Registering precompiled user dll's ...
Registered in 0.039102 seconds.
Begin MonoManager ReloadAssembly
Symbol file LoadedFromMemory doesn't match image C:\Users\Teoman\Desktop\bitirme-projemiz\bitirme-projemiz\Library\PackageCache\com.unity.visualscripting@1.8.0\Editor\VisualScripting.Core\Dependencies\YamlDotNet\Unity.VisualScripting.YamlDotNet.dll
Symbol file LoadedFromMemory doesn't match image C:\Users\Teoman\Desktop\bitirme-projemiz\bitirme-projemiz\Library\PackageCache\com.unity.visualscripting@1.8.0\Editor\VisualScripting.Core\Dependencies\DotNetZip\Unity.VisualScripting.IonicZip.dll
Native extension for WindowsStandalone target not found
Native extension for Android target not found
Refreshing native plugins compatible for Editor in 2.78 ms, found 3 plugins.
Preloading 0 native plugins for Editor in 0.00 ms.
Mono: successfully reloaded assembly
- Completed reload, in  4.500 seconds
Domain Reload Profiling:
	ReloadAssembly (4505ms)
		BeginReloadAssembly (373ms)
			ExecutionOrderSort (0ms)
			DisableScriptedObjects (13ms)
			BackupInstance (0ms)
			ReleaseScriptingObjects (0ms)
			CreateAndSetChildDomain (110ms)
		EndReloadAssembly (3801ms)
			LoadAssemblies (220ms)
			RebuildTransferFunctionScriptingTraits (0ms)
			SetupTypeCache (1095ms)
			ReleaseScriptCaches (5ms)
			RebuildScriptCaches (153ms)
			SetupLoadedEditorAssemblies (2035ms)
				LogAssemblyErrors (0ms)
				InitializePlatformSupportModulesInManaged (91ms)
				SetLoadedEditorAssemblies (1ms)
				RefreshPlugins (3ms)
				BeforeProcessingInitializeOnLoad (179ms)
				ProcessInitializeOnLoadAttributes (1545ms)
				ProcessInitializeOnLoadMethodAttributes (185ms)
				AfterProcessingInitializeOnLoad (29ms)
				EditorAssembliesLoaded (1ms)
			ExecutionOrderSort2 (0ms)
			AwakeInstancesAfterBackupRestoration (55ms)
Platform modules already initialized, skipping
Shader 'WFX/Transparent Diffuse': fallback shader 'Particles/Alpha Blended' not found
Shader 'WFX/Transparent Specular': fallback shader 'Particles/Alpha Blended' not found
Refreshing native plugins compatible for Editor in 8.45 ms, found 3 plugins.
Preloading 0 native plugins for Editor in 0.00 ms.
Unloading 3075 Unused Serialized files (Serialized files now loaded: 0)
Unloading 16 unused Assets / (25.4 KB). Loaded Objects now: 3623.
Memory consumption went from 203.7 MB to 203.7 MB.
Total: 10.961200 ms (FindLiveObjects: 0.849300 ms CreateObjectMapping: 0.578900 ms MarkObjects: 9.187700 ms  DeleteObjects: 0.342300 ms)

AssetImportParameters requested are different than current active one (requested -> active):
  custom:video-decoder-ogg-theora: a1e56fd34408186e4bbccfd4996cb3dc -> 
  custom:container-muxer-webm: aa71ff27fc2769a1b78a27578f13a17b -> 
  custom:container-demuxer-webm: 4f35f7cbe854078d1ac9338744f61a02 -> 
  custom:video-encoder-webm-vp8: eb34c28f22e8b96e1ab97ce403110664 -> 
  custom:audio-encoder-webm-vorbis: bf7c407c2cedff20999df2af8eb42d56 -> 
  custom:framework-win-MediaFoundation: 216162199b28c13a410421893ffa2e32 -> 
  custom:container-demuxer-ogg: 62fdf1f143b41e24485cea50d1cbac27 -> 
  custom:video-decoder-webm-vp8: 9c59270c3fd7afecdb556c50c9e8de78 -> 
  custom:audio-decoder-ogg-vorbis: bf7c407c2cedff20999df2af8eb42d56 -> 
Editor requested this worker to shutdown with reason: Scaling down because of idle timeout
AssetImportWorker is now disconnected from the server
Process exiting
Exiting without the bug reporter. Application will terminate with return code 0