Using pre-set license
Built from '2021.3/staging' branch; Version is '2021.3.19f1 (c9714fde33b6) revision 13201743'; Using compiler version '192829333'; Build Type 'Release'
OS: 'Windows 10  (10.0.19045) 64bit Professional' Language: 'tr' Physical Memory: 32604 MB
BatchMode: 1, IsHumanControllingUs: 0, StartBugReporterOnCrash: 0, Is64bit: 1, IsPro: 1

COMMAND LINE ARGUMENTS:
D:\editor\2021.3.19f1\Editor\Unity.exe
-adb2
-batchMode
-noUpm
-name
AssetImportWorker4
-projectPath
C:/Users/MehmetEmin/Desktop/bitirmedeneme/bitirme-projemiz
-logFile
Logs/AssetImportWorker4.log
-srvPort
56053
Successfully changed project path to: C:/Users/MehmetEmin/Desktop/bitirmedeneme/bitirme-projemiz
C:/Users/MehmetEmin/Desktop/bitirmedeneme/bitirme-projemiz
[UnityMemory] Configuration Parameters - Can be set up in boot.config
    "memorysetup-bucket-allocator-granularity=16"
    "memorysetup-bucket-allocator-bucket-count=8"
    "memorysetup-bucket-allocator-block-size=33554432"
    "memorysetup-bucket-allocator-block-count=8"
    "memorysetup-main-allocator-block-size=16777216"
    "memorysetup-thread-allocator-block-size=16777216"
    "memorysetup-gfx-main-allocator-block-size=16777216"
    "memorysetup-gfx-thread-allocator-block-size=16777216"
    "memorysetup-cache-allocator-block-size=4194304"
    "memorysetup-typetree-allocator-block-size=2097152"
    "memorysetup-profiler-bucket-allocator-granularity=16"
    "memorysetup-profiler-bucket-allocator-bucket-count=8"
    "memorysetup-profiler-bucket-allocator-block-size=33554432"
    "memorysetup-profiler-bucket-allocator-block-count=8"
    "memorysetup-profiler-allocator-block-size=16777216"
    "memorysetup-profiler-editor-allocator-block-size=1048576"
    "memorysetup-temp-allocator-size-main=16777216"
    "memorysetup-job-temp-allocator-block-size=2097152"
    "memorysetup-job-temp-allocator-block-size-background=1048576"
    "memorysetup-job-temp-allocator-reduction-small-platforms=262144"
    "memorysetup-temp-allocator-size-background-worker=32768"
    "memorysetup-temp-allocator-size-job-worker=262144"
    "memorysetup-temp-allocator-size-preload-manager=33554432"
    "memorysetup-temp-allocator-size-nav-mesh-worker=65536"
    "memorysetup-temp-allocator-size-audio-worker=65536"
    "memorysetup-temp-allocator-size-cloud-worker=32768"
    "memorysetup-temp-allocator-size-gi-baking-worker=262144"
    "memorysetup-temp-allocator-size-gfx=262144"
Player connection [22068] Host "[IP] 192.168.56.1 [Port] 0 [Flags] 2 [Guid] 4276007951 [EditorId] 4276007951 [Version] 1048832 [Id] WindowsEditor(7,Mehmet) [Debug] 1 [PackageName] WindowsEditor [ProjectName] Editor" joined multi-casting on [225.0.0.222:54997]...

Player connection [22068] Host "[IP] 192.168.56.1 [Port] 0 [Flags] 2 [Guid] 4276007951 [EditorId] 4276007951 [Version] 1048832 [Id] WindowsEditor(7,Mehmet) [Debug] 1 [PackageName] WindowsEditor [ProjectName] Editor" joined alternative multi-casting on [225.0.0.222:34997]...

Refreshing native plugins compatible for Editor in 94.10 ms, found 3 plugins.
Preloading 0 native plugins for Editor in 0.00 ms.
Initialize engine version: 2021.3.19f1 (c9714fde33b6)
[Subsystems] Discovering subsystems at path D:/editor/2021.3.19f1/Editor/Data/Resources/UnitySubsystems
[Subsystems] Discovering subsystems at path C:/Users/MehmetEmin/Desktop/bitirmedeneme/bitirme-projemiz/Assets
GfxDevice: creating device client; threaded=0; jobified=0
Direct3D:
    Version:  Direct3D 11.0 [level 11.1]
    Renderer: NVIDIA GeForce RTX 3060 Laptop GPU (ID=0x2520)
    Vendor:   NVIDIA
    VRAM:     6009 MB
    Driver:   31.0.15.3179
Shader 'WFX/Transparent Diffuse': fallback shader 'Particles/Alpha Blended' not found
Shader 'WFX/Transparent Specular': fallback shader 'Particles/Alpha Blended' not found
Initialize mono
Mono path[0] = 'D:/editor/2021.3.19f1/Editor/Data/Managed'
Mono path[1] = 'D:/editor/2021.3.19f1/Editor/Data/MonoBleedingEdge/lib/mono/unityjit-win32'
Mono config path = 'D:/editor/2021.3.19f1/Editor/Data/MonoBleedingEdge/etc'
Using monoOptions --debugger-agent=transport=dt_socket,embedding=1,server=y,suspend=n,address=127.0.0.1:56924
Begin MonoManager ReloadAssembly
Registering precompiled unity dll's ...
Register platform support module: D:/editor/2021.3.19f1/Editor/Data/PlaybackEngines/WebGLSupport/UnityEditor.WebGL.Extensions.dll
Register platform support module: D:/editor/2021.3.19f1/Editor/Data/PlaybackEngines/AndroidPlayer/UnityEditor.Android.Extensions.dll
Register platform support module: D:/editor/2021.3.19f1/Editor/Data/PlaybackEngines/iOSSupport/UnityEditor.iOS.Extensions.dll
Register platform support module: D:/editor/2021.3.19f1/Editor/Data/PlaybackEngines/WindowsStandaloneSupport/UnityEditor.WindowsStandalone.Extensions.dll
Register platform support module: D:/editor/2021.3.19f1/Editor/Data/PlaybackEngines/MetroSupport/UnityEditor.UWP.Extensions.dll
Registered in 0.003517 seconds.
Native extension for UWP target not found
Native extension for WindowsStandalone target not found
[usbmuxd] Start listen thread
[usbmuxd] Listen thread started
Native extension for iOS target not found
Native extension for Android target not found
Android Extension - Scanning For ADB Devices 352 ms
Native extension for WebGL target not found
Refreshing native plugins compatible for Editor in 80.58 ms, found 3 plugins.
Preloading 0 native plugins for Editor in 0.00 ms.
Mono: successfully reloaded assembly
- Completed reload, in  1.259 seconds
Domain Reload Profiling:
	ReloadAssembly (1259ms)
		BeginReloadAssembly (62ms)
			ExecutionOrderSort (0ms)
			DisableScriptedObjects (0ms)
			BackupInstance (0ms)
			ReleaseScriptingObjects (0ms)
			CreateAndSetChildDomain (1ms)
		EndReloadAssembly (994ms)
			LoadAssemblies (63ms)
			RebuildTransferFunctionScriptingTraits (0ms)
			SetupTypeCache (255ms)
			ReleaseScriptCaches (0ms)
			RebuildScriptCaches (29ms)
			SetupLoadedEditorAssemblies (664ms)
				LogAssemblyErrors (0ms)
				InitializePlatformSupportModulesInManaged (455ms)
				SetLoadedEditorAssemblies (0ms)
				RefreshPlugins (81ms)
				BeforeProcessingInitializeOnLoad (1ms)
				ProcessInitializeOnLoadAttributes (84ms)
				ProcessInitializeOnLoadMethodAttributes (43ms)
				AfterProcessingInitializeOnLoad (0ms)
				EditorAssembliesLoaded (0ms)
			ExecutionOrderSort2 (0ms)
			AwakeInstancesAfterBackupRestoration (0ms)
Platform modules already initialized, skipping
Registering precompiled user dll's ...
Registered in 0.005967 seconds.
Begin MonoManager ReloadAssembly
Symbol file LoadedFromMemory doesn't match image C:\Users\MehmetEmin\Desktop\bitirmedeneme\bitirme-projemiz\Library\PackageCache\com.unity.visualscripting@1.8.0\Editor\VisualScripting.Core\Dependencies\YamlDotNet\Unity.VisualScripting.YamlDotNet.dll
Symbol file LoadedFromMemory doesn't match image C:\Users\MehmetEmin\Desktop\bitirmedeneme\bitirme-projemiz\Library\PackageCache\com.unity.visualscripting@1.8.0\Editor\VisualScripting.Core\Dependencies\DotNetZip\Unity.VisualScripting.IonicZip.dll
Native extension for UWP target not found
Native extension for WindowsStandalone target not found
Native extension for iOS target not found
Native extension for Android target not found
Native extension for WebGL target not found
Refreshing native plugins compatible for Editor in 0.71 ms, found 3 plugins.
Preloading 0 native plugins for Editor in 0.00 ms.
Mono: successfully reloaded assembly
- Completed reload, in  1.160 seconds
Domain Reload Profiling:
	ReloadAssembly (1160ms)
		BeginReloadAssembly (93ms)
			ExecutionOrderSort (0ms)
			DisableScriptedObjects (5ms)
			BackupInstance (0ms)
			ReleaseScriptingObjects (0ms)
			CreateAndSetChildDomain (18ms)
		EndReloadAssembly (969ms)
			LoadAssemblies (65ms)
			RebuildTransferFunctionScriptingTraits (0ms)
			SetupTypeCache (317ms)
			ReleaseScriptCaches (1ms)
			RebuildScriptCaches (61ms)
			SetupLoadedEditorAssemblies (477ms)
				LogAssemblyErrors (0ms)
				InitializePlatformSupportModulesInManaged (24ms)
				SetLoadedEditorAssemblies (0ms)
				RefreshPlugins (1ms)
				BeforeProcessingInitializeOnLoad (77ms)
				ProcessInitializeOnLoadAttributes (356ms)
				ProcessInitializeOnLoadMethodAttributes (16ms)
				AfterProcessingInitializeOnLoad (2ms)
				EditorAssembliesLoaded (0ms)
			ExecutionOrderSort2 (0ms)
			AwakeInstancesAfterBackupRestoration (7ms)
Platform modules already initialized, skipping
========================================================================
Worker process is ready to serve import requests
Shader 'WFX/Transparent Specular': fallback shader 'Particles/Alpha Blended' not found
Shader 'WFX/Transparent Diffuse': fallback shader 'Particles/Alpha Blended' not found
Launched and connected shader compiler UnityShaderCompiler.exe after 0.08 seconds
Refreshing native plugins compatible for Editor in 0.65 ms, found 3 plugins.
Preloading 0 native plugins for Editor in 0.00 ms.
Unloading 3155 Unused Serialized files (Serialized files now loaded: 0)
Unloading 22 unused Assets / (56.4 KB). Loaded Objects now: 3639.
Memory consumption went from 124.6 MB to 124.5 MB.
Total: 3.562100 ms (FindLiveObjects: 0.359500 ms CreateObjectMapping: 0.215200 ms MarkObjects: 2.890200 ms  DeleteObjects: 0.096400 ms)

AssetImportParameters requested are different than current active one (requested -> active):
  custom:video-decoder-ogg-theora: a1e56fd34408186e4bbccfd4996cb3dc -> 
  custom:container-muxer-webm: aa71ff27fc2769a1b78a27578f13a17b -> 
  custom:container-demuxer-webm: 4f35f7cbe854078d1ac9338744f61a02 -> 
  custom:video-encoder-webm-vp8: eb34c28f22e8b96e1ab97ce403110664 -> 
  custom:audio-encoder-webm-vorbis: bf7c407c2cedff20999df2af8eb42d56 -> 
  custom:framework-win-MediaFoundation: 216162199b28c13a410421893ffa2e32 -> 
  custom:container-demuxer-ogg: 62fdf1f143b41e24485cea50d1cbac27 -> 
  custom:video-decoder-webm-vp8: 9c59270c3fd7afecdb556c50c9e8de78 -> 
  custom:audio-decoder-ogg-vorbis: bf7c407c2cedff20999df2af8eb42d56 -> 
========================================================================
Received Import Request.
  Time since last request: 784111.277357 seconds.
  path: Assets/Models/PolygonZombies/Models/Deneme 1.mat
  artifactKey: Guid(a84eeaf27c2122f448bb4e5b540dbac8) Importer(815301076,1909f56bfc062723c751e8b465ee728b)
Start importing Assets/Models/PolygonZombies/Models/Deneme 1.mat using Guid(a84eeaf27c2122f448bb4e5b540dbac8) Importer(815301076,1909f56bfc062723c751e8b465ee728b)  -> (artifact id: '8a915ee107480fd30e292af1942d64bf') in 0.139113 seconds 
========================================================================
Received Import Request.
  Time since last request: 25.205419 seconds.
  path: Assets/Models/JMO Assets
  artifactKey: Guid(476e36a0aa54c3344b397f4efbe9563c) Importer(815301076,1909f56bfc062723c751e8b465ee728b)
Start importing Assets/Models/JMO Assets using Guid(476e36a0aa54c3344b397f4efbe9563c) Importer(815301076,1909f56bfc062723c751e8b465ee728b)  -> (artifact id: 'd5fe6c04d8ffa40c53f61a477f42527f') in 0.007876 seconds 
========================================================================
Received Import Request.
  Time since last request: 10.127135 seconds.
  path: Assets/Models/LowPolyBarriersPackFree/BarriersAssets/Prefabs/MetalBarriers
  artifactKey: Guid(c2458e78c9fcc8c4ea2cee9e21143c43) Importer(815301076,1909f56bfc062723c751e8b465ee728b)
Start importing Assets/Models/LowPolyBarriersPackFree/BarriersAssets/Prefabs/MetalBarriers using Guid(c2458e78c9fcc8c4ea2cee9e21143c43) Importer(815301076,1909f56bfc062723c751e8b465ee728b)  -> (artifact id: 'd34b7675c6bc95541ab448bb9ba2c21c') in 0.008776 seconds 
========================================================================
Received Import Request.
  Time since last request: 0.038304 seconds.
  path: Assets/Models/LowPolyBarriersPackFree/BarriersAssets/Prefabs/MetalBarriers/MetalBarrier_06_v2.prefab
  artifactKey: Guid(afc561f13a5ea0346867dabaab718d45) Importer(815301076,1909f56bfc062723c751e8b465ee728b)
Start importing Assets/Models/LowPolyBarriersPackFree/BarriersAssets/Prefabs/MetalBarriers/MetalBarrier_06_v2.prefab using Guid(afc561f13a5ea0346867dabaab718d45) Importer(815301076,1909f56bfc062723c751e8b465ee728b)  -> (artifact id: '98b180758ca1a82371262ca4e04941e8') in 0.045932 seconds 
========================================================================
Received Import Request.
  Time since last request: 7.411923 seconds.
  path: Assets/Models/LowPolyWeapons_LITE/Models
  artifactKey: Guid(e0d250a05f29ec143bbfe598a22b1835) Importer(815301076,1909f56bfc062723c751e8b465ee728b)
Start importing Assets/Models/LowPolyWeapons_LITE/Models using Guid(e0d250a05f29ec143bbfe598a22b1835) Importer(815301076,1909f56bfc062723c751e8b465ee728b)  -> (artifact id: '12dafed8ff217c8b4fd631e63e04c82c') in 0.013278 seconds 
========================================================================
Received Import Request.
  Time since last request: 0.042476 seconds.
  path: Assets/Models/LowPolyWeapons_LITE/Models/Knife_01.fbx
  artifactKey: Guid(3001fce537b8d934e8cc9f2385533f05) Importer(815301076,1909f56bfc062723c751e8b465ee728b)
Start importing Assets/Models/LowPolyWeapons_LITE/Models/Knife_01.fbx using Guid(3001fce537b8d934e8cc9f2385533f05) Importer(815301076,1909f56bfc062723c751e8b465ee728b)  -> (artifact id: '1fb960a84f4ee4dee1e1ea5a319e7f6e') in 0.094522 seconds 
========================================================================
Received Import Request.
  Time since last request: 4.939335 seconds.
  path: Assets/Models/material/durdurma.png
  artifactKey: Guid(a87b0de3db1ff9b4da89947048ccf37c) Importer(815301076,1909f56bfc062723c751e8b465ee728b)
Start importing Assets/Models/material/durdurma.png using Guid(a87b0de3db1ff9b4da89947048ccf37c) Importer(815301076,1909f56bfc062723c751e8b465ee728b)  -> (artifact id: '2fe4a52367950bb53542b20024787af3') in 0.041710 seconds 
========================================================================
Received Import Request.
  Time since last request: 4.620696 seconds.
  path: Assets/Models/Park Assets/Models
  artifactKey: Guid(23baee1b4e4b31f488fa27c89270fac9) Importer(815301076,1909f56bfc062723c751e8b465ee728b)
Start importing Assets/Models/Park Assets/Models using Guid(23baee1b4e4b31f488fa27c89270fac9) Importer(815301076,1909f56bfc062723c751e8b465ee728b)  -> (artifact id: '03127abc0b22d6f198d5ec3e861236c6') in 0.002744 seconds 
========================================================================
Received Import Request.
  Time since last request: 0.041526 seconds.
  path: Assets/Models/Park Assets/Models/Hill_01.fbx
  artifactKey: Guid(d5bc75c3e8fd6f74797ce7837813f31a) Importer(815301076,1909f56bfc062723c751e8b465ee728b)
Start importing Assets/Models/Park Assets/Models/Hill_01.fbx using Guid(d5bc75c3e8fd6f74797ce7837813f31a) Importer(815301076,1909f56bfc062723c751e8b465ee728b)  -> (artifact id: '79046c8efe478da666eb5b8f31a66506') in 0.028403 seconds 
========================================================================
Received Import Request.
  Time since last request: 0.000019 seconds.
  path: Assets/Models/Park Assets/Models/Stone_Path_EdgePiece2.fbx
  artifactKey: Guid(bbe04970bb9d1774aa834e9af4a60b38) Importer(815301076,1909f56bfc062723c751e8b465ee728b)
Start importing Assets/Models/Park Assets/Models/Stone_Path_EdgePiece2.fbx using Guid(bbe04970bb9d1774aa834e9af4a60b38) Importer(815301076,1909f56bfc062723c751e8b465ee728b)  -> (artifact id: '96e54e697cbd7b97ea2f97f269c07b03') in 0.025427 seconds 
========================================================================
Received Import Request.
  Time since last request: 0.000019 seconds.
  path: Assets/Models/Park Assets/Models/Stone_Path_Bank.fbx
  artifactKey: Guid(8171e3b3272507049b22f3076cd1518f) Importer(815301076,1909f56bfc062723c751e8b465ee728b)
Start importing Assets/Models/Park Assets/Models/Stone_Path_Bank.fbx using Guid(8171e3b3272507049b22f3076cd1518f) Importer(815301076,1909f56bfc062723c751e8b465ee728b)  -> (artifact id: '9226695d8ffc159e6ff7ad0fddc08802') in 0.023277 seconds 
========================================================================
Received Import Request.
  Time since last request: 4.882229 seconds.
  path: Assets/Models/Park Assets/Prefab
  artifactKey: Guid(e5e86cc114eede54587044f245f605e0) Importer(815301076,1909f56bfc062723c751e8b465ee728b)
Start importing Assets/Models/Park Assets/Prefab using Guid(e5e86cc114eede54587044f245f605e0) Importer(815301076,1909f56bfc062723c751e8b465ee728b)  -> (artifact id: 'acad03717d54e3c2fce548e464f31681') in 0.007853 seconds 
========================================================================
Received Import Request.
  Time since last request: 0.054016 seconds.
  path: Assets/Models/Park Assets/Prefab/Flower Box.prefab
  artifactKey: Guid(6e6cad4759f15bd48b12cedb96e4c40e) Importer(815301076,1909f56bfc062723c751e8b465ee728b)
Start importing Assets/Models/Park Assets/Prefab/Flower Box.prefab using Guid(6e6cad4759f15bd48b12cedb96e4c40e) Importer(815301076,1909f56bfc062723c751e8b465ee728b)  -> (artifact id: 'f3cfbc343b9542ceece1d975866afb47') in 0.015658 seconds 
========================================================================
Received Import Request.
  Time since last request: 0.000018 seconds.
  path: Assets/Models/Park Assets/Prefab/Grass_01.prefab
  artifactKey: Guid(b5ce2da01dc06ad42b537d328b606c13) Importer(815301076,1909f56bfc062723c751e8b465ee728b)
Start importing Assets/Models/Park Assets/Prefab/Grass_01.prefab using Guid(b5ce2da01dc06ad42b537d328b606c13) Importer(815301076,1909f56bfc062723c751e8b465ee728b)  -> (artifact id: '8636d8dbdab01a2897d7e0e34d26a90f') in 0.021695 seconds 
========================================================================
Received Import Request.
  Time since last request: 0.000024 seconds.
  path: Assets/Models/Park Assets/Prefab/Stone1.prefab
  artifactKey: Guid(fd7967a473bbbca4a83cf83b44fb7bb6) Importer(815301076,1909f56bfc062723c751e8b465ee728b)
Start importing Assets/Models/Park Assets/Prefab/Stone1.prefab using Guid(fd7967a473bbbca4a83cf83b44fb7bb6) Importer(815301076,1909f56bfc062723c751e8b465ee728b)  -> (artifact id: '6ecebf0964b5d09faa9ef6d01f1e5684') in 0.019734 seconds 
========================================================================
Received Import Request.
  Time since last request: 0.000020 seconds.
  path: Assets/Models/Park Assets/Prefab/Stone_Path_Straight.prefab
  artifactKey: Guid(2294ac72b60f4da46974d1f746b56439) Importer(815301076,1909f56bfc062723c751e8b465ee728b)
Start importing Assets/Models/Park Assets/Prefab/Stone_Path_Straight.prefab using Guid(2294ac72b60f4da46974d1f746b56439) Importer(815301076,1909f56bfc062723c751e8b465ee728b)  -> (artifact id: '68bd16faf4648cac1812355ca53119ca') in 0.018417 seconds 
========================================================================
Received Import Request.
  Time since last request: 0.000026 seconds.
  path: Assets/Models/Park Assets/Prefab/Stone_Path_EdgePiece.prefab
  artifactKey: Guid(c6e854f638107994fb7fcaf03c48c38e) Importer(815301076,1909f56bfc062723c751e8b465ee728b)
Start importing Assets/Models/Park Assets/Prefab/Stone_Path_EdgePiece.prefab using Guid(c6e854f638107994fb7fcaf03c48c38e) Importer(815301076,1909f56bfc062723c751e8b465ee728b)  -> (artifact id: '52fb86f12de4f782b6ffff9bc3edfad3') in 0.029938 seconds 
========================================================================
Received Import Request.
  Time since last request: 12.885777 seconds.
  path: Assets/Models/Simple Vehicle Pack/Models
  artifactKey: Guid(997e59417d7a8374583de63ee487f087) Importer(815301076,1909f56bfc062723c751e8b465ee728b)
Start importing Assets/Models/Simple Vehicle Pack/Models using Guid(997e59417d7a8374583de63ee487f087) Importer(815301076,1909f56bfc062723c751e8b465ee728b)  -> (artifact id: 'ddd3bbf4b1b16b99d8daac4eb74c3b72') in 0.007027 seconds 
========================================================================
Received Import Request.
  Time since last request: 0.026354 seconds.
  path: Assets/Models/Simple Vehicle Pack/Models/police_car.FBX
  artifactKey: Guid(442255f864e16934790fbb3b49639885) Importer(815301076,1909f56bfc062723c751e8b465ee728b)
Start importing Assets/Models/Simple Vehicle Pack/Models/police_car.FBX using Guid(442255f864e16934790fbb3b49639885) Importer(815301076,1909f56bfc062723c751e8b465ee728b)  -> (artifact id: 'd5e51cd781d2cbc28226f32bb9a26d99') in 0.076073 seconds 
========================================================================
Received Import Request.
  Time since last request: 12.691600 seconds.
  path: Assets/d
  artifactKey: Guid(24212470f4154f74cb01502a635a5e0f) Importer(815301076,1909f56bfc062723c751e8b465ee728b)
Start importing Assets/d using Guid(24212470f4154f74cb01502a635a5e0f) Importer(815301076,1909f56bfc062723c751e8b465ee728b)  -> (artifact id: 'dbded251e1a56f60469860afef4a9804') in 0.014000 seconds 
========================================================================
Received Import Request.
  Time since last request: 0.025410 seconds.
  path: Assets/d/Mutant Walking Variant.prefab
  artifactKey: Guid(a7b5992c212b8864b9e5b0bddb0dd2ce) Importer(815301076,1909f56bfc062723c751e8b465ee728b)
Start importing Assets/d/Mutant Walking Variant.prefab using Guid(a7b5992c212b8864b9e5b0bddb0dd2ce) Importer(815301076,1909f56bfc062723c751e8b465ee728b)  -> (artifact id: '2d802f94c4ae5214b4a809cf9a389f9d') in 0.174270 seconds 
========================================================================
Received Import Request.
  Time since last request: 2.124284 seconds.
  path: Assets/Gold_Coin
  artifactKey: Guid(0bcd3243590a8284eac3de9fa0f42499) Importer(815301076,1909f56bfc062723c751e8b465ee728b)
Start importing Assets/Gold_Coin using Guid(0bcd3243590a8284eac3de9fa0f42499) Importer(815301076,1909f56bfc062723c751e8b465ee728b)  -> (artifact id: '19dc9358915a470b2333f4c23366303c') in 0.008020 seconds 
========================================================================
Received Import Request.
  Time since last request: 1.308478 seconds.
  path: Assets/iconlar
  artifactKey: Guid(e5419211572546e40997bbc102d2072f) Importer(815301076,1909f56bfc062723c751e8b465ee728b)
Start importing Assets/iconlar using Guid(e5419211572546e40997bbc102d2072f) Importer(815301076,1909f56bfc062723c751e8b465ee728b)  -> (artifact id: '6f11972e9fc0cd67d86137d125050145') in 0.008804 seconds 
========================================================================
Received Import Request.
  Time since last request: 0.043253 seconds.
  path: Assets/iconlar/background.png
  artifactKey: Guid(a093780a76b8e8c4c8b121e123d21a82) Importer(815301076,1909f56bfc062723c751e8b465ee728b)
Start importing Assets/iconlar/background.png using Guid(a093780a76b8e8c4c8b121e123d21a82) Importer(815301076,1909f56bfc062723c751e8b465ee728b)  -> (artifact id: 'd7009b8320d9646499f45baaf189c97a') in 0.143284 seconds 
========================================================================
Received Import Request.
  Time since last request: 1.209750 seconds.
  path: Assets/animations/Jump Attack.fbx
  artifactKey: Guid(36d04a3f80a6e6445aed14975321819a) Importer(815301076,1909f56bfc062723c751e8b465ee728b)
Start importing Assets/animations/Jump Attack.fbx using Guid(36d04a3f80a6e6445aed14975321819a) Importer(815301076,1909f56bfc062723c751e8b465ee728b)  -> (artifact id: 'e9eb64ca49213ed8dc79458bae5e14de') in 0.071104 seconds 
Editor requested this worker to shutdown with reason: Scaling down because of idle timeout
AssetImportWorker is now disconnected from the server
Process exiting
Exiting without the bug reporter. Application will terminate with return code 0